{"total": {"lines":{"total":1984,"covered":1385,"skipped":0,"pct":69.81},"statements":{"total":2014,"covered":1409,"skipped":0,"pct":69.96},"functions":{"total":455,"covered":266,"skipped":0,"pct":58.46},"branches":{"total":669,"covered":403,"skipped":0,"pct":60.24}}
,"/alt/src.d/nf2/admin/admin-client/src/components/core/ListManager.vue": {"lines":{"total":15,"covered":7,"skipped":0,"pct":46.67},"functions":{"total":0,"covered":0,"skipped":0,"pct":100},"statements":{"total":15,"covered":7,"skipped":0,"pct":46.67},"branches":{"total":16,"covered":7,"skipped":0,"pct":43.75}}
,"/alt/src.d/nf2/admin/admin-client/src/components/core/ListManagerList.vue": {"lines":{"total":90,"covered":35,"skipped":0,"pct":38.89},"functions":{"total":8,"covered":1,"skipped":0,"pct":12.5},"statements":{"total":90,"covered":35,"skipped":0,"pct":38.89},"branches":{"total":54,"covered":23,"skipped":0,"pct":42.59}}
,"/alt/src.d/nf2/admin/admin-client/src/components/core/SimpleDateRange.vue": {"lines":{"total":14,"covered":14,"skipped":0,"pct":100},"functions":{"total":2,"covered":2,"skipped":0,"pct":100},"statements":{"total":14,"covered":14,"skipped":0,"pct":100},"branches":{"total":4,"covered":3,"skipped":0,"pct":75}}
,"/alt/src.d/nf2/admin/admin-client/src/components/core/SimpleDropdown.vue": {"lines":{"total":10,"covered":4,"skipped":0,"pct":40},"functions":{"total":2,"covered":1,"skipped":0,"pct":50},"statements":{"total":10,"covered":4,"skipped":0,"pct":40},"branches":{"total":8,"covered":0,"skipped":0,"pct":0}}
,"/alt/src.d/nf2/admin/admin-client/src/components/core/SimpleExpandable.vue": {"lines":{"total":2,"covered":2,"skipped":0,"pct":100},"functions":{"total":0,"covered":0,"skipped":0,"pct":100},"statements":{"total":2,"covered":2,"skipped":0,"pct":100},"branches":{"total":0,"covered":0,"skipped":0,"pct":100}}
,"/alt/src.d/nf2/admin/admin-client/src/components/core/SimpleModal.vue": {"lines":{"total":18,"covered":14,"skipped":0,"pct":77.78},"functions":{"total":2,"covered":2,"skipped":0,"pct":100},"statements":{"total":18,"covered":14,"skipped":0,"pct":77.78},"branches":{"total":8,"covered":6,"skipped":0,"pct":75}}
,"/alt/src.d/nf2/admin/admin-client/src/components/core/SimplePager.vue": {"lines":{"total":53,"covered":37,"skipped":0,"pct":69.81},"functions":{"total":2,"covered":0,"skipped":0,"pct":0},"statements":{"total":53,"covered":37,"skipped":0,"pct":69.81},"branches":{"total":25,"covered":13,"skipped":0,"pct":52}}
,"/alt/src.d/nf2/admin/admin-client/src/components/core/SimpleTable.vue": {"lines":{"total":30,"covered":18,"skipped":0,"pct":60},"functions":{"total":4,"covered":1,"skipped":0,"pct":25},"statements":{"total":30,"covered":18,"skipped":0,"pct":60},"branches":{"total":14,"covered":7,"skipped":0,"pct":50}}
,"/alt/src.d/nf2/admin/admin-client/src/components/core/editors/SimpleNumberEditor.vue": {"lines":{"total":25,"covered":15,"skipped":0,"pct":60},"functions":{"total":2,"covered":1,"skipped":0,"pct":50},"statements":{"total":25,"covered":15,"skipped":0,"pct":60},"branches":{"total":11,"covered":5,"skipped":0,"pct":45.45}}
,"/alt/src.d/nf2/admin/admin-client/src/components/core/editors/SimpleSelectionEditor.vue": {"lines":{"total":2,"covered":1,"skipped":0,"pct":50},"functions":{"total":0,"covered":0,"skipped":0,"pct":100},"statements":{"total":2,"covered":1,"skipped":0,"pct":50},"branches":{"total":0,"covered":0,"skipped":0,"pct":100}}
,"/alt/src.d/nf2/admin/admin-client/src/components/core/editors/SimpleTextEditor.vue": {"lines":{"total":26,"covered":16,"skipped":0,"pct":61.54},"functions":{"total":2,"covered":1,"skipped":0,"pct":50},"statements":{"total":26,"covered":16,"skipped":0,"pct":61.54},"branches":{"total":13,"covered":6,"skipped":0,"pct":46.15}}
,"/alt/src.d/nf2/admin/admin-client/src/components/global/SimplePopover.vue": {"lines":{"total":10,"covered":10,"skipped":0,"pct":100},"functions":{"total":6,"covered":6,"skipped":0,"pct":100},"statements":{"total":10,"covered":10,"skipped":0,"pct":100},"branches":{"total":2,"covered":2,"skipped":0,"pct":100}}
,"/alt/src.d/nf2/admin/admin-client/src/components/global/layout/NavMenu.vue": {"lines":{"total":23,"covered":18,"skipped":0,"pct":78.26},"functions":{"total":3,"covered":2,"skipped":0,"pct":66.67},"statements":{"total":23,"covered":18,"skipped":0,"pct":78.26},"branches":{"total":22,"covered":16,"skipped":0,"pct":72.73}}
,"/alt/src.d/nf2/admin/admin-client/src/components/global/layout/PageContent.vue": {"lines":{"total":2,"covered":2,"skipped":0,"pct":100},"functions":{"total":0,"covered":0,"skipped":0,"pct":100},"statements":{"total":2,"covered":2,"skipped":0,"pct":100},"branches":{"total":2,"covered":1,"skipped":0,"pct":50}}
,"/alt/src.d/nf2/admin/admin-client/src/components/global/layout/PageHeader.vue": {"lines":{"total":5,"covered":5,"skipped":0,"pct":100},"functions":{"total":0,"covered":0,"skipped":0,"pct":100},"statements":{"total":5,"covered":5,"skipped":0,"pct":100},"branches":{"total":5,"covered":4,"skipped":0,"pct":80}}
,"/alt/src.d/nf2/admin/admin-client/src/components/global/layout/PageLayout.vue": {"lines":{"total":1,"covered":1,"skipped":0,"pct":100},"functions":{"total":0,"covered":0,"skipped":0,"pct":100},"statements":{"total":1,"covered":1,"skipped":0,"pct":100},"branches":{"total":0,"covered":0,"skipped":0,"pct":100}}
,"/alt/src.d/nf2/admin/admin-client/src/components/global/layout/ThreeColumnsLayout.vue": {"lines":{"total":1,"covered":1,"skipped":0,"pct":100},"functions":{"total":0,"covered":0,"skipped":0,"pct":100},"statements":{"total":1,"covered":1,"skipped":0,"pct":100},"branches":{"total":0,"covered":0,"skipped":0,"pct":100}}
,"/alt/src.d/nf2/admin/admin-client/src/components/global/layout/TwoColumnsLayout.vue": {"lines":{"total":1,"covered":1,"skipped":0,"pct":100},"functions":{"total":0,"covered":0,"skipped":0,"pct":100},"statements":{"total":1,"covered":1,"skipped":0,"pct":100},"branches":{"total":0,"covered":0,"skipped":0,"pct":100}}
,"/alt/src.d/nf2/admin/admin-client/src/components/global/ui/CustomSvgIcon.vue": {"lines":{"total":9,"covered":9,"skipped":0,"pct":100},"functions":{"total":0,"covered":0,"skipped":0,"pct":100},"statements":{"total":9,"covered":9,"skipped":0,"pct":100},"branches":{"total":6,"covered":3,"skipped":0,"pct":50}}
,"/alt/src.d/nf2/admin/admin-client/src/components/global/ui/DebugMessage.vue": {"lines":{"total":1,"covered":1,"skipped":0,"pct":100},"functions":{"total":0,"covered":0,"skipped":0,"pct":100},"statements":{"total":1,"covered":1,"skipped":0,"pct":100},"branches":{"total":0,"covered":0,"skipped":0,"pct":100}}
,"/alt/src.d/nf2/admin/admin-client/src/components/layout/MultipleImportSummary.vue": {"lines":{"total":2,"covered":1,"skipped":0,"pct":50},"functions":{"total":0,"covered":0,"skipped":0,"pct":100},"statements":{"total":2,"covered":1,"skipped":0,"pct":50},"branches":{"total":2,"covered":0,"skipped":0,"pct":0}}
,"/alt/src.d/nf2/admin/admin-client/src/components/layout/ParentPage.vue": {"lines":{"total":1,"covered":1,"skipped":0,"pct":100},"functions":{"total":0,"covered":0,"skipped":0,"pct":100},"statements":{"total":1,"covered":1,"skipped":0,"pct":100},"branches":{"total":0,"covered":0,"skipped":0,"pct":100}}
,"/alt/src.d/nf2/admin/admin-client/src/components/util/LoadingIndicator.vue": {"lines":{"total":3,"covered":3,"skipped":0,"pct":100},"functions":{"total":0,"covered":0,"skipped":0,"pct":100},"statements":{"total":3,"covered":3,"skipped":0,"pct":100},"branches":{"total":0,"covered":0,"skipped":0,"pct":100}}
,"/alt/src.d/nf2/admin/admin-client/src/components/util/ToggleAccordions.vue": {"lines":{"total":11,"covered":1,"skipped":0,"pct":9.09},"functions":{"total":1,"covered":0,"skipped":0,"pct":0},"statements":{"total":11,"covered":1,"skipped":0,"pct":9.09},"branches":{"total":10,"covered":0,"skipped":0,"pct":0}}
,"/alt/src.d/nf2/admin/admin-client/src/components/util/ValidationErrorList.vue": {"lines":{"total":1,"covered":1,"skipped":0,"pct":100},"functions":{"total":0,"covered":0,"skipped":0,"pct":100},"statements":{"total":1,"covered":1,"skipped":0,"pct":100},"branches":{"total":0,"covered":0,"skipped":0,"pct":100}}
,"/alt/src.d/nf2/admin/admin-client/src/services/AdminClient.ts": {"lines":{"total":19,"covered":3,"skipped":0,"pct":15.79},"functions":{"total":4,"covered":1,"skipped":0,"pct":25},"statements":{"total":19,"covered":3,"skipped":0,"pct":15.79},"branches":{"total":4,"covered":0,"skipped":0,"pct":0}}
,"/alt/src.d/nf2/admin/admin-client/src/services/Client.ts": {"lines":{"total":8,"covered":5,"skipped":0,"pct":62.5},"functions":{"total":3,"covered":1,"skipped":0,"pct":33.33},"statements":{"total":8,"covered":5,"skipped":0,"pct":62.5},"branches":{"total":0,"covered":0,"skipped":0,"pct":100}}
,"/alt/src.d/nf2/admin/admin-client/src/services/CoreClient.ts": {"lines":{"total":307,"covered":33,"skipped":0,"pct":10.75},"functions":{"total":128,"covered":14,"skipped":0,"pct":10.94},"statements":{"total":309,"covered":33,"skipped":0,"pct":10.68},"branches":{"total":71,"covered":26,"skipped":0,"pct":36.62}}
,"/alt/src.d/nf2/admin/admin-client/src/services/StorageClient.ts": {"lines":{"total":27,"covered":3,"skipped":0,"pct":11.11},"functions":{"total":8,"covered":2,"skipped":0,"pct":25},"statements":{"total":27,"covered":3,"skipped":0,"pct":11.11},"branches":{"total":14,"covered":2,"skipped":0,"pct":14.29}}
,"/alt/src.d/nf2/admin/admin-client/src/store/ActionLogStore.ts": {"lines":{"total":29,"covered":29,"skipped":0,"pct":100},"functions":{"total":5,"covered":5,"skipped":0,"pct":100},"statements":{"total":29,"covered":29,"skipped":0,"pct":100},"branches":{"total":6,"covered":6,"skipped":0,"pct":100}}
,"/alt/src.d/nf2/admin/admin-client/src/store/FeaturesStore.ts": {"lines":{"total":30,"covered":29,"skipped":0,"pct":96.67},"functions":{"total":6,"covered":5,"skipped":0,"pct":83.33},"statements":{"total":30,"covered":29,"skipped":0,"pct":96.67},"branches":{"total":10,"covered":8,"skipped":0,"pct":80}}
,"/alt/src.d/nf2/admin/admin-client/src/store/GeositesStore.ts": {"lines":{"total":182,"covered":153,"skipped":0,"pct":84.07},"functions":{"total":34,"covered":24,"skipped":0,"pct":70.59},"statements":{"total":185,"covered":156,"skipped":0,"pct":84.32},"branches":{"total":66,"covered":48,"skipped":0,"pct":72.73}}
,"/alt/src.d/nf2/admin/admin-client/src/store/GroupsStore.ts": {"lines":{"total":87,"covered":85,"skipped":0,"pct":97.7},"functions":{"total":20,"covered":19,"skipped":0,"pct":95},"statements":{"total":91,"covered":89,"skipped":0,"pct":97.8},"branches":{"total":23,"covered":16,"skipped":0,"pct":69.57}}
,"/alt/src.d/nf2/admin/admin-client/src/store/LocaleStore.ts": {"lines":{"total":24,"covered":24,"skipped":0,"pct":100},"functions":{"total":5,"covered":5,"skipped":0,"pct":100},"statements":{"total":25,"covered":25,"skipped":0,"pct":100},"branches":{"total":4,"covered":4,"skipped":0,"pct":100}}
,"/alt/src.d/nf2/admin/admin-client/src/store/PermissionsStore.ts": {"lines":{"total":106,"covered":104,"skipped":0,"pct":98.11},"functions":{"total":20,"covered":20,"skipped":0,"pct":100},"statements":{"total":107,"covered":105,"skipped":0,"pct":98.13},"branches":{"total":25,"covered":22,"skipped":0,"pct":88}}
,"/alt/src.d/nf2/admin/admin-client/src/store/PersonasStore.ts": {"lines":{"total":124,"covered":123,"skipped":0,"pct":99.19},"functions":{"total":14,"covered":14,"skipped":0,"pct":100},"statements":{"total":126,"covered":125,"skipped":0,"pct":99.21},"branches":{"total":23,"covered":21,"skipped":0,"pct":91.3}}
,"/alt/src.d/nf2/admin/admin-client/src/store/QuarantinesStore.ts": {"lines":{"total":62,"covered":57,"skipped":0,"pct":91.94},"functions":{"total":7,"covered":7,"skipped":0,"pct":100},"statements":{"total":64,"covered":59,"skipped":0,"pct":92.19},"branches":{"total":15,"covered":11,"skipped":0,"pct":73.33}}
,"/alt/src.d/nf2/admin/admin-client/src/store/RoutesStore.ts": {"lines":{"total":15,"covered":15,"skipped":0,"pct":100},"functions":{"total":3,"covered":3,"skipped":0,"pct":100},"statements":{"total":16,"covered":16,"skipped":0,"pct":100},"branches":{"total":4,"covered":4,"skipped":0,"pct":100}}
,"/alt/src.d/nf2/admin/admin-client/src/store/SettingsStore.ts": {"lines":{"total":80,"covered":74,"skipped":0,"pct":92.5},"functions":{"total":16,"covered":16,"skipped":0,"pct":100},"statements":{"total":80,"covered":74,"skipped":0,"pct":92.5},"branches":{"total":30,"covered":20,"skipped":0,"pct":66.67}}
,"/alt/src.d/nf2/admin/admin-client/src/store/TenantsStore.ts": {"lines":{"total":16,"covered":16,"skipped":0,"pct":100},"functions":{"total":2,"covered":2,"skipped":0,"pct":100},"statements":{"total":16,"covered":16,"skipped":0,"pct":100},"branches":{"total":4,"covered":4,"skipped":0,"pct":100}}
,"/alt/src.d/nf2/admin/admin-client/src/store/UsersStore.ts": {"lines":{"total":176,"covered":169,"skipped":0,"pct":96.02},"functions":{"total":33,"covered":31,"skipped":0,"pct":93.94},"statements":{"total":182,"covered":173,"skipped":0,"pct":95.05},"branches":{"total":65,"covered":51,"skipped":0,"pct":78.46}}
,"/alt/src.d/nf2/admin/admin-client/src/store/store.ts": {"lines":{"total":15,"covered":15,"skipped":0,"pct":100},"functions":{"total":0,"covered":0,"skipped":0,"pct":100},"statements":{"total":15,"covered":15,"skipped":0,"pct":100},"branches":{"total":0,"covered":0,"skipped":0,"pct":100}}
,"/alt/src.d/nf2/admin/admin-client/src/util/CsvParser.ts": {"lines":{"total":49,"covered":31,"skipped":0,"pct":63.27},"functions":{"total":11,"covered":7,"skipped":0,"pct":63.64},"statements":{"total":49,"covered":31,"skipped":0,"pct":63.27},"branches":{"total":12,"covered":7,"skipped":0,"pct":58.33}}
,"/alt/src.d/nf2/admin/admin-client/src/util/Filters.ts": {"lines":{"total":13,"covered":0,"skipped":0,"pct":0},"functions":{"total":6,"covered":0,"skipped":0,"pct":0},"statements":{"total":13,"covered":0,"skipped":0,"pct":0},"branches":{"total":5,"covered":0,"skipped":0,"pct":0}}
,"/alt/src.d/nf2/admin/admin-client/src/util/Once.ts": {"lines":{"total":8,"covered":7,"skipped":0,"pct":87.5},"functions":{"total":2,"covered":1,"skipped":0,"pct":50},"statements":{"total":8,"covered":7,"skipped":0,"pct":87.5},"branches":{"total":4,"covered":4,"skipped":0,"pct":100}}
,"/alt/src.d/nf2/admin/admin-client/src/util/RouteHelper.ts": {"lines":{"total":4,"covered":4,"skipped":0,"pct":100},"functions":{"total":1,"covered":1,"skipped":0,"pct":100},"statements":{"total":4,"covered":4,"skipped":0,"pct":100},"branches":{"total":10,"covered":10,"skipped":0,"pct":100}}
,"/alt/src.d/nf2/admin/admin-client/src/util/Util.ts": {"lines":{"total":127,"covered":80,"skipped":0,"pct":62.99},"functions":{"total":27,"covered":17,"skipped":0,"pct":62.96},"statements":{"total":128,"covered":81,"skipped":0,"pct":63.28},"branches":{"total":54,"covered":27,"skipped":0,"pct":50}}
,"/alt/src.d/nf2/admin/admin-client/src/util/features/FeatureFlag.ts": {"lines":{"total":8,"covered":8,"skipped":0,"pct":100},"functions":{"total":3,"covered":3,"skipped":0,"pct":100},"statements":{"total":9,"covered":9,"skipped":0,"pct":100},"branches":{"total":2,"covered":2,"skipped":0,"pct":100}}
,"/alt/src.d/nf2/admin/admin-client/src/util/roles/RoleAuthorization.ts": {"lines":{"total":11,"covered":11,"skipped":0,"pct":100},"functions":{"total":4,"covered":4,"skipped":0,"pct":100},"statements":{"total":14,"covered":12,"skipped":0,"pct":85.71},"branches":{"total":10,"covered":8,"skipped":0,"pct":80}}
,"/alt/src.d/nf2/admin/admin-client/src/util/testing/FakeJQuery.ts": {"lines":{"total":11,"covered":11,"skipped":0,"pct":100},"functions":{"total":2,"covered":2,"skipped":0,"pct":100},"statements":{"total":11,"covered":11,"skipped":0,"pct":100},"branches":{"total":0,"covered":0,"skipped":0,"pct":100}}
,"/alt/src.d/nf2/admin/admin-client/src/util/testing/Gimme.ts": {"lines":{"total":71,"covered":59,"skipped":0,"pct":83.1},"functions":{"total":54,"covered":42,"skipped":0,"pct":77.78},"statements":{"total":71,"covered":59,"skipped":0,"pct":83.1},"branches":{"total":0,"covered":0,"skipped":0,"pct":100}}
,"/alt/src.d/nf2/admin/admin-client/src/util/validation/CsvValidation.ts": {"lines":{"total":19,"covered":19,"skipped":0,"pct":100},"functions":{"total":3,"covered":3,"skipped":0,"pct":100},"statements":{"total":22,"covered":22,"skipped":0,"pct":100},"branches":{"total":6,"covered":6,"skipped":0,"pct":100}}
}
