{"/alt/src.d/nf2/admin/admin-client/src/components/core/ListManager.vue": {"path":"/alt/src.d/nf2/admin/admin-client/src/components/core/ListManager.vue","statementMap":{"0":{"start":{"line":45,"column":0},"end":{"line":null,"column":-1}},"1":{"start":{"line":46,"column":0},"end":{"line":null,"column":-1}},"2":{"start":{"line":73,"column":0},"end":{"line":null,"column":-1}},"3":{"start":{"line":74,"column":0},"end":{"line":null,"column":-1}},"4":{"start":{"line":76,"column":0},"end":{"line":78,"column":0}},"5":{"start":{"line":77,"column":0},"end":{"line":null,"column":-1}},"6":{"start":{"line":83,"column":0},"end":{"line":null,"column":-1}},"7":{"start":{"line":86,"column":0},"end":{"line":null,"column":-1}},"8":{"start":{"line":91,"column":0},"end":{"line":null,"column":-1}},"9":{"start":{"line":99,"column":0},"end":{"line":null,"column":-1}}},"fnMap":{},"branchMap":{"0":{"loc":{"start":{"line":73,"column":0},"end":{"line":null,"column":-1}},"type":"binary-expr","locations":[{"start":{"line":73,"column":0},"end":{"line":null,"column":-1}},{"start":{"line":73,"column":0},"end":{"line":null,"column":-1}}]},"1":{"loc":{"start":{"line":74,"column":0},"end":{"line":null,"column":-1}},"type":"binary-expr","locations":[{"start":{"line":74,"column":0},"end":{"line":null,"column":-1}},{"start":{"line":74,"column":0},"end":{"line":null,"column":-1}}]},"2":{"loc":{"start":{"line":76,"column":0},"end":{"line":78,"column":0}},"type":"if","locations":[{"start":{"line":76,"column":0},"end":{"line":78,"column":0}},{"start":{"line":76,"column":0},"end":{"line":78,"column":0}}]},"3":{"loc":{"start":{"line":76,"column":0},"end":{"line":null,"column":-1}},"type":"binary-expr","locations":[{"start":{"line":76,"column":0},"end":{"line":null,"column":-1}},{"start":{"line":76,"column":0},"end":{"line":null,"column":-1}}]},"4":{"loc":{"start":{"line":92,"column":0},"end":{"line":null,"column":-1}},"type":"binary-expr","locations":[{"start":{"line":92,"column":0},"end":{"line":null,"column":-1}},{"start":{"line":92,"column":0},"end":{"line":null,"column":-1}}]},"5":{"loc":{"start":{"line":93,"column":0},"end":{"line":null,"column":-1}},"type":"binary-expr","locations":[{"start":{"line":93,"column":0},"end":{"line":null,"column":-1}},{"start":{"line":93,"column":0},"end":{"line":null,"column":-1}}]}},"s":{"0":2,"1":2,"2":1,"3":1,"4":1,"5":0,"6":0,"7":0,"8":1,"9":0},"f":{},"b":{"0":[1,0],"1":[1,0],"2":[0,1],"3":[1,1],"4":[1,0],"5":[1,0]}}
,"/alt/src.d/nf2/admin/admin-client/src/components/core/ListManagerList.vue": {"path":"/alt/src.d/nf2/admin/admin-client/src/components/core/ListManagerList.vue","statementMap":{"0":{"start":{"line":188,"column":0},"end":{"line":null,"column":-1}},"1":{"start":{"line":189,"column":0},"end":{"line":null,"column":-1}},"2":{"start":{"line":190,"column":0},"end":{"line":null,"column":-1}},"3":{"start":{"line":220,"column":0},"end":{"line":null,"column":-1}},"4":{"start":{"line":223,"column":0},"end":{"line":252,"column":0}},"5":{"start":{"line":225,"column":0},"end":{"line":null,"column":-1}},"6":{"start":{"line":226,"column":0},"end":{"line":null,"column":-1}},"7":{"start":{"line":228,"column":0},"end":{"line":230,"column":0}},"8":{"start":{"line":229,"column":0},"end":{"line":null,"column":-1}},"9":{"start":{"line":232,"column":0},"end":{"line":235,"column":0}},"10":{"start":{"line":245,"column":0},"end":{"line":248,"column":0}},"11":{"start":{"line":254,"column":0},"end":{"line":266,"column":0}},"12":{"start":{"line":255,"column":0},"end":{"line":258,"column":0}},"13":{"start":{"line":267,"column":0},"end":{"line":269,"column":0}},"14":{"start":{"line":268,"column":0},"end":{"line":null,"column":-1}},"15":{"start":{"line":271,"column":0},"end":{"line":null,"column":-1}},"16":{"start":{"line":279,"column":0},"end":{"line":null,"column":-1}},"17":{"start":{"line":283,"column":0},"end":{"line":288,"column":0}},"18":{"start":{"line":284,"column":0},"end":{"line":null,"column":-1}},"19":{"start":{"line":285,"column":0},"end":{"line":287,"column":0}},"20":{"start":{"line":294,"column":0},"end":{"line":null,"column":-1}},"21":{"start":{"line":296,"column":0},"end":{"line":null,"column":-1}},"22":{"start":{"line":297,"column":0},"end":{"line":null,"column":-1}},"23":{"start":{"line":299,"column":0},"end":{"line":301,"column":0}},"24":{"start":{"line":300,"column":0},"end":{"line":null,"column":-1}},"25":{"start":{"line":306,"column":0},"end":{"line":333,"column":0}},"26":{"start":{"line":307,"column":0},"end":{"line":null,"column":-1}},"27":{"start":{"line":310,"column":0},"end":{"line":327,"column":0}},"28":{"start":{"line":311,"column":0},"end":{"line":null,"column":-1}},"29":{"start":{"line":314,"column":0},"end":{"line":null,"column":-1}},"30":{"start":{"line":317,"column":0},"end":{"line":null,"column":-1}},"31":{"start":{"line":320,"column":0},"end":{"line":null,"column":-1}},"32":{"start":{"line":328,"column":0},"end":{"line":331,"column":0}},"33":{"start":{"line":330,"column":0},"end":{"line":null,"column":-1}},"34":{"start":{"line":332,"column":0},"end":{"line":null,"column":-1}},"35":{"start":{"line":334,"column":0},"end":{"line":null,"column":-1}},"36":{"start":{"line":339,"column":0},"end":{"line":null,"column":-1}},"37":{"start":{"line":362,"column":0},"end":{"line":null,"column":-1}},"38":{"start":{"line":367,"column":0},"end":{"line":null,"column":-1}},"39":{"start":{"line":369,"column":0},"end":{"line":null,"column":-1}},"40":{"start":{"line":372,"column":0},"end":{"line":null,"column":-1}},"41":{"start":{"line":375,"column":0},"end":{"line":null,"column":-1}},"42":{"start":{"line":381,"column":0},"end":{"line":null,"column":-1}},"43":{"start":{"line":383,"column":0},"end":{"line":392,"column":0}},"44":{"start":{"line":384,"column":0},"end":{"line":null,"column":-1}},"45":{"start":{"line":386,"column":0},"end":{"line":null,"column":-1}},"46":{"start":{"line":387,"column":0},"end":{"line":null,"column":-1}},"47":{"start":{"line":391,"column":0},"end":{"line":null,"column":-1}},"48":{"start":{"line":399,"column":0},"end":{"line":null,"column":-1}},"49":{"start":{"line":402,"column":0},"end":{"line":null,"column":-1}},"50":{"start":{"line":404,"column":0},"end":{"line":null,"column":-1}},"51":{"start":{"line":407,"column":0},"end":{"line":null,"column":-1}},"52":{"start":{"line":410,"column":0},"end":{"line":416,"column":0}},"53":{"start":{"line":411,"column":0},"end":{"line":null,"column":-1}},"54":{"start":{"line":415,"column":0},"end":{"line":null,"column":-1}},"55":{"start":{"line":419,"column":0},"end":{"line":423,"column":0}},"56":{"start":{"line":420,"column":0},"end":{"line":null,"column":-1}},"57":{"start":{"line":421,"column":0},"end":{"line":null,"column":-1}},"58":{"start":{"line":422,"column":0},"end":{"line":null,"column":-1}},"59":{"start":{"line":426,"column":0},"end":{"line":null,"column":-1}},"60":{"start":{"line":428,"column":0},"end":{"line":null,"column":-1}},"61":{"start":{"line":429,"column":0},"end":{"line":435,"column":0}},"62":{"start":{"line":431,"column":0},"end":{"line":null,"column":-1}},"63":{"start":{"line":434,"column":0},"end":{"line":null,"column":-1}},"64":{"start":{"line":438,"column":0},"end":{"line":445,"column":0}},"65":{"start":{"line":439,"column":0},"end":{"line":null,"column":-1}},"66":{"start":{"line":440,"column":0},"end":{"line":442,"column":0}},"67":{"start":{"line":441,"column":0},"end":{"line":null,"column":-1}},"68":{"start":{"line":444,"column":0},"end":{"line":null,"column":-1}},"69":{"start":{"line":447,"column":0},"end":{"line":null,"column":-1}},"70":{"start":{"line":451,"column":0},"end":{"line":null,"column":-1}},"71":{"start":{"line":454,"column":0},"end":{"line":null,"column":-1}},"72":{"start":{"line":456,"column":0},"end":{"line":463,"column":0}},"73":{"start":{"line":458,"column":0},"end":{"line":null,"column":-1}},"74":{"start":{"line":461,"column":0},"end":{"line":null,"column":-1}},"75":{"start":{"line":462,"column":0},"end":{"line":null,"column":-1}},"76":{"start":{"line":466,"column":0},"end":{"line":null,"column":-1}},"77":{"start":{"line":467,"column":0},"end":{"line":null,"column":-1}},"78":{"start":{"line":468,"column":0},"end":{"line":null,"column":-1}},"79":{"start":{"line":470,"column":0},"end":{"line":480,"column":0}},"80":{"start":{"line":471,"column":0},"end":{"line":474,"column":0}},"81":{"start":{"line":474,"column":0},"end":{"line":null,"column":-1}},"82":{"start":{"line":476,"column":0},"end":{"line":null,"column":-1}},"83":{"start":{"line":477,"column":0},"end":{"line":null,"column":-1}},"84":{"start":{"line":482,"column":0},"end":{"line":null,"column":-1}},"85":{"start":{"line":483,"column":0},"end":{"line":487,"column":0}},"86":{"start":{"line":484,"column":0},"end":{"line":null,"column":-1}},"87":{"start":{"line":486,"column":0},"end":{"line":null,"column":-1}},"88":{"start":{"line":490,"column":0},"end":{"line":null,"column":-1}},"89":{"start":{"line":493,"column":0},"end":{"line":null,"column":-1}},"90":{"start":{"line":494,"column":0},"end":{"line":502,"column":0}},"91":{"start":{"line":495,"column":0},"end":{"line":500,"column":0}},"92":{"start":{"line":496,"column":0},"end":{"line":null,"column":-1}},"93":{"start":{"line":498,"column":0},"end":{"line":null,"column":-1}},"94":{"start":{"line":499,"column":0},"end":{"line":null,"column":-1}},"95":{"start":{"line":501,"column":0},"end":{"line":null,"column":-1}},"96":{"start":{"line":503,"column":0},"end":{"line":null,"column":-1}},"97":{"start":{"line":504,"column":0},"end":{"line":null,"column":-1}},"98":{"start":{"line":507,"column":0},"end":{"line":518,"column":0}},"99":{"start":{"line":508,"column":0},"end":{"line":null,"column":-1}},"100":{"start":{"line":509,"column":0},"end":{"line":null,"column":-1}},"101":{"start":{"line":512,"column":0},"end":{"line":null,"column":-1}},"102":{"start":{"line":513,"column":0},"end":{"line":515,"column":0}},"103":{"start":{"line":514,"column":0},"end":{"line":null,"column":-1}},"104":{"start":{"line":517,"column":0},"end":{"line":null,"column":-1}},"105":{"start":{"line":520,"column":0},"end":{"line":null,"column":-1}}},"fnMap":{"0":{"name":"(anonymous_1)","decl":{"start":{"line":223,"column":0},"end":{"line":null,"column":-1}},"loc":{"start":{"line":223,"column":0},"end":{"line":252,"column":0}}},"1":{"name":"closeExtraContent","decl":{"start":{"line":254,"column":0},"end":{"line":null,"column":-1}},"loc":{"start":{"line":254,"column":0},"end":{"line":266,"column":0}}},"2":{"name":"(anonymous_3)","decl":{"start":{"line":267,"column":0},"end":{"line":null,"column":-1}},"loc":{"start":{"line":267,"column":0},"end":{"line":269,"column":0}}},"3":{"name":"(anonymous_4)","decl":{"start":{"line":307,"column":0},"end":{"line":null,"column":-1}},"loc":{"start":{"line":307,"column":0},"end":{"line":null,"column":-1}}},"4":{"name":"(anonymous_7)","decl":{"start":{"line":311,"column":0},"end":{"line":null,"column":-1}},"loc":{"start":{"line":311,"column":0},"end":{"line":null,"column":-1}}},"5":{"name":"(anonymous_9)","decl":{"start":{"line":314,"column":0},"end":{"line":null,"column":-1}},"loc":{"start":{"line":314,"column":0},"end":{"line":null,"column":-1}}},"6":{"name":"(anonymous_11)","decl":{"start":{"line":317,"column":0},"end":{"line":null,"column":-1}},"loc":{"start":{"line":317,"column":0},"end":{"line":null,"column":-1}}},"7":{"name":"(anonymous_12)","decl":{"start":{"line":320,"column":0},"end":{"line":null,"column":-1}},"loc":{"start":{"line":320,"column":0},"end":{"line":null,"column":-1}}},"8":{"name":"(anonymous_16)","decl":{"start":{"line":383,"column":0},"end":{"line":null,"column":-1}},"loc":{"start":{"line":383,"column":0},"end":{"line":392,"column":0}}},"9":{"name":"(anonymous_17)","decl":{"start":{"line":419,"column":0},"end":{"line":null,"column":-1}},"loc":{"start":{"line":419,"column":0},"end":{"line":423,"column":0}}},"10":{"name":"(anonymous_18)","decl":{"start":{"line":471,"column":0},"end":{"line":null,"column":-1}},"loc":{"start":{"line":474,"column":0},"end":{"line":null,"column":-1}}}},"branchMap":{"0":{"loc":{"start":{"line":228,"column":0},"end":{"line":230,"column":0}},"type":"if","locations":[{"start":{"line":228,"column":0},"end":{"line":230,"column":0}},{"start":{"line":228,"column":0},"end":{"line":230,"column":0}}]},"1":{"loc":{"start":{"line":283,"column":0},"end":{"line":288,"column":0}},"type":"if","locations":[{"start":{"line":283,"column":0},"end":{"line":288,"column":0}},{"start":{"line":283,"column":0},"end":{"line":288,"column":0}}]},"2":{"loc":{"start":{"line":296,"column":0},"end":{"line":null,"column":-1}},"type":"binary-expr","locations":[{"start":{"line":296,"column":0},"end":{"line":null,"column":-1}},{"start":{"line":296,"column":0},"end":{"line":null,"column":-1}}]},"3":{"loc":{"start":{"line":297,"column":0},"end":{"line":null,"column":-1}},"type":"binary-expr","locations":[{"start":{"line":297,"column":0},"end":{"line":null,"column":-1}},{"start":{"line":297,"column":0},"end":{"line":null,"column":-1}}]},"4":{"loc":{"start":{"line":299,"column":0},"end":{"line":301,"column":0}},"type":"if","locations":[{"start":{"line":299,"column":0},"end":{"line":301,"column":0}},{"start":{"line":299,"column":0},"end":{"line":301,"column":0}}]},"5":{"loc":{"start":{"line":299,"column":0},"end":{"line":null,"column":-1}},"type":"binary-expr","locations":[{"start":{"line":299,"column":0},"end":{"line":null,"column":-1}},{"start":{"line":299,"column":0},"end":{"line":null,"column":-1}}]},"6":{"loc":{"start":{"line":306,"column":0},"end":{"line":333,"column":0}},"type":"if","locations":[{"start":{"line":306,"column":0},"end":{"line":333,"column":0}},{"start":{"line":306,"column":0},"end":{"line":333,"column":0}}]},"7":{"loc":{"start":{"line":310,"column":0},"end":{"line":327,"column":0}},"type":"if","locations":[{"start":{"line":310,"column":0},"end":{"line":327,"column":0}},{"start":{"line":310,"column":0},"end":{"line":327,"column":0}}]},"8":{"loc":{"start":{"line":310,"column":0},"end":{"line":null,"column":-1}},"type":"binary-expr","locations":[{"start":{"line":310,"column":0},"end":{"line":null,"column":-1}},{"start":{"line":310,"column":0},"end":{"line":null,"column":-1}}]},"9":{"loc":{"start":{"line":343,"column":0},"end":{"line":null,"column":-1}},"type":"binary-expr","locations":[{"start":{"line":343,"column":0},"end":{"line":null,"column":-1}},{"start":{"line":343,"column":0},"end":{"line":null,"column":-1}}]},"10":{"loc":{"start":{"line":349,"column":0},"end":{"line":null,"column":-1}},"type":"binary-expr","locations":[{"start":{"line":349,"column":0},"end":{"line":null,"column":-1}},{"start":{"line":349,"column":0},"end":{"line":null,"column":-1}}]},"11":{"loc":{"start":{"line":362,"column":0},"end":{"line":null,"column":-1}},"type":"cond-expr","locations":[{"start":{"line":362,"column":0},"end":{"line":null,"column":-1}},{"start":{"line":362,"column":0},"end":{"line":null,"column":-1}}]},"12":{"loc":{"start":{"line":367,"column":0},"end":{"line":null,"column":-1}},"type":"cond-expr","locations":[{"start":{"line":367,"column":0},"end":{"line":null,"column":-1}},{"start":{"line":367,"column":0},"end":{"line":null,"column":-1}}]},"13":{"loc":{"start":{"line":377,"column":0},"end":{"line":null,"column":-1}},"type":"binary-expr","locations":[{"start":{"line":377,"column":0},"end":{"line":null,"column":-1}},{"start":{"line":377,"column":0},"end":{"line":null,"column":-1}}]},"14":{"loc":{"start":{"line":381,"column":0},"end":{"line":null,"column":-1}},"type":"if","locations":[{"start":{"line":381,"column":0},"end":{"line":null,"column":-1}},{"start":{"line":381,"column":0},"end":{"line":null,"column":-1}}]},"15":{"loc":{"start":{"line":384,"column":0},"end":{"line":null,"column":-1}},"type":"if","locations":[{"start":{"line":384,"column":0},"end":{"line":null,"column":-1}},{"start":{"line":384,"column":0},"end":{"line":null,"column":-1}}]},"16":{"loc":{"start":{"line":387,"column":0},"end":{"line":null,"column":-1}},"type":"binary-expr","locations":[{"start":{"line":387,"column":0},"end":{"line":null,"column":-1}},{"start":{"line":387,"column":0},"end":{"line":null,"column":-1}}]},"17":{"loc":{"start":{"line":404,"column":0},"end":{"line":null,"column":-1}},"type":"binary-expr","locations":[{"start":{"line":404,"column":0},"end":{"line":null,"column":-1}},{"start":{"line":404,"column":0},"end":{"line":null,"column":-1}}]},"18":{"loc":{"start":{"line":410,"column":0},"end":{"line":416,"column":0}},"type":"if","locations":[{"start":{"line":410,"column":0},"end":{"line":416,"column":0}},{"start":{"line":410,"column":0},"end":{"line":416,"column":0}}]},"19":{"loc":{"start":{"line":429,"column":0},"end":{"line":435,"column":0}},"type":"if","locations":[{"start":{"line":429,"column":0},"end":{"line":435,"column":0}},{"start":{"line":429,"column":0},"end":{"line":435,"column":0}}]},"20":{"loc":{"start":{"line":438,"column":0},"end":{"line":445,"column":0}},"type":"if","locations":[{"start":{"line":438,"column":0},"end":{"line":445,"column":0}},{"start":{"line":438,"column":0},"end":{"line":445,"column":0}}]},"21":{"loc":{"start":{"line":440,"column":0},"end":{"line":442,"column":0}},"type":"if","locations":[{"start":{"line":440,"column":0},"end":{"line":442,"column":0}},{"start":{"line":440,"column":0},"end":{"line":442,"column":0}}]},"22":{"loc":{"start":{"line":456,"column":0},"end":{"line":463,"column":0}},"type":"if","locations":[{"start":{"line":456,"column":0},"end":{"line":463,"column":0}},{"start":{"line":456,"column":0},"end":{"line":463,"column":0}}]},"23":{"loc":{"start":{"line":470,"column":0},"end":{"line":480,"column":0}},"type":"if","locations":[{"start":{"line":470,"column":0},"end":{"line":480,"column":0}},{"start":{"line":470,"column":0},"end":{"line":480,"column":0}}]},"24":{"loc":{"start":{"line":483,"column":0},"end":{"line":487,"column":0}},"type":"if","locations":[{"start":{"line":483,"column":0},"end":{"line":487,"column":0}},{"start":{"line":483,"column":0},"end":{"line":487,"column":0}}]},"25":{"loc":{"start":{"line":494,"column":0},"end":{"line":502,"column":0}},"type":"if","locations":[{"start":{"line":494,"column":0},"end":{"line":502,"column":0}},{"start":{"line":494,"column":0},"end":{"line":502,"column":0}}]},"26":{"loc":{"start":{"line":507,"column":0},"end":{"line":518,"column":0}},"type":"if","locations":[{"start":{"line":507,"column":0},"end":{"line":518,"column":0}},{"start":{"line":507,"column":0},"end":{"line":518,"column":0}}]},"27":{"loc":{"start":{"line":509,"column":0},"end":{"line":null,"column":-1}},"type":"binary-expr","locations":[{"start":{"line":509,"column":0},"end":{"line":null,"column":-1}},{"start":{"line":509,"column":0},"end":{"line":null,"column":-1}}]},"28":{"loc":{"start":{"line":513,"column":0},"end":{"line":515,"column":0}},"type":"if","locations":[{"start":{"line":513,"column":0},"end":{"line":515,"column":0}},{"start":{"line":513,"column":0},"end":{"line":515,"column":0}}]}},"s":{"0":3,"1":3,"2":3,"3":16,"4":8,"5":0,"6":0,"7":0,"8":0,"9":0,"10":0,"11":8,"12":0,"13":8,"14":0,"15":8,"16":3,"17":3,"18":0,"19":0,"20":8,"21":8,"22":8,"23":8,"24":0,"25":0,"26":0,"27":0,"28":0,"29":0,"30":0,"31":0,"32":0,"33":0,"34":0,"35":0,"36":8,"37":8,"38":8,"39":8,"40":8,"41":10,"42":10,"43":10,"44":112,"45":14,"46":14,"47":14,"48":0,"49":58,"50":58,"51":0,"52":116,"53":0,"54":116,"55":1,"56":0,"57":0,"58":0,"59":0,"60":0,"61":0,"62":0,"63":0,"64":110,"65":0,"66":0,"67":0,"68":0,"69":110,"70":58,"71":0,"72":0,"73":0,"74":0,"75":0,"76":0,"77":0,"78":0,"79":0,"80":0,"81":0,"82":0,"83":0,"84":0,"85":0,"86":0,"87":0,"88":0,"89":0,"90":0,"91":0,"92":0,"93":0,"94":0,"95":0,"96":0,"97":0,"98":1,"99":1,"100":1,"101":1,"102":1,"103":0,"104":1,"105":1},"f":{"0":0,"1":0,"2":0,"3":0,"4":0,"5":0,"6":0,"7":0,"8":63,"9":0,"10":0},"b":{"0":[0,0],"1":[0,3],"2":[8,0],"3":[8,0],"4":[0,8],"5":[8,8],"6":[0,0],"7":[0,0],"8":[0,0],"9":[8,0],"10":[8,0],"11":[0,8],"12":[3,5],"13":[10,0],"14":[0,10],"15":[49,14],"16":[14,0],"17":[58,51],"18":[0,116],"19":[0,0],"20":[0,110],"21":[0,0],"22":[0,0],"23":[0,0],"24":[0,0],"25":[0,0],"26":[1,0],"27":[1,1],"28":[0,1]}}
,"/alt/src.d/nf2/admin/admin-client/src/components/core/SimpleDateRange.vue": {"path":"/alt/src.d/nf2/admin/admin-client/src/components/core/SimpleDateRange.vue","statementMap":{"0":{"start":{"line":23,"column":0},"end":{"line":null,"column":-1}},"1":{"start":{"line":24,"column":0},"end":{"line":null,"column":-1}},"2":{"start":{"line":25,"column":0},"end":{"line":null,"column":-1}},"3":{"start":{"line":27,"column":0},"end":{"line":null,"column":-1}},"4":{"start":{"line":29,"column":0},"end":{"line":31,"column":0}},"5":{"start":{"line":30,"column":0},"end":{"line":null,"column":-1}},"6":{"start":{"line":33,"column":0},"end":{"line":63,"column":0}},"7":{"start":{"line":95,"column":0},"end":{"line":null,"column":-1}},"8":{"start":{"line":103,"column":0},"end":{"line":null,"column":-1}},"9":{"start":{"line":105,"column":0},"end":{"line":117,"column":0}},"10":{"start":{"line":106,"column":0},"end":{"line":null,"column":-1}},"11":{"start":{"line":109,"column":0},"end":{"line":null,"column":-1}},"12":{"start":{"line":111,"column":0},"end":{"line":null,"column":-1}},"13":{"start":{"line":116,"column":0},"end":{"line":null,"column":-1}}},"fnMap":{"0":{"name":"(anonymous_1)","decl":{"start":{"line":29,"column":0},"end":{"line":null,"column":-1}},"loc":{"start":{"line":29,"column":0},"end":{"line":31,"column":0}}},"1":{"name":"(anonymous_2)","decl":{"start":{"line":106,"column":0},"end":{"line":null,"column":-1}},"loc":{"start":{"line":106,"column":0},"end":{"line":null,"column":-1}}}},"branchMap":{"0":{"loc":{"start":{"line":105,"column":0},"end":{"line":117,"column":0}},"type":"if","locations":[{"start":{"line":105,"column":0},"end":{"line":117,"column":0}},{"start":{"line":105,"column":0},"end":{"line":117,"column":0}}]},"1":{"loc":{"start":{"line":109,"column":0},"end":{"line":null,"column":-1}},"type":"cond-expr","locations":[{"start":{"line":109,"column":0},"end":{"line":null,"column":-1}},{"start":{"line":109,"column":0},"end":{"line":null,"column":-1}}]}},"s":{"0":2,"1":2,"2":2,"3":2,"4":2,"5":16,"6":2,"7":4,"8":2,"9":2,"10":5,"11":1,"12":1,"13":1},"f":{"0":16,"1":4},"b":{"0":[1,1],"1":[0,1]}}
,"/alt/src.d/nf2/admin/admin-client/src/components/core/SimpleDropdown.vue": {"path":"/alt/src.d/nf2/admin/admin-client/src/components/core/SimpleDropdown.vue","statementMap":{"0":{"start":{"line":10,"column":0},"end":{"line":null,"column":-1}},"1":{"start":{"line":26,"column":0},"end":{"line":null,"column":-1}},"2":{"start":{"line":33,"column":0},"end":{"line":35,"column":0}},"3":{"start":{"line":34,"column":0},"end":{"line":null,"column":-1}},"4":{"start":{"line":41,"column":0},"end":{"line":null,"column":-1}},"5":{"start":{"line":47,"column":0},"end":{"line":null,"column":-1}},"6":{"start":{"line":48,"column":0},"end":{"line":null,"column":-1}},"7":{"start":{"line":52,"column":0},"end":{"line":60,"column":0}},"8":{"start":{"line":59,"column":0},"end":{"line":null,"column":-1}},"9":{"start":{"line":61,"column":0},"end":{"line":null,"column":-1}}},"fnMap":{"0":{"name":"(anonymous_1)","decl":{"start":{"line":24,"column":0},"end":{"line":null,"column":-1}},"loc":{"start":{"line":24,"column":0},"end":{"line":27,"column":0}}},"1":{"name":"(anonymous_2)","decl":{"start":{"line":51,"column":0},"end":{"line":null,"column":-1}},"loc":{"start":{"line":51,"column":0},"end":{"line":62,"column":0}}}},"branchMap":{"0":{"loc":{"start":{"line":33,"column":0},"end":{"line":35,"column":0}},"type":"if","locations":[{"start":{"line":33,"column":0},"end":{"line":35,"column":0}},{"start":{"line":33,"column":0},"end":{"line":35,"column":0}}]},"1":{"loc":{"start":{"line":52,"column":0},"end":{"line":60,"column":0}},"type":"if","locations":[{"start":{"line":52,"column":0},"end":{"line":60,"column":0}},{"start":{"line":52,"column":0},"end":{"line":60,"column":0}}]},"2":{"loc":{"start":{"line":52,"column":0},"end":{"line":null,"column":-1}},"type":"binary-expr","locations":[{"start":{"line":52,"column":0},"end":{"line":null,"column":-1}},{"start":{"line":52,"column":0},"end":{"line":null,"column":-1}},{"start":{"line":52,"column":0},"end":{"line":null,"column":-1}},{"start":{"line":52,"column":0},"end":{"line":null,"column":-1}}]}},"s":{"0":3,"1":5,"2":0,"3":0,"4":0,"5":5,"6":5,"7":0,"8":0,"9":0},"f":{"0":5,"1":0},"b":{"0":[0,0],"1":[0,0],"2":[0,0,0,0]}}
,"/alt/src.d/nf2/admin/admin-client/src/components/core/SimpleExpandable.vue": {"path":"/alt/src.d/nf2/admin/admin-client/src/components/core/SimpleExpandable.vue","statementMap":{"0":{"start":{"line":22,"column":0},"end":{"line":null,"column":-1}},"1":{"start":{"line":30,"column":0},"end":{"line":null,"column":-1}}},"fnMap":{},"branchMap":{},"s":{"0":2,"1":3},"f":{},"b":{}}
,"/alt/src.d/nf2/admin/admin-client/src/components/core/SimpleModal.vue": {"path":"/alt/src.d/nf2/admin/admin-client/src/components/core/SimpleModal.vue","statementMap":{"0":{"start":{"line":28,"column":0},"end":{"line":null,"column":-1}},"1":{"start":{"line":44,"column":0},"end":{"line":null,"column":-1}},"2":{"start":{"line":59,"column":0},"end":{"line":null,"column":-1}},"3":{"start":{"line":66,"column":0},"end":{"line":null,"column":-1}},"4":{"start":{"line":71,"column":0},"end":{"line":null,"column":-1}},"5":{"start":{"line":78,"column":0},"end":{"line":null,"column":-1}},"6":{"start":{"line":84,"column":0},"end":{"line":89,"column":0}},"7":{"start":{"line":86,"column":0},"end":{"line":null,"column":-1}},"8":{"start":{"line":91,"column":0},"end":{"line":null,"column":-1}},"9":{"start":{"line":95,"column":0},"end":{"line":null,"column":-1}},"10":{"start":{"line":99,"column":0},"end":{"line":null,"column":-1}},"11":{"start":{"line":104,"column":0},"end":{"line":null,"column":-1}},"12":{"start":{"line":105,"column":0},"end":{"line":109,"column":0}},"13":{"start":{"line":106,"column":0},"end":{"line":null,"column":-1}},"14":{"start":{"line":107,"column":0},"end":{"line":109,"column":0}},"15":{"start":{"line":108,"column":0},"end":{"line":null,"column":-1}},"16":{"start":{"line":115,"column":0},"end":{"line":null,"column":-1}},"17":{"start":{"line":117,"column":0},"end":{"line":null,"column":-1}}},"fnMap":{"0":{"name":"(anonymous_1)","decl":{"start":{"line":42,"column":0},"end":{"line":null,"column":-1}},"loc":{"start":{"line":42,"column":0},"end":{"line":47,"column":0}}},"1":{"name":"(anonymous_2)","decl":{"start":{"line":57,"column":0},"end":{"line":null,"column":-1}},"loc":{"start":{"line":57,"column":0},"end":{"line":60,"column":0}}}},"branchMap":{"0":{"loc":{"start":{"line":66,"column":0},"end":{"line":null,"column":-1}},"type":"cond-expr","locations":[{"start":{"line":66,"column":0},"end":{"line":null,"column":-1}},{"start":{"line":66,"column":0},"end":{"line":null,"column":-1}}]},"1":{"loc":{"start":{"line":84,"column":0},"end":{"line":89,"column":0}},"type":"if","locations":[{"start":{"line":84,"column":0},"end":{"line":89,"column":0}},{"start":{"line":84,"column":0},"end":{"line":89,"column":0}}]},"2":{"loc":{"start":{"line":105,"column":0},"end":{"line":109,"column":0}},"type":"if","locations":[{"start":{"line":105,"column":0},"end":{"line":109,"column":0}},{"start":{"line":105,"column":0},"end":{"line":109,"column":0}}]},"3":{"loc":{"start":{"line":107,"column":0},"end":{"line":109,"column":0}},"type":"if","locations":[{"start":{"line":107,"column":0},"end":{"line":109,"column":0}},{"start":{"line":107,"column":0},"end":{"line":109,"column":0}}]}},"s":{"0":2,"1":2,"2":2,"3":2,"4":2,"5":2,"6":2,"7":2,"8":2,"9":0,"10":0,"11":2,"12":2,"13":1,"14":1,"15":1,"16":0,"17":0},"f":{"0":2,"1":2},"b":{"0":[1,1],"1":[2,0],"2":[1,1],"3":[1,0]}}
,"/alt/src.d/nf2/admin/admin-client/src/components/core/SimplePager.vue": {"path":"/alt/src.d/nf2/admin/admin-client/src/components/core/SimplePager.vue","statementMap":{"0":{"start":{"line":71,"column":0},"end":{"line":null,"column":-1}},"1":{"start":{"line":72,"column":0},"end":{"line":null,"column":-1}},"2":{"start":{"line":85,"column":0},"end":{"line":null,"column":-1}},"3":{"start":{"line":88,"column":0},"end":{"line":null,"column":-1}},"4":{"start":{"line":91,"column":0},"end":{"line":null,"column":-1}},"5":{"start":{"line":96,"column":0},"end":{"line":null,"column":-1}},"6":{"start":{"line":107,"column":0},"end":{"line":null,"column":-1}},"7":{"start":{"line":110,"column":0},"end":{"line":null,"column":-1}},"8":{"start":{"line":111,"column":0},"end":{"line":null,"column":-1}},"9":{"start":{"line":114,"column":0},"end":{"line":null,"column":-1}},"10":{"start":{"line":115,"column":0},"end":{"line":null,"column":-1}},"11":{"start":{"line":118,"column":0},"end":{"line":null,"column":-1}},"12":{"start":{"line":120,"column":0},"end":{"line":null,"column":-1}},"13":{"start":{"line":121,"column":0},"end":{"line":null,"column":-1}},"14":{"start":{"line":122,"column":0},"end":{"line":null,"column":-1}},"15":{"start":{"line":125,"column":0},"end":{"line":133,"column":0}},"16":{"start":{"line":126,"column":0},"end":{"line":null,"column":-1}},"17":{"start":{"line":128,"column":0},"end":{"line":132,"column":0}},"18":{"start":{"line":129,"column":0},"end":{"line":null,"column":-1}},"19":{"start":{"line":130,"column":0},"end":{"line":132,"column":0}},"20":{"start":{"line":131,"column":0},"end":{"line":null,"column":-1}},"21":{"start":{"line":136,"column":0},"end":{"line":138,"column":0}},"22":{"start":{"line":137,"column":0},"end":{"line":null,"column":-1}},"23":{"start":{"line":141,"column":0},"end":{"line":null,"column":-1}},"24":{"start":{"line":143,"column":0},"end":{"line":151,"column":0}},"25":{"start":{"line":144,"column":0},"end":{"line":null,"column":-1}},"26":{"start":{"line":146,"column":0},"end":{"line":150,"column":0}},"27":{"start":{"line":147,"column":0},"end":{"line":null,"column":-1}},"28":{"start":{"line":148,"column":0},"end":{"line":150,"column":0}},"29":{"start":{"line":149,"column":0},"end":{"line":null,"column":-1}},"30":{"start":{"line":153,"column":0},"end":{"line":null,"column":-1}},"31":{"start":{"line":155,"column":0},"end":{"line":null,"column":-1}},"32":{"start":{"line":161,"column":0},"end":{"line":null,"column":-1}},"33":{"start":{"line":162,"column":0},"end":{"line":null,"column":-1}},"34":{"start":{"line":167,"column":0},"end":{"line":null,"column":-1}},"35":{"start":{"line":170,"column":0},"end":{"line":179,"column":0}},"36":{"start":{"line":171,"column":0},"end":{"line":null,"column":-1}},"37":{"start":{"line":173,"column":0},"end":{"line":178,"column":0}},"38":{"start":{"line":174,"column":0},"end":{"line":null,"column":-1}},"39":{"start":{"line":175,"column":0},"end":{"line":null,"column":-1}},"40":{"start":{"line":177,"column":0},"end":{"line":null,"column":-1}},"41":{"start":{"line":181,"column":0},"end":{"line":186,"column":0}},"42":{"start":{"line":182,"column":0},"end":{"line":null,"column":-1}},"43":{"start":{"line":183,"column":0},"end":{"line":null,"column":-1}},"44":{"start":{"line":184,"column":0},"end":{"line":null,"column":-1}},"45":{"start":{"line":185,"column":0},"end":{"line":null,"column":-1}},"46":{"start":{"line":187,"column":0},"end":{"line":null,"column":-1}},"47":{"start":{"line":190,"column":0},"end":{"line":null,"column":-1}},"48":{"start":{"line":191,"column":0},"end":{"line":null,"column":-1}},"49":{"start":{"line":192,"column":0},"end":{"line":null,"column":-1}},"50":{"start":{"line":194,"column":0},"end":{"line":196,"column":0}},"51":{"start":{"line":195,"column":0},"end":{"line":null,"column":-1}},"52":{"start":{"line":197,"column":0},"end":{"line":null,"column":-1}}},"fnMap":{"0":{"name":"(anonymous_1)","decl":{"start":{"line":167,"column":0},"end":{"line":null,"column":-1}},"loc":{"start":{"line":167,"column":0},"end":{"line":null,"column":-1}}},"1":{"name":"(anonymous_2)","decl":{"start":{"line":185,"column":0},"end":{"line":null,"column":-1}},"loc":{"start":{"line":185,"column":0},"end":{"line":null,"column":-1}}}},"branchMap":{"0":{"loc":{"start":{"line":111,"column":0},"end":{"line":null,"column":-1}},"type":"cond-expr","locations":[{"start":{"line":111,"column":0},"end":{"line":null,"column":-1}},{"start":{"line":111,"column":0},"end":{"line":null,"column":-1}}]},"1":{"loc":{"start":{"line":125,"column":0},"end":{"line":133,"column":0}},"type":"if","locations":[{"start":{"line":125,"column":0},"end":{"line":133,"column":0}},{"start":{"line":125,"column":0},"end":{"line":133,"column":0}}]},"2":{"loc":{"start":{"line":128,"column":0},"end":{"line":132,"column":0}},"type":"if","locations":[{"start":{"line":128,"column":0},"end":{"line":132,"column":0}},{"start":{"line":128,"column":0},"end":{"line":132,"column":0}}]},"3":{"loc":{"start":{"line":130,"column":0},"end":{"line":132,"column":0}},"type":"if","locations":[{"start":{"line":130,"column":0},"end":{"line":132,"column":0}},{"start":{"line":130,"column":0},"end":{"line":132,"column":0}}]},"4":{"loc":{"start":{"line":143,"column":0},"end":{"line":151,"column":0}},"type":"if","locations":[{"start":{"line":143,"column":0},"end":{"line":151,"column":0}},{"start":{"line":143,"column":0},"end":{"line":151,"column":0}}]},"5":{"loc":{"start":{"line":146,"column":0},"end":{"line":150,"column":0}},"type":"if","locations":[{"start":{"line":146,"column":0},"end":{"line":150,"column":0}},{"start":{"line":146,"column":0},"end":{"line":150,"column":0}}]},"6":{"loc":{"start":{"line":148,"column":0},"end":{"line":150,"column":0}},"type":"if","locations":[{"start":{"line":148,"column":0},"end":{"line":150,"column":0}},{"start":{"line":148,"column":0},"end":{"line":150,"column":0}}]},"7":{"loc":{"start":{"line":170,"column":0},"end":{"line":179,"column":0}},"type":"if","locations":[{"start":{"line":170,"column":0},"end":{"line":179,"column":0}},{"start":{"line":170,"column":0},"end":{"line":179,"column":0}}]},"8":{"loc":{"start":{"line":173,"column":0},"end":{"line":178,"column":0}},"type":"if","locations":[{"start":{"line":173,"column":0},"end":{"line":178,"column":0}},{"start":{"line":173,"column":0},"end":{"line":178,"column":0}}]},"9":{"loc":{"start":{"line":181,"column":0},"end":{"line":186,"column":0}},"type":"if","locations":[{"start":{"line":181,"column":0},"end":{"line":186,"column":0}},{"start":{"line":181,"column":0},"end":{"line":186,"column":0}}]},"10":{"loc":{"start":{"line":194,"column":0},"end":{"line":196,"column":0}},"type":"if","locations":[{"start":{"line":194,"column":0},"end":{"line":196,"column":0}},{"start":{"line":194,"column":0},"end":{"line":196,"column":0}}]},"11":{"loc":{"start":{"line":194,"column":0},"end":{"line":null,"column":-1}},"type":"binary-expr","locations":[{"start":{"line":194,"column":0},"end":{"line":null,"column":-1}},{"start":{"line":194,"column":0},"end":{"line":null,"column":-1}},{"start":{"line":194,"column":0},"end":{"line":null,"column":-1}}]}},"s":{"0":2,"1":2,"2":0,"3":0,"4":0,"5":5,"6":0,"7":0,"8":0,"9":5,"10":5,"11":1,"12":1,"13":1,"14":1,"15":1,"16":0,"17":0,"18":0,"19":0,"20":0,"21":1,"22":5,"23":1,"24":1,"25":1,"26":1,"27":0,"28":1,"29":1,"30":1,"31":1,"32":21,"33":21,"34":0,"35":21,"36":18,"37":18,"38":0,"39":0,"40":18,"41":21,"42":3,"43":3,"44":3,"45":3,"46":21,"47":3,"48":3,"49":3,"50":3,"51":3,"52":0},"f":{"0":0,"1":0},"b":{"0":[0,0],"1":[0,1],"2":[0,0],"3":[0,0],"4":[1,0],"5":[0,1],"6":[1,0],"7":[18,3],"8":[0,18],"9":[3,18],"10":[3,0],"11":[3,2,1]}}
,"/alt/src.d/nf2/admin/admin-client/src/components/core/SimpleTable.vue": {"path":"/alt/src.d/nf2/admin/admin-client/src/components/core/SimpleTable.vue","statementMap":{"0":{"start":{"line":48,"column":0},"end":{"line":null,"column":-1}},"1":{"start":{"line":49,"column":0},"end":{"line":null,"column":-1}},"2":{"start":{"line":95,"column":0},"end":{"line":null,"column":-1}},"3":{"start":{"line":98,"column":0},"end":{"line":127,"column":0}},"4":{"start":{"line":100,"column":0},"end":{"line":null,"column":-1}},"5":{"start":{"line":101,"column":0},"end":{"line":null,"column":-1}},"6":{"start":{"line":103,"column":0},"end":{"line":105,"column":0}},"7":{"start":{"line":104,"column":0},"end":{"line":null,"column":-1}},"8":{"start":{"line":107,"column":0},"end":{"line":110,"column":0}},"9":{"start":{"line":120,"column":0},"end":{"line":123,"column":0}},"10":{"start":{"line":129,"column":0},"end":{"line":141,"column":0}},"11":{"start":{"line":130,"column":0},"end":{"line":133,"column":0}},"12":{"start":{"line":142,"column":0},"end":{"line":144,"column":0}},"13":{"start":{"line":143,"column":0},"end":{"line":null,"column":-1}},"14":{"start":{"line":146,"column":0},"end":{"line":null,"column":-1}},"15":{"start":{"line":154,"column":0},"end":{"line":null,"column":-1}},"16":{"start":{"line":158,"column":0},"end":{"line":163,"column":0}},"17":{"start":{"line":159,"column":0},"end":{"line":null,"column":-1}},"18":{"start":{"line":160,"column":0},"end":{"line":162,"column":0}},"19":{"start":{"line":169,"column":0},"end":{"line":null,"column":-1}},"20":{"start":{"line":176,"column":0},"end":{"line":178,"column":0}},"21":{"start":{"line":177,"column":0},"end":{"line":null,"column":-1}},"22":{"start":{"line":183,"column":0},"end":{"line":null,"column":-1}},"23":{"start":{"line":186,"column":0},"end":{"line":null,"column":-1}},"24":{"start":{"line":192,"column":0},"end":{"line":null,"column":-1}},"25":{"start":{"line":194,"column":0},"end":{"line":203,"column":0}},"26":{"start":{"line":195,"column":0},"end":{"line":null,"column":-1}},"27":{"start":{"line":197,"column":0},"end":{"line":null,"column":-1}},"28":{"start":{"line":198,"column":0},"end":{"line":null,"column":-1}},"29":{"start":{"line":202,"column":0},"end":{"line":null,"column":-1}}},"fnMap":{"0":{"name":"(anonymous_1)","decl":{"start":{"line":98,"column":0},"end":{"line":null,"column":-1}},"loc":{"start":{"line":98,"column":0},"end":{"line":127,"column":0}}},"1":{"name":"closeExtraContent","decl":{"start":{"line":129,"column":0},"end":{"line":null,"column":-1}},"loc":{"start":{"line":129,"column":0},"end":{"line":141,"column":0}}},"2":{"name":"(anonymous_3)","decl":{"start":{"line":142,"column":0},"end":{"line":null,"column":-1}},"loc":{"start":{"line":142,"column":0},"end":{"line":144,"column":0}}},"3":{"name":"(anonymous_4)","decl":{"start":{"line":194,"column":0},"end":{"line":null,"column":-1}},"loc":{"start":{"line":194,"column":0},"end":{"line":203,"column":0}}}},"branchMap":{"0":{"loc":{"start":{"line":103,"column":0},"end":{"line":105,"column":0}},"type":"if","locations":[{"start":{"line":103,"column":0},"end":{"line":105,"column":0}},{"start":{"line":103,"column":0},"end":{"line":105,"column":0}}]},"1":{"loc":{"start":{"line":158,"column":0},"end":{"line":163,"column":0}},"type":"if","locations":[{"start":{"line":158,"column":0},"end":{"line":163,"column":0}},{"start":{"line":158,"column":0},"end":{"line":163,"column":0}}]},"2":{"loc":{"start":{"line":176,"column":0},"end":{"line":178,"column":0}},"type":"if","locations":[{"start":{"line":176,"column":0},"end":{"line":178,"column":0}},{"start":{"line":176,"column":0},"end":{"line":178,"column":0}}]},"3":{"loc":{"start":{"line":176,"column":0},"end":{"line":null,"column":-1}},"type":"binary-expr","locations":[{"start":{"line":176,"column":0},"end":{"line":null,"column":-1}},{"start":{"line":176,"column":0},"end":{"line":null,"column":-1}}]},"4":{"loc":{"start":{"line":192,"column":0},"end":{"line":null,"column":-1}},"type":"if","locations":[{"start":{"line":192,"column":0},"end":{"line":null,"column":-1}},{"start":{"line":192,"column":0},"end":{"line":null,"column":-1}}]},"5":{"loc":{"start":{"line":195,"column":0},"end":{"line":null,"column":-1}},"type":"if","locations":[{"start":{"line":195,"column":0},"end":{"line":null,"column":-1}},{"start":{"line":195,"column":0},"end":{"line":null,"column":-1}}]},"6":{"loc":{"start":{"line":198,"column":0},"end":{"line":null,"column":-1}},"type":"binary-expr","locations":[{"start":{"line":198,"column":0},"end":{"line":null,"column":-1}},{"start":{"line":198,"column":0},"end":{"line":null,"column":-1}}]}},"s":{"0":2,"1":2,"2":2,"3":1,"4":0,"5":0,"6":0,"7":0,"8":0,"9":0,"10":1,"11":0,"12":1,"13":0,"14":1,"15":1,"16":1,"17":0,"18":0,"19":1,"20":1,"21":1,"22":0,"23":0,"24":2,"25":2,"26":14,"27":14,"28":14,"29":14},"f":{"0":0,"1":0,"2":0,"3":14},"b":{"0":[0,0],"1":[0,1],"2":[1,0],"3":[1,1],"4":[0,2],"5":[0,14],"6":[14,0]}}
,"/alt/src.d/nf2/admin/admin-client/src/components/core/editors/SimpleNumberEditor.vue": {"path":"/alt/src.d/nf2/admin/admin-client/src/components/core/editors/SimpleNumberEditor.vue","statementMap":{"0":{"start":{"line":26,"column":0},"end":{"line":null,"column":-1}},"1":{"start":{"line":27,"column":0},"end":{"line":null,"column":-1}},"2":{"start":{"line":38,"column":0},"end":{"line":null,"column":-1}},"3":{"start":{"line":43,"column":0},"end":{"line":null,"column":-1}},"4":{"start":{"line":53,"column":0},"end":{"line":null,"column":-1}},"5":{"start":{"line":56,"column":0},"end":{"line":67,"column":0}},"6":{"start":{"line":57,"column":0},"end":{"line":64,"column":0}},"7":{"start":{"line":58,"column":0},"end":{"line":63,"column":0}},"8":{"start":{"line":59,"column":0},"end":{"line":null,"column":-1}},"9":{"start":{"line":60,"column":0},"end":{"line":null,"column":-1}},"10":{"start":{"line":62,"column":0},"end":{"line":null,"column":-1}},"11":{"start":{"line":66,"column":0},"end":{"line":null,"column":-1}},"12":{"start":{"line":70,"column":0},"end":{"line":null,"column":-1}},"13":{"start":{"line":73,"column":0},"end":{"line":75,"column":0}},"14":{"start":{"line":74,"column":0},"end":{"line":null,"column":-1}},"15":{"start":{"line":77,"column":0},"end":{"line":null,"column":-1}},"16":{"start":{"line":80,"column":0},"end":{"line":null,"column":-1}},"17":{"start":{"line":81,"column":0},"end":{"line":null,"column":-1}},"18":{"start":{"line":83,"column":0},"end":{"line":88,"column":0}},"19":{"start":{"line":84,"column":0},"end":{"line":null,"column":-1}},"20":{"start":{"line":86,"column":0},"end":{"line":null,"column":-1}},"21":{"start":{"line":87,"column":0},"end":{"line":null,"column":-1}},"22":{"start":{"line":90,"column":0},"end":{"line":93,"column":0}},"23":{"start":{"line":91,"column":0},"end":{"line":null,"column":-1}},"24":{"start":{"line":92,"column":0},"end":{"line":null,"column":-1}}},"fnMap":{"0":{"name":"(anonymous_1)","decl":{"start":{"line":57,"column":0},"end":{"line":null,"column":-1}},"loc":{"start":{"line":57,"column":0},"end":{"line":64,"column":0}}},"1":{"name":"(anonymous_2)","decl":{"start":{"line":90,"column":0},"end":{"line":null,"column":-1}},"loc":{"start":{"line":90,"column":0},"end":{"line":93,"column":0}}}},"branchMap":{"0":{"loc":{"start":{"line":56,"column":0},"end":{"line":67,"column":0}},"type":"if","locations":[{"start":{"line":56,"column":0},"end":{"line":67,"column":0}},{"start":{"line":56,"column":0},"end":{"line":67,"column":0}}]},"1":{"loc":{"start":{"line":58,"column":0},"end":{"line":63,"column":0}},"type":"if","locations":[{"start":{"line":58,"column":0},"end":{"line":63,"column":0}},{"start":{"line":58,"column":0},"end":{"line":63,"column":0}}]},"2":{"loc":{"start":{"line":58,"column":0},"end":{"line":null,"column":-1}},"type":"binary-expr","locations":[{"start":{"line":58,"column":0},"end":{"line":null,"column":-1}},{"start":{"line":58,"column":0},"end":{"line":null,"column":-1}}]},"3":{"loc":{"start":{"line":72,"column":0},"end":{"line":null,"column":-1}},"type":"default-arg","locations":[{"start":{"line":72,"column":0},"end":{"line":null,"column":-1}}]},"4":{"loc":{"start":{"line":73,"column":0},"end":{"line":75,"column":0}},"type":"if","locations":[{"start":{"line":73,"column":0},"end":{"line":75,"column":0}},{"start":{"line":73,"column":0},"end":{"line":75,"column":0}}]},"5":{"loc":{"start":{"line":83,"column":0},"end":{"line":88,"column":0}},"type":"if","locations":[{"start":{"line":83,"column":0},"end":{"line":88,"column":0}},{"start":{"line":83,"column":0},"end":{"line":88,"column":0}}]}},"s":{"0":2,"1":2,"2":0,"3":3,"4":0,"5":0,"6":0,"7":0,"8":0,"9":0,"10":0,"11":0,"12":0,"13":3,"14":2,"15":3,"16":2,"17":2,"18":2,"19":1,"20":1,"21":1,"22":2,"23":2,"24":2},"f":{"0":0,"1":2},"b":{"0":[0,0],"1":[0,0],"2":[0,0],"3":[1],"4":[2,1],"5":[1,1]}}
,"/alt/src.d/nf2/admin/admin-client/src/components/core/editors/SimpleSelectionEditor.vue": {"path":"/alt/src.d/nf2/admin/admin-client/src/components/core/editors/SimpleSelectionEditor.vue","statementMap":{"0":{"start":{"line":8,"column":0},"end":{"line":null,"column":-1}},"1":{"start":{"line":12,"column":0},"end":{"line":null,"column":-1}}},"fnMap":{},"branchMap":{},"s":{"0":1,"1":0},"f":{},"b":{}}
,"/alt/src.d/nf2/admin/admin-client/src/components/core/editors/SimpleTextEditor.vue": {"path":"/alt/src.d/nf2/admin/admin-client/src/components/core/editors/SimpleTextEditor.vue","statementMap":{"0":{"start":{"line":46,"column":0},"end":{"line":null,"column":-1}},"1":{"start":{"line":48,"column":0},"end":{"line":null,"column":-1}},"2":{"start":{"line":59,"column":0},"end":{"line":null,"column":-1}},"3":{"start":{"line":64,"column":0},"end":{"line":null,"column":-1}},"4":{"start":{"line":74,"column":0},"end":{"line":null,"column":-1}},"5":{"start":{"line":77,"column":0},"end":{"line":88,"column":0}},"6":{"start":{"line":78,"column":0},"end":{"line":85,"column":0}},"7":{"start":{"line":79,"column":0},"end":{"line":84,"column":0}},"8":{"start":{"line":80,"column":0},"end":{"line":null,"column":-1}},"9":{"start":{"line":81,"column":0},"end":{"line":null,"column":-1}},"10":{"start":{"line":83,"column":0},"end":{"line":null,"column":-1}},"11":{"start":{"line":87,"column":0},"end":{"line":null,"column":-1}},"12":{"start":{"line":91,"column":0},"end":{"line":null,"column":-1}},"13":{"start":{"line":94,"column":0},"end":{"line":96,"column":0}},"14":{"start":{"line":95,"column":0},"end":{"line":null,"column":-1}},"15":{"start":{"line":98,"column":0},"end":{"line":null,"column":-1}},"16":{"start":{"line":101,"column":0},"end":{"line":null,"column":-1}},"17":{"start":{"line":102,"column":0},"end":{"line":null,"column":-1}},"18":{"start":{"line":104,"column":0},"end":{"line":null,"column":-1}},"19":{"start":{"line":106,"column":0},"end":{"line":111,"column":0}},"20":{"start":{"line":107,"column":0},"end":{"line":null,"column":-1}},"21":{"start":{"line":109,"column":0},"end":{"line":null,"column":-1}},"22":{"start":{"line":110,"column":0},"end":{"line":null,"column":-1}},"23":{"start":{"line":113,"column":0},"end":{"line":116,"column":0}},"24":{"start":{"line":114,"column":0},"end":{"line":null,"column":-1}},"25":{"start":{"line":115,"column":0},"end":{"line":null,"column":-1}}},"fnMap":{"0":{"name":"(anonymous_1)","decl":{"start":{"line":78,"column":0},"end":{"line":null,"column":-1}},"loc":{"start":{"line":78,"column":0},"end":{"line":85,"column":0}}},"1":{"name":"(anonymous_2)","decl":{"start":{"line":113,"column":0},"end":{"line":null,"column":-1}},"loc":{"start":{"line":113,"column":0},"end":{"line":116,"column":0}}}},"branchMap":{"0":{"loc":{"start":{"line":77,"column":0},"end":{"line":88,"column":0}},"type":"if","locations":[{"start":{"line":77,"column":0},"end":{"line":88,"column":0}},{"start":{"line":77,"column":0},"end":{"line":88,"column":0}}]},"1":{"loc":{"start":{"line":79,"column":0},"end":{"line":84,"column":0}},"type":"if","locations":[{"start":{"line":79,"column":0},"end":{"line":84,"column":0}},{"start":{"line":79,"column":0},"end":{"line":84,"column":0}}]},"2":{"loc":{"start":{"line":79,"column":0},"end":{"line":null,"column":-1}},"type":"binary-expr","locations":[{"start":{"line":79,"column":0},"end":{"line":null,"column":-1}},{"start":{"line":79,"column":0},"end":{"line":null,"column":-1}}]},"3":{"loc":{"start":{"line":93,"column":0},"end":{"line":null,"column":-1}},"type":"default-arg","locations":[{"start":{"line":93,"column":0},"end":{"line":null,"column":-1}}]},"4":{"loc":{"start":{"line":94,"column":0},"end":{"line":96,"column":0}},"type":"if","locations":[{"start":{"line":94,"column":0},"end":{"line":96,"column":0}},{"start":{"line":94,"column":0},"end":{"line":96,"column":0}}]},"5":{"loc":{"start":{"line":106,"column":0},"end":{"line":111,"column":0}},"type":"if","locations":[{"start":{"line":106,"column":0},"end":{"line":111,"column":0}},{"start":{"line":106,"column":0},"end":{"line":111,"column":0}}]},"6":{"loc":{"start":{"line":106,"column":0},"end":{"line":null,"column":-1}},"type":"binary-expr","locations":[{"start":{"line":106,"column":0},"end":{"line":null,"column":-1}},{"start":{"line":106,"column":0},"end":{"line":null,"column":-1}}]}},"s":{"0":2,"1":2,"2":0,"3":2,"4":0,"5":0,"6":0,"7":0,"8":0,"9":0,"10":0,"11":0,"12":0,"13":2,"14":1,"15":2,"16":1,"17":1,"18":1,"19":1,"20":1,"21":1,"22":1,"23":1,"24":1,"25":1},"f":{"0":0,"1":1},"b":{"0":[0,0],"1":[0,0],"2":[0,0],"3":[1],"4":[1,1],"5":[1,0],"6":[1,1]}}
,"/alt/src.d/nf2/admin/admin-client/src/components/global/SimplePopover.vue": {"path":"/alt/src.d/nf2/admin/admin-client/src/components/global/SimplePopover.vue","statementMap":{"0":{"start":{"line":11,"column":0},"end":{"line":null,"column":-1}},"1":{"start":{"line":41,"column":0},"end":{"line":null,"column":-1}},"2":{"start":{"line":48,"column":0},"end":{"line":null,"column":-1}},"3":{"start":{"line":65,"column":0},"end":{"line":null,"column":-1}},"4":{"start":{"line":71,"column":0},"end":{"line":null,"column":-1}},"5":{"start":{"line":80,"column":0},"end":{"line":null,"column":-1}},"6":{"start":{"line":85,"column":0},"end":{"line":101,"column":0}},"7":{"start":{"line":86,"column":0},"end":{"line":null,"column":-1}},"8":{"start":{"line":99,"column":0},"end":{"line":null,"column":-1}},"9":{"start":{"line":100,"column":0},"end":{"line":null,"column":-1}}},"fnMap":{"0":{"name":"(anonymous_1)","decl":{"start":{"line":40,"column":0},"end":{"line":null,"column":-1}},"loc":{"start":{"line":40,"column":0},"end":{"line":42,"column":0}}},"1":{"name":"(anonymous_2)","decl":{"start":{"line":47,"column":0},"end":{"line":null,"column":-1}},"loc":{"start":{"line":47,"column":0},"end":{"line":60,"column":0}}},"2":{"name":"(anonymous_3)","decl":{"start":{"line":64,"column":0},"end":{"line":null,"column":-1}},"loc":{"start":{"line":64,"column":0},"end":{"line":66,"column":0}}},"3":{"name":"(anonymous_4)","decl":{"start":{"line":70,"column":0},"end":{"line":null,"column":-1}},"loc":{"start":{"line":70,"column":0},"end":{"line":72,"column":0}}},"4":{"name":"(anonymous_5)","decl":{"start":{"line":79,"column":0},"end":{"line":null,"column":-1}},"loc":{"start":{"line":79,"column":0},"end":{"line":81,"column":0}}},"5":{"name":"(anonymous_6)","decl":{"start":{"line":85,"column":0},"end":{"line":null,"column":-1}},"loc":{"start":{"line":85,"column":0},"end":{"line":101,"column":0}}}},"branchMap":{"0":{"loc":{"start":{"line":95,"column":0},"end":{"line":null,"column":-1}},"type":"cond-expr","locations":[{"start":{"line":95,"column":0},"end":{"line":null,"column":-1}},{"start":{"line":95,"column":0},"end":{"line":null,"column":-1}}]}},"s":{"0":1,"1":6,"2":6,"3":2,"4":2,"5":2,"6":6,"7":6,"8":6,"9":6},"f":{"0":6,"1":6,"2":2,"3":2,"4":2,"5":6},"b":{"0":[2,4]}}
,"/alt/src.d/nf2/admin/admin-client/src/components/global/layout/NavMenu.vue": {"path":"/alt/src.d/nf2/admin/admin-client/src/components/global/layout/NavMenu.vue","statementMap":{"0":{"start":{"line":43,"column":0},"end":{"line":null,"column":-1}},"1":{"start":{"line":85,"column":0},"end":{"line":null,"column":-1}},"2":{"start":{"line":93,"column":0},"end":{"line":null,"column":-1}},"3":{"start":{"line":94,"column":0},"end":{"line":null,"column":-1}},"4":{"start":{"line":96,"column":0},"end":{"line":107,"column":0}},"5":{"start":{"line":97,"column":0},"end":{"line":106,"column":0}},"6":{"start":{"line":98,"column":0},"end":{"line":null,"column":-1}},"7":{"start":{"line":99,"column":0},"end":{"line":105,"column":0}},"8":{"start":{"line":100,"column":0},"end":{"line":104,"column":0}},"9":{"start":{"line":101,"column":0},"end":{"line":103,"column":0}},"10":{"start":{"line":102,"column":0},"end":{"line":null,"column":-1}},"11":{"start":{"line":108,"column":0},"end":{"line":null,"column":-1}},"12":{"start":{"line":113,"column":0},"end":{"line":null,"column":-1}},"13":{"start":{"line":122,"column":0},"end":{"line":127,"column":0}},"14":{"start":{"line":123,"column":0},"end":{"line":null,"column":-1}},"15":{"start":{"line":124,"column":0},"end":{"line":null,"column":-1}},"16":{"start":{"line":126,"column":0},"end":{"line":null,"column":-1}},"17":{"start":{"line":130,"column":0},"end":{"line":null,"column":-1}},"18":{"start":{"line":133,"column":0},"end":{"line":null,"column":-1}},"19":{"start":{"line":137,"column":0},"end":{"line":null,"column":-1}},"20":{"start":{"line":138,"column":0},"end":{"line":null,"column":-1}},"21":{"start":{"line":141,"column":0},"end":{"line":145,"column":0}},"22":{"start":{"line":142,"column":0},"end":{"line":null,"column":-1}}},"fnMap":{"0":{"name":"(anonymous_1)","decl":{"start":{"line":96,"column":0},"end":{"line":null,"column":-1}},"loc":{"start":{"line":96,"column":0},"end":{"line":107,"column":0}}},"1":{"name":"(anonymous_2)","decl":{"start":{"line":100,"column":0},"end":{"line":null,"column":-1}},"loc":{"start":{"line":100,"column":0},"end":{"line":104,"column":0}}},"2":{"name":"(anonymous_3)","decl":{"start":{"line":141,"column":0},"end":{"line":null,"column":-1}},"loc":{"start":{"line":141,"column":0},"end":{"line":145,"column":0}}}},"branchMap":{"0":{"loc":{"start":{"line":97,"column":0},"end":{"line":106,"column":0}},"type":"if","locations":[{"start":{"line":97,"column":0},"end":{"line":106,"column":0}},{"start":{"line":97,"column":0},"end":{"line":106,"column":0}}]},"1":{"loc":{"start":{"line":99,"column":0},"end":{"line":105,"column":0}},"type":"if","locations":[{"start":{"line":99,"column":0},"end":{"line":105,"column":0}},{"start":{"line":99,"column":0},"end":{"line":105,"column":0}}]},"2":{"loc":{"start":{"line":101,"column":0},"end":{"line":103,"column":0}},"type":"if","locations":[{"start":{"line":101,"column":0},"end":{"line":103,"column":0}},{"start":{"line":101,"column":0},"end":{"line":103,"column":0}}]},"3":{"loc":{"start":{"line":117,"column":0},"end":{"line":null,"column":-1}},"type":"binary-expr","locations":[{"start":{"line":117,"column":0},"end":{"line":null,"column":-1}},{"start":{"line":117,"column":0},"end":{"line":null,"column":-1}}]},"4":{"loc":{"start":{"line":118,"column":0},"end":{"line":null,"column":-1}},"type":"binary-expr","locations":[{"start":{"line":118,"column":0},"end":{"line":null,"column":-1}},{"start":{"line":118,"column":0},"end":{"line":null,"column":-1}}]},"5":{"loc":{"start":{"line":119,"column":0},"end":{"line":null,"column":-1}},"type":"binary-expr","locations":[{"start":{"line":119,"column":0},"end":{"line":null,"column":-1}},{"start":{"line":119,"column":0},"end":{"line":null,"column":-1}}]},"6":{"loc":{"start":{"line":120,"column":0},"end":{"line":null,"column":-1}},"type":"binary-expr","locations":[{"start":{"line":120,"column":0},"end":{"line":null,"column":-1}},{"start":{"line":120,"column":0},"end":{"line":null,"column":-1}}]},"7":{"loc":{"start":{"line":122,"column":0},"end":{"line":127,"column":0}},"type":"if","locations":[{"start":{"line":122,"column":0},"end":{"line":127,"column":0}},{"start":{"line":122,"column":0},"end":{"line":127,"column":0}}]},"8":{"loc":{"start":{"line":130,"column":0},"end":{"line":null,"column":-1}},"type":"cond-expr","locations":[{"start":{"line":130,"column":0},"end":{"line":null,"column":-1}},{"start":{"line":130,"column":0},"end":{"line":null,"column":-1}}]},"9":{"loc":{"start":{"line":138,"column":0},"end":{"line":null,"column":-1}},"type":"cond-expr","locations":[{"start":{"line":138,"column":0},"end":{"line":null,"column":-1}},{"start":{"line":138,"column":0},"end":{"line":null,"column":-1}}]},"10":{"loc":{"start":{"line":142,"column":0},"end":{"line":null,"column":-1}},"type":"cond-expr","locations":[{"start":{"line":142,"column":0},"end":{"line":null,"column":-1}},{"start":{"line":142,"column":0},"end":{"line":null,"column":-1}}]}},"s":{"0":1,"1":1,"2":1,"3":1,"4":1,"5":8,"6":5,"7":5,"8":3,"9":6,"10":0,"11":1,"12":5,"13":5,"14":0,"15":0,"16":5,"17":6,"18":0,"19":1,"20":1,"21":1,"22":0},"f":{"0":8,"1":6,"2":0},"b":{"0":[5,3],"1":[3,2],"2":[0,6],"3":[5,0],"4":[5,2],"5":[5,5],"6":[5,5],"7":[0,5],"8":[6,6],"9":[1,0],"10":[0,0]}}
,"/alt/src.d/nf2/admin/admin-client/src/components/global/layout/PageContent.vue": {"path":"/alt/src.d/nf2/admin/admin-client/src/components/global/layout/PageContent.vue","statementMap":{"0":{"start":{"line":8,"column":0},"end":{"line":null,"column":-1}},"1":{"start":{"line":14,"column":0},"end":{"line":null,"column":-1}}},"fnMap":{},"branchMap":{"0":{"loc":{"start":{"line":14,"column":0},"end":{"line":null,"column":-1}},"type":"cond-expr","locations":[{"start":{"line":14,"column":0},"end":{"line":null,"column":-1}},{"start":{"line":14,"column":0},"end":{"line":null,"column":-1}}]}},"s":{"0":1,"1":1},"f":{},"b":{"0":[1,0]}}
,"/alt/src.d/nf2/admin/admin-client/src/components/global/layout/PageHeader.vue": {"path":"/alt/src.d/nf2/admin/admin-client/src/components/global/layout/PageHeader.vue","statementMap":{"0":{"start":{"line":27,"column":0},"end":{"line":null,"column":-1}},"1":{"start":{"line":28,"column":0},"end":{"line":null,"column":-1}},"2":{"start":{"line":40,"column":0},"end":{"line":null,"column":-1}},"3":{"start":{"line":43,"column":0},"end":{"line":null,"column":-1}},"4":{"start":{"line":48,"column":0},"end":{"line":null,"column":-1}}},"fnMap":{},"branchMap":{"0":{"loc":{"start":{"line":40,"column":0},"end":{"line":null,"column":-1}},"type":"cond-expr","locations":[{"start":{"line":40,"column":0},"end":{"line":null,"column":-1}},{"start":{"line":40,"column":0},"end":{"line":null,"column":-1}}]},"1":{"loc":{"start":{"line":43,"column":0},"end":{"line":null,"column":-1}},"type":"binary-expr","locations":[{"start":{"line":43,"column":0},"end":{"line":null,"column":-1}},{"start":{"line":43,"column":0},"end":{"line":null,"column":-1}},{"start":{"line":43,"column":0},"end":{"line":null,"column":-1}}]}},"s":{"0":1,"1":1,"2":1,"3":1,"4":1},"f":{},"b":{"0":[1,0],"1":[1,1,1]}}
,"/alt/src.d/nf2/admin/admin-client/src/components/global/layout/PageLayout.vue": {"path":"/alt/src.d/nf2/admin/admin-client/src/components/global/layout/PageLayout.vue","statementMap":{"0":{"start":{"line":12,"column":0},"end":{"line":null,"column":-1}}},"fnMap":{},"branchMap":{},"s":{"0":1},"f":{},"b":{}}
,"/alt/src.d/nf2/admin/admin-client/src/components/global/layout/ThreeColumnsLayout.vue": {"path":"/alt/src.d/nf2/admin/admin-client/src/components/global/layout/ThreeColumnsLayout.vue","statementMap":{"0":{"start":{"line":55,"column":0},"end":{"line":null,"column":-1}}},"fnMap":{},"branchMap":{},"s":{"0":1},"f":{},"b":{}}
,"/alt/src.d/nf2/admin/admin-client/src/components/global/layout/TwoColumnsLayout.vue": {"path":"/alt/src.d/nf2/admin/admin-client/src/components/global/layout/TwoColumnsLayout.vue","statementMap":{"0":{"start":{"line":39,"column":0},"end":{"line":null,"column":-1}}},"fnMap":{},"branchMap":{},"s":{"0":1},"f":{},"b":{}}
,"/alt/src.d/nf2/admin/admin-client/src/components/global/ui/CustomSvgIcon.vue": {"path":"/alt/src.d/nf2/admin/admin-client/src/components/global/ui/CustomSvgIcon.vue","statementMap":{"0":{"start":{"line":6,"column":0},"end":{"line":null,"column":-1}},"1":{"start":{"line":33,"column":0},"end":{"line":null,"column":-1}},"2":{"start":{"line":36,"column":0},"end":{"line":null,"column":-1}},"3":{"start":{"line":43,"column":0},"end":{"line":null,"column":-1}},"4":{"start":{"line":46,"column":0},"end":{"line":null,"column":-1}},"5":{"start":{"line":47,"column":0},"end":{"line":null,"column":-1}},"6":{"start":{"line":53,"column":0},"end":{"line":57,"column":0}},"7":{"start":{"line":54,"column":0},"end":{"line":null,"column":-1}},"8":{"start":{"line":58,"column":0},"end":{"line":null,"column":-1}}},"fnMap":{},"branchMap":{"0":{"loc":{"start":{"line":33,"column":0},"end":{"line":null,"column":-1}},"type":"cond-expr","locations":[{"start":{"line":33,"column":0},"end":{"line":null,"column":-1}},{"start":{"line":33,"column":0},"end":{"line":null,"column":-1}}]},"1":{"loc":{"start":{"line":36,"column":0},"end":{"line":null,"column":-1}},"type":"cond-expr","locations":[{"start":{"line":36,"column":0},"end":{"line":null,"column":-1}},{"start":{"line":36,"column":0},"end":{"line":null,"column":-1}}]},"2":{"loc":{"start":{"line":53,"column":0},"end":{"line":57,"column":0}},"type":"if","locations":[{"start":{"line":53,"column":0},"end":{"line":57,"column":0}},{"start":{"line":53,"column":0},"end":{"line":57,"column":0}}]}},"s":{"0":1,"1":2,"2":2,"3":1,"4":1,"5":1,"6":1,"7":1,"8":1},"f":{},"b":{"0":[0,2],"1":[2,0],"2":[1,0]}}
,"/alt/src.d/nf2/admin/admin-client/src/components/global/ui/DebugMessage.vue": {"path":"/alt/src.d/nf2/admin/admin-client/src/components/global/ui/DebugMessage.vue","statementMap":{"0":{"start":{"line":7,"column":0},"end":{"line":null,"column":-1}}},"fnMap":{},"branchMap":{},"s":{"0":1},"f":{},"b":{}}
,"/alt/src.d/nf2/admin/admin-client/src/components/layout/MultipleImportSummary.vue": {"path":"/alt/src.d/nf2/admin/admin-client/src/components/layout/MultipleImportSummary.vue","statementMap":{"0":{"start":{"line":34,"column":0},"end":{"line":null,"column":-1}},"1":{"start":{"line":59,"column":0},"end":{"line":null,"column":-1}}},"fnMap":{},"branchMap":{"0":{"loc":{"start":{"line":59,"column":0},"end":{"line":null,"column":-1}},"type":"cond-expr","locations":[{"start":{"line":59,"column":0},"end":{"line":null,"column":-1}},{"start":{"line":59,"column":0},"end":{"line":null,"column":-1}}]}},"s":{"0":1,"1":0},"f":{},"b":{"0":[0,0]}}
,"/alt/src.d/nf2/admin/admin-client/src/components/layout/ParentPage.vue": {"path":"/alt/src.d/nf2/admin/admin-client/src/components/layout/ParentPage.vue","statementMap":{"0":{"start":{"line":7,"column":0},"end":{"line":null,"column":-1}}},"fnMap":{},"branchMap":{},"s":{"0":1},"f":{},"b":{}}
,"/alt/src.d/nf2/admin/admin-client/src/components/util/LoadingIndicator.vue": {"path":"/alt/src.d/nf2/admin/admin-client/src/components/util/LoadingIndicator.vue","statementMap":{"0":{"start":{"line":12,"column":0},"end":{"line":null,"column":-1}},"1":{"start":{"line":19,"column":0},"end":{"line":null,"column":-1}},"2":{"start":{"line":24,"column":0},"end":{"line":null,"column":-1}}},"fnMap":{},"branchMap":{},"s":{"0":3,"1":4,"2":5},"f":{},"b":{}}
,"/alt/src.d/nf2/admin/admin-client/src/components/util/ToggleAccordions.vue": {"path":"/alt/src.d/nf2/admin/admin-client/src/components/util/ToggleAccordions.vue","statementMap":{"0":{"start":{"line":8,"column":0},"end":{"line":null,"column":-1}},"1":{"start":{"line":19,"column":0},"end":{"line":null,"column":-1}},"2":{"start":{"line":25,"column":0},"end":{"line":null,"column":-1}},"3":{"start":{"line":26,"column":0},"end":{"line":34,"column":0}},"4":{"start":{"line":27,"column":0},"end":{"line":null,"column":-1}},"5":{"start":{"line":28,"column":0},"end":{"line":null,"column":-1}},"6":{"start":{"line":29,"column":0},"end":{"line":33,"column":0}},"7":{"start":{"line":30,"column":0},"end":{"line":null,"column":-1}},"8":{"start":{"line":31,"column":0},"end":{"line":33,"column":0}},"9":{"start":{"line":32,"column":0},"end":{"line":null,"column":-1}},"10":{"start":{"line":36,"column":0},"end":{"line":null,"column":-1}}},"fnMap":{"0":{"name":"(anonymous_1)","decl":{"start":{"line":26,"column":0},"end":{"line":null,"column":-1}},"loc":{"start":{"line":26,"column":0},"end":{"line":34,"column":0}}}},"branchMap":{"0":{"loc":{"start":{"line":29,"column":0},"end":{"line":33,"column":0}},"type":"if","locations":[{"start":{"line":29,"column":0},"end":{"line":33,"column":0}},{"start":{"line":29,"column":0},"end":{"line":33,"column":0}}]},"1":{"loc":{"start":{"line":29,"column":0},"end":{"line":null,"column":-1}},"type":"binary-expr","locations":[{"start":{"line":29,"column":0},"end":{"line":null,"column":-1}},{"start":{"line":29,"column":0},"end":{"line":null,"column":-1}}]},"2":{"loc":{"start":{"line":31,"column":0},"end":{"line":33,"column":0}},"type":"if","locations":[{"start":{"line":31,"column":0},"end":{"line":33,"column":0}},{"start":{"line":31,"column":0},"end":{"line":33,"column":0}}]},"3":{"loc":{"start":{"line":31,"column":0},"end":{"line":null,"column":-1}},"type":"binary-expr","locations":[{"start":{"line":31,"column":0},"end":{"line":null,"column":-1}},{"start":{"line":31,"column":0},"end":{"line":null,"column":-1}}]},"4":{"loc":{"start":{"line":36,"column":0},"end":{"line":null,"column":-1}},"type":"cond-expr","locations":[{"start":{"line":36,"column":0},"end":{"line":null,"column":-1}},{"start":{"line":36,"column":0},"end":{"line":null,"column":-1}}]}},"s":{"0":1,"1":0,"2":0,"3":0,"4":0,"5":0,"6":0,"7":0,"8":0,"9":0,"10":0},"f":{"0":0},"b":{"0":[0,0],"1":[0,0],"2":[0,0],"3":[0,0],"4":[0,0]}}
,"/alt/src.d/nf2/admin/admin-client/src/components/util/ValidationErrorList.vue": {"path":"/alt/src.d/nf2/admin/admin-client/src/components/util/ValidationErrorList.vue","statementMap":{"0":{"start":{"line":10,"column":0},"end":{"line":null,"column":-1}}},"fnMap":{},"branchMap":{},"s":{"0":1},"f":{},"b":{}}
,"/alt/src.d/nf2/admin/admin-client/src/services/AdminClient.ts": {"path":"/alt/src.d/nf2/admin/admin-client/src/services/AdminClient.ts","statementMap":{"0":{"start":{"line":1,"column":0},"end":{"line":null,"column":-1}},"1":{"start":{"line":4,"column":13},"end":{"line":4,"column":0}},"2":{"start":{"line":8,"column":17},"end":{"line":8,"column":4}},"3":{"start":{"line":9,"column":4},"end":{"line":null,"column":-1}},"4":{"start":{"line":13,"column":16},"end":{"line":13,"column":4}},"5":{"start":{"line":15,"column":4},"end":{"line":27,"column":5}},"6":{"start":{"line":16,"column":19},"end":{"line":16,"column":6}},"7":{"start":{"line":20,"column":6},"end":{"line":22,"column":7}},"8":{"start":{"line":21,"column":8},"end":{"line":null,"column":-1}},"9":{"start":{"line":24,"column":6},"end":{"line":null,"column":-1}},"10":{"start":{"line":26,"column":6},"end":{"line":null,"column":-1}},"11":{"start":{"line":31,"column":16},"end":{"line":31,"column":4}},"12":{"start":{"line":33,"column":4},"end":{"line":43,"column":5}},"13":{"start":{"line":34,"column":19},"end":{"line":34,"column":6}},"14":{"start":{"line":36,"column":6},"end":{"line":38,"column":7}},"15":{"start":{"line":37,"column":8},"end":{"line":null,"column":-1}},"16":{"start":{"line":40,"column":6},"end":{"line":null,"column":-1}},"17":{"start":{"line":42,"column":6},"end":{"line":null,"column":-1}},"18":{"start":{"line":51,"column":4},"end":{"line":null,"column":-1}}},"fnMap":{"0":{"name":"(anonymous_0)","decl":{"start":{"line":7,"column":2},"end":{"line":7,"column":7}},"loc":{"start":{"line":7,"column":19},"end":{"line":10,"column":3}}},"1":{"name":"(anonymous_1)","decl":{"start":{"line":12,"column":2},"end":{"line":12,"column":7}},"loc":{"start":{"line":12,"column":43},"end":{"line":28,"column":3}}},"2":{"name":"(anonymous_2)","decl":{"start":{"line":30,"column":2},"end":{"line":30,"column":7}},"loc":{"start":{"line":30,"column":43},"end":{"line":44,"column":3}}},"3":{"name":"(anonymous_3)","decl":{"start":{"line":50,"column":2},"end":{"line":50,"column":1}},"loc":{"start":{"line":50,"column":2},"end":{"line":52,"column":3}}}},"branchMap":{"0":{"loc":{"start":{"line":20,"column":6},"end":{"line":22,"column":7}},"type":"if","locations":[{"start":{"line":20,"column":6},"end":{"line":22,"column":7}},{"start":{"line":20,"column":6},"end":{"line":22,"column":7}}]},"1":{"loc":{"start":{"line":36,"column":6},"end":{"line":38,"column":7}},"type":"if","locations":[{"start":{"line":36,"column":6},"end":{"line":38,"column":7}},{"start":{"line":36,"column":6},"end":{"line":38,"column":7}}]}},"s":{"0":5,"1":5,"2":0,"3":0,"4":0,"5":0,"6":0,"7":0,"8":0,"9":0,"10":0,"11":0,"12":0,"13":0,"14":0,"15":0,"16":0,"17":0,"18":5},"f":{"0":0,"1":0,"2":0,"3":5},"b":{"0":[0,0],"1":[0,0]}}
,"/alt/src.d/nf2/admin/admin-client/src/services/Client.ts": {"path":"/alt/src.d/nf2/admin/admin-client/src/services/Client.ts","statementMap":{"0":{"start":{"line":1,"column":0},"end":{"line":null,"column":-1}},"1":{"start":{"line":2,"column":0},"end":{"line":null,"column":-1}},"2":{"start":{"line":9,"column":4},"end":{"line":null,"column":-1}},"3":{"start":{"line":11,"column":4},"end":{"line":null,"column":-1}},"4":{"start":{"line":16,"column":4},"end":{"line":null,"column":-1}},"5":{"start":{"line":18,"column":8},"end":{"line":null,"column":-1}},"6":{"start":{"line":21,"column":8},"end":{"line":null,"column":-1}},"7":{"start":{"line":22,"column":8},"end":{"line":null,"column":-1}}},"fnMap":{"0":{"name":"(anonymous_0)","decl":{"start":{"line":8,"column":2},"end":{"line":8,"column":1}},"loc":{"start":{"line":8,"column":44},"end":{"line":25,"column":3}}},"1":{"name":"(anonymous_1)","decl":{"start":{"line":17,"column":6},"end":{"line":17,"column":14}},"loc":{"start":{"line":17,"column":21},"end":{"line":16,"column":4}}},"2":{"name":"(anonymous_2)","decl":{"start":{"line":20,"column":6},"end":{"line":20,"column":14}},"loc":{"start":{"line":20,"column":20},"end":{"line":16,"column":4}}}},"branchMap":{},"s":{"0":14,"1":14,"2":180,"3":180,"4":180,"5":0,"6":0,"7":0},"f":{"0":180,"1":0,"2":0},"b":{}}
,"/alt/src.d/nf2/admin/admin-client/src/services/CoreClient.ts": {"path":"/alt/src.d/nf2/admin/admin-client/src/services/CoreClient.ts","statementMap":{"0":{"start":{"line":8,"column":0},"end":{"line":null,"column":-1}},"1":{"start":{"line":9,"column":0},"end":{"line":null,"column":-1}},"2":{"start":{"line":11,"column":0},"end":{"line":null,"column":-1}},"3":{"start":{"line":19,"column":17},"end":{"line":19,"column":0}},"4":{"start":{"line":20,"column":20},"end":{"line":20,"column":0}},"5":{"start":{"line":24,"column":4},"end":{"line":null,"column":-1}},"6":{"start":{"line":31,"column":18},"end":{"line":31,"column":4}},"7":{"start":{"line":32,"column":4},"end":{"line":34,"column":5}},"8":{"start":{"line":33,"column":6},"end":{"line":null,"column":-1}},"9":{"start":{"line":36,"column":17},"end":{"line":36,"column":4}},"10":{"start":{"line":37,"column":4},"end":{"line":null,"column":-1}},"11":{"start":{"line":41,"column":19},"end":{"line":41,"column":4}},"12":{"start":{"line":42,"column":17},"end":{"line":42,"column":4}},"13":{"start":{"line":43,"column":4},"end":{"line":null,"column":-1}},"14":{"start":{"line":47,"column":17},"end":{"line":47,"column":4}},"15":{"start":{"line":48,"column":4},"end":{"line":null,"column":-1}},"16":{"start":{"line":54,"column":4},"end":{"line":null,"column":-1}},"17":{"start":{"line":62,"column":16},"end":{"line":62,"column":4}},"18":{"start":{"line":64,"column":4},"end":{"line":71,"column":5}},"19":{"start":{"line":65,"column":6},"end":{"line":67,"column":7}},"20":{"start":{"line":66,"column":8},"end":{"line":null,"column":-1}},"21":{"start":{"line":68,"column":6},"end":{"line":70,"column":7}},"22":{"start":{"line":69,"column":8},"end":{"line":null,"column":-1}},"23":{"start":{"line":73,"column":4},"end":{"line":75,"column":5}},"24":{"start":{"line":74,"column":6},"end":{"line":null,"column":-1}},"25":{"start":{"line":77,"column":4},"end":{"line":80,"column":5}},"26":{"start":{"line":78,"column":6},"end":{"line":null,"column":-1}},"27":{"start":{"line":79,"column":6},"end":{"line":null,"column":-1}},"28":{"start":{"line":82,"column":17},"end":{"line":82,"column":4}},"29":{"start":{"line":83,"column":4},"end":{"line":null,"column":-1}},"30":{"start":{"line":89,"column":4},"end":{"line":null,"column":-1}},"31":{"start":{"line":93,"column":17},"end":{"line":93,"column":4}},"32":{"start":{"line":94,"column":4},"end":{"line":null,"column":-1}},"33":{"start":{"line":98,"column":17},"end":{"line":98,"column":4}},"34":{"start":{"line":99,"column":4},"end":{"line":null,"column":-1}},"35":{"start":{"line":103,"column":17},"end":{"line":103,"column":4}},"36":{"start":{"line":104,"column":4},"end":{"line":null,"column":-1}},"37":{"start":{"line":108,"column":17},"end":{"line":108,"column":4}},"38":{"start":{"line":109,"column":4},"end":{"line":null,"column":-1}},"39":{"start":{"line":113,"column":17},"end":{"line":113,"column":4}},"40":{"start":{"line":114,"column":4},"end":{"line":null,"column":-1}},"41":{"start":{"line":120,"column":4},"end":{"line":null,"column":-1}},"42":{"start":{"line":124,"column":17},"end":{"line":124,"column":4}},"43":{"start":{"line":125,"column":4},"end":{"line":null,"column":-1}},"44":{"start":{"line":129,"column":17},"end":{"line":129,"column":4}},"45":{"start":{"line":130,"column":4},"end":{"line":null,"column":-1}},"46":{"start":{"line":136,"column":4},"end":{"line":null,"column":-1}},"47":{"start":{"line":140,"column":17},"end":{"line":140,"column":4}},"48":{"start":{"line":141,"column":4},"end":{"line":null,"column":-1}},"49":{"start":{"line":148,"column":17},"end":{"line":148,"column":4}},"50":{"start":{"line":151,"column":4},"end":{"line":null,"column":-1}},"51":{"start":{"line":155,"column":25},"end":{"line":155,"column":4}},"52":{"start":{"line":156,"column":22},"end":{"line":156,"column":4}},"53":{"start":{"line":158,"column":4},"end":{"line":null,"column":-1}},"54":{"start":{"line":159,"column":20},"end":{"line":159,"column":6}},"55":{"start":{"line":159,"column":43},"end":{"line":159,"column":20}},"56":{"start":{"line":160,"column":6},"end":{"line":null,"column":-1}},"57":{"start":{"line":165,"column":17},"end":{"line":165,"column":4}},"58":{"start":{"line":166,"column":4},"end":{"line":null,"column":-1}},"59":{"start":{"line":173,"column":17},"end":{"line":173,"column":4}},"60":{"start":{"line":174,"column":4},"end":{"line":null,"column":-1}},"61":{"start":{"line":181,"column":17},"end":{"line":181,"column":4}},"62":{"start":{"line":182,"column":4},"end":{"line":null,"column":-1}},"63":{"start":{"line":186,"column":4},"end":{"line":191,"column":5}},"64":{"start":{"line":187,"column":19},"end":{"line":187,"column":6}},"65":{"start":{"line":188,"column":6},"end":{"line":null,"column":-1}},"66":{"start":{"line":190,"column":6},"end":{"line":null,"column":-1}},"67":{"start":{"line":195,"column":17},"end":{"line":195,"column":4}},"68":{"start":{"line":199,"column":4},"end":{"line":null,"column":-1}},"69":{"start":{"line":203,"column":17},"end":{"line":203,"column":4}},"70":{"start":{"line":204,"column":4},"end":{"line":null,"column":-1}},"71":{"start":{"line":208,"column":17},"end":{"line":208,"column":4}},"72":{"start":{"line":209,"column":4},"end":{"line":null,"column":-1}},"73":{"start":{"line":213,"column":17},"end":{"line":213,"column":4}},"74":{"start":{"line":214,"column":4},"end":{"line":null,"column":-1}},"75":{"start":{"line":218,"column":17},"end":{"line":218,"column":4}},"76":{"start":{"line":219,"column":4},"end":{"line":null,"column":-1}},"77":{"start":{"line":225,"column":4},"end":{"line":233,"column":5}},"78":{"start":{"line":226,"column":19},"end":{"line":226,"column":6}},"79":{"start":{"line":227,"column":6},"end":{"line":null,"column":-1}},"80":{"start":{"line":229,"column":6},"end":{"line":null,"column":-1}},"81":{"start":{"line":237,"column":17},"end":{"line":237,"column":4}},"82":{"start":{"line":238,"column":4},"end":{"line":null,"column":-1}},"83":{"start":{"line":245,"column":20},"end":{"line":245,"column":4}},"84":{"start":{"line":252,"column":29},"end":{"line":252,"column":4}},"85":{"start":{"line":253,"column":4},"end":{"line":null,"column":-1}},"86":{"start":{"line":261,"column":29},"end":{"line":261,"column":4}},"87":{"start":{"line":263,"column":31},"end":{"line":263,"column":4}},"88":{"start":{"line":265,"column":13},"end":{"line":263,"column":31}},"89":{"start":{"line":267,"column":19},"end":{"line":263,"column":31}},"90":{"start":{"line":268,"column":19},"end":{"line":263,"column":31}},"91":{"start":{"line":269,"column":17},"end":{"line":263,"column":31}},"92":{"start":{"line":271,"column":4},"end":{"line":273,"column":5}},"93":{"start":{"line":272,"column":6},"end":{"line":null,"column":-1}},"94":{"start":{"line":275,"column":4},"end":{"line":null,"column":-1}},"95":{"start":{"line":279,"column":20},"end":{"line":279,"column":4}},"96":{"start":{"line":285,"column":29},"end":{"line":285,"column":4}},"97":{"start":{"line":286,"column":4},"end":{"line":null,"column":-1}},"98":{"start":{"line":293,"column":29},"end":{"line":293,"column":4}},"99":{"start":{"line":295,"column":31},"end":{"line":295,"column":4}},"100":{"start":{"line":296,"column":24},"end":{"line":296,"column":6}},"101":{"start":{"line":298,"column":8},"end":{"line":297,"column":6}},"102":{"start":{"line":299,"column":24},"end":{"line":299,"column":6}},"103":{"start":{"line":301,"column":6},"end":{"line":null,"column":-1}},"104":{"start":{"line":304,"column":4},"end":{"line":306,"column":5}},"105":{"start":{"line":305,"column":6},"end":{"line":null,"column":-1}},"106":{"start":{"line":308,"column":4},"end":{"line":null,"column":-1}},"107":{"start":{"line":314,"column":4},"end":{"line":null,"column":-1}},"108":{"start":{"line":318,"column":17},"end":{"line":318,"column":4}},"109":{"start":{"line":319,"column":4},"end":{"line":null,"column":-1}},"110":{"start":{"line":323,"column":17},"end":{"line":323,"column":4}},"111":{"start":{"line":324,"column":4},"end":{"line":null,"column":-1}},"112":{"start":{"line":328,"column":17},"end":{"line":328,"column":4}},"113":{"start":{"line":329,"column":4},"end":{"line":null,"column":-1}},"114":{"start":{"line":333,"column":17},"end":{"line":333,"column":4}},"115":{"start":{"line":334,"column":4},"end":{"line":null,"column":-1}},"116":{"start":{"line":338,"column":17},"end":{"line":338,"column":4}},"117":{"start":{"line":339,"column":4},"end":{"line":null,"column":-1}},"118":{"start":{"line":343,"column":17},"end":{"line":343,"column":4}},"119":{"start":{"line":344,"column":4},"end":{"line":null,"column":-1}},"120":{"start":{"line":348,"column":21},"end":{"line":348,"column":4}},"121":{"start":{"line":349,"column":4},"end":{"line":null,"column":-1}},"122":{"start":{"line":350,"column":4},"end":{"line":null,"column":-1}},"123":{"start":{"line":352,"column":17},"end":{"line":352,"column":4}},"124":{"start":{"line":353,"column":4},"end":{"line":null,"column":-1}},"125":{"start":{"line":357,"column":17},"end":{"line":357,"column":4}},"126":{"start":{"line":360,"column":4},"end":{"line":null,"column":-1}},"127":{"start":{"line":364,"column":26},"end":{"line":364,"column":4}},"128":{"start":{"line":365,"column":24},"end":{"line":365,"column":4}},"129":{"start":{"line":366,"column":25},"end":{"line":366,"column":4}},"130":{"start":{"line":368,"column":20},"end":{"line":368,"column":4}},"131":{"start":{"line":369,"column":4},"end":{"line":null,"column":-1}},"132":{"start":{"line":370,"column":6},"end":{"line":null,"column":-1}},"133":{"start":{"line":378,"column":20},"end":{"line":378,"column":4}},"134":{"start":{"line":385,"column":29},"end":{"line":385,"column":4}},"135":{"start":{"line":386,"column":4},"end":{"line":null,"column":-1}},"136":{"start":{"line":390,"column":29},"end":{"line":390,"column":4}},"137":{"start":{"line":391,"column":31},"end":{"line":391,"column":4}},"138":{"start":{"line":395,"column":31},"end":{"line":395,"column":4}},"139":{"start":{"line":396,"column":19},"end":{"line":395,"column":31}},"140":{"start":{"line":397,"column":19},"end":{"line":395,"column":31}},"141":{"start":{"line":398,"column":19},"end":{"line":395,"column":31}},"142":{"start":{"line":399,"column":17},"end":{"line":395,"column":31}},"143":{"start":{"line":401,"column":4},"end":{"line":403,"column":5}},"144":{"start":{"line":402,"column":6},"end":{"line":null,"column":-1}},"145":{"start":{"line":405,"column":4},"end":{"line":null,"column":-1}},"146":{"start":{"line":409,"column":17},"end":{"line":409,"column":4}},"147":{"start":{"line":410,"column":4},"end":{"line":null,"column":-1}},"148":{"start":{"line":416,"column":4},"end":{"line":null,"column":-1}},"149":{"start":{"line":420,"column":17},"end":{"line":420,"column":4}},"150":{"start":{"line":421,"column":4},"end":{"line":null,"column":-1}},"151":{"start":{"line":425,"column":17},"end":{"line":425,"column":4}},"152":{
[...]
,"/alt/src.d/nf2/admin/admin-client/src/util/testing/FakeJQuery.ts": {"path":"/alt/src.d/nf2/admin/admin-client/src/util/testing/FakeJQuery.ts","statementMap":{"0":{"start":{"line":6,"column":24},"end":{"line":6,"column":7}},"1":{"start":{"line":7,"column":25},"end":{"line":7,"column":7}},"2":{"start":{"line":8,"column":25},"end":{"line":8,"column":7}},"3":{"start":{"line":9,"column":21},"end":{"line":9,"column":7}},"4":{"start":{"line":10,"column":21},"end":{"line":10,"column":7}},"5":{"start":{"line":11,"column":21},"end":{"line":11,"column":7}},"6":{"start":{"line":12,"column":20},"end":{"line":12,"column":7}},"7":{"start":{"line":14,"column":20},"end":{"line":14,"column":7}},"8":{"start":{"line":15,"column":2},"end":{"line":null,"column":-1}},"9":{"start":{"line":26,"column":19},"end":{"line":26,"column":0}},"10":{"start":{"line":27,"column":2},"end":{"line":null,"column":-1}}},"fnMap":{"0":{"name":"(anonymous_0)","decl":{"start":{"line":14,"column":28},"end":{"line":14,"column":32}},"loc":{"start":{"line":14,"column":33},"end":{"line":14,"column":20}}},"1":{"name":"(anonymous_1)","decl":{"start":{"line":26,"column":19},"end":{"line":26,"column":23}},"loc":{"start":{"line":26,"column":24},"end":{"line":26,"column":0}}}},"branchMap":{},"s":{"0":11,"1":11,"2":11,"3":11,"4":11,"5":11,"6":11,"7":11,"8":5,"9":11,"10":53},"f":{"0":5,"1":53},"b":{}}
,"/alt/src.d/nf2/admin/admin-client/src/util/testing/Gimme.ts": {"path":"/alt/src.d/nf2/admin/admin-client/src/util/testing/Gimme.ts","statementMap":{"0":{"start":{"line":2,"column":0},"end":{"line":null,"column":-1}},"1":{"start":{"line":4,"column":20},"end":{"line":4,"column":0}},"2":{"start":{"line":7,"column":24},"end":{"line":7,"column":6}},"3":{"start":{"line":10,"column":30},"end":{"line":10,"column":12}},"4":{"start":{"line":17,"column":21},"end":{"line":17,"column":0}},"5":{"start":{"line":21,"column":24},"end":{"line":21,"column":6}},"6":{"start":{"line":22,"column":26},"end":{"line":22,"column":8}},"7":{"start":{"line":26,"column":31},"end":{"line":26,"column":0}},"8":{"start":{"line":27,"column":26},"end":{"line":27,"column":8}},"9":{"start":{"line":29,"column":24},"end":{"line":29,"column":6}},"10":{"start":{"line":32,"column":26},"end":{"line":32,"column":8}},"11":{"start":{"line":38,"column":23},"end":{"line":38,"column":0}},"12":{"start":{"line":54,"column":24},"end":{"line":54,"column":6}},"13":{"start":{"line":56,"column":26},"end":{"line":56,"column":8}},"14":{"start":{"line":61,"column":25},"end":{"line":61,"column":0}},"15":{"start":{"line":62,"column":51},"end":{"line":62,"column":33}},"16":{"start":{"line":63,"column":42},"end":{"line":63,"column":24}},"17":{"start":{"line":65,"column":24},"end":{"line":65,"column":6}},"18":{"start":{"line":66,"column":43},"end":{"line":66,"column":25}},"19":{"start":{"line":68,"column":39},"end":{"line":68,"column":21}},"20":{"start":{"line":72,"column":26},"end":{"line":72,"column":0}},"21":{"start":{"line":78,"column":24},"end":{"line":78,"column":6}},"22":{"start":{"line":80,"column":33},"end":{"line":80,"column":15}},"23":{"start":{"line":87,"column":23},"end":{"line":87,"column":0}},"24":{"start":{"line":88,"column":42},"end":{"line":88,"column":24}},"25":{"start":{"line":90,"column":24},"end":{"line":90,"column":6}},"26":{"start":{"line":98,"column":34},"end":{"line":98,"column":0}},"27":{"start":{"line":100,"column":24},"end":{"line":100,"column":6}},"28":{"start":{"line":106,"column":37},"end":{"line":106,"column":0}},"29":{"start":{"line":112,"column":26},"end":{"line":112,"column":0}},"30":{"start":{"line":118,"column":24},"end":{"line":118,"column":6}},"31":{"start":{"line":119,"column":30},"end":{"line":119,"column":12}},"32":{"start":{"line":131,"column":29},"end":{"line":131,"column":0}},"33":{"start":{"line":132,"column":38},"end":{"line":132,"column":20}},"34":{"start":{"line":136,"column":24},"end":{"line":136,"column":6}},"35":{"start":{"line":137,"column":34},"end":{"line":137,"column":16}},"36":{"start":{"line":142,"column":23},"end":{"line":142,"column":0}},"37":{"start":{"line":143,"column":37},"end":{"line":143,"column":19}},"38":{"start":{"line":145,"column":44},"end":{"line":145,"column":26}},"39":{"start":{"line":156,"column":27},"end":{"line":156,"column":0}},"40":{"start":{"line":160,"column":24},"end":{"line":160,"column":6}},"41":{"start":{"line":164,"column":34},"end":{"line":164,"column":16}},"42":{"start":{"line":171,"column":24},"end":{"line":171,"column":0}},"43":{"start":{"line":175,"column":24},"end":{"line":175,"column":6}},"44":{"start":{"line":179,"column":48},"end":{"line":179,"column":30}},"45":{"start":{"line":184,"column":4},"end":{"line":null,"column":-1}},"46":{"start":{"line":188,"column":4},"end":{"line":null,"column":-1}},"47":{"start":{"line":192,"column":4},"end":{"line":null,"column":-1}},"48":{"start":{"line":196,"column":4},"end":{"line":null,"column":-1}},"49":{"start":{"line":200,"column":4},"end":{"line":null,"column":-1}},"50":{"start":{"line":204,"column":4},"end":{"line":null,"column":-1}},"51":{"start":{"line":208,"column":4},"end":{"line":null,"column":-1}},"52":{"start":{"line":212,"column":4},"end":{"line":null,"column":-1}},"53":{"start":{"line":216,"column":4},"end":{"line":null,"column":-1}},"54":{"start":{"line":220,"column":4},"end":{"line":null,"column":-1}},"55":{"start":{"line":224,"column":4},"end":{"line":null,"column":-1}},"56":{"start":{"line":228,"column":4},"end":{"line":null,"column":-1}},"57":{"start":{"line":234,"column":4},"end":{"line":null,"column":-1}},"58":{"start":{"line":238,"column":4},"end":{"line":null,"column":-1}},"59":{"start":{"line":242,"column":4},"end":{"line":null,"column":-1}},"60":{"start":{"line":246,"column":4},"end":{"line":null,"column":-1}},"61":{"start":{"line":250,"column":4},"end":{"line":null,"column":-1}},"62":{"start":{"line":254,"column":4},"end":{"line":null,"column":-1}},"63":{"start":{"line":258,"column":4},"end":{"line":null,"column":-1}},"64":{"start":{"line":262,"column":4},"end":{"line":null,"column":-1}},"65":{"start":{"line":266,"column":4},"end":{"line":null,"column":-1}},"66":{"start":{"line":270,"column":4},"end":{"line":null,"column":-1}},"67":{"start":{"line":274,"column":4},"end":{"line":null,"column":-1}},"68":{"start":{"line":283,"column":4},"end":{"line":null,"column":-1}},"69":{"start":{"line":284,"column":4},"end":{"line":null,"column":-1}},"70":{"start":{"line":286,"column":4},"end":{"line":null,"column":-1}}},"fnMap":{"0":{"name":"(anonymous_0)","decl":{"start":{"line":7,"column":19},"end":{"line":7,"column":20}},"loc":{"start":{"line":7,"column":24},"end":{"line":7,"column":6}}},"1":{"name":"(anonymous_1)","decl":{"start":{"line":10,"column":25},"end":{"line":10,"column":26}},"loc":{"start":{"line":10,"column":30},"end":{"line":10,"column":12}}},"2":{"name":"(anonymous_2)","decl":{"start":{"line":21,"column":19},"end":{"line":21,"column":20}},"loc":{"start":{"line":21,"column":24},"end":{"line":21,"column":6}}},"3":{"name":"(anonymous_3)","decl":{"start":{"line":22,"column":21},"end":{"line":22,"column":22}},"loc":{"start":{"line":22,"column":26},"end":{"line":22,"column":8}}},"4":{"name":"(anonymous_4)","decl":{"start":{"line":27,"column":21},"end":{"line":27,"column":22}},"loc":{"start":{"line":27,"column":26},"end":{"line":27,"column":8}}},"5":{"name":"(anonymous_5)","decl":{"start":{"line":29,"column":19},"end":{"line":29,"column":20}},"loc":{"start":{"line":29,"column":24},"end":{"line":29,"column":6}}},"6":{"name":"(anonymous_6)","decl":{"start":{"line":32,"column":21},"end":{"line":32,"column":22}},"loc":{"start":{"line":32,"column":26},"end":{"line":32,"column":8}}},"7":{"name":"(anonymous_7)","decl":{"start":{"line":54,"column":19},"end":{"line":54,"column":20}},"loc":{"start":{"line":54,"column":24},"end":{"line":54,"column":6}}},"8":{"name":"(anonymous_8)","decl":{"start":{"line":56,"column":21},"end":{"line":56,"column":22}},"loc":{"start":{"line":56,"column":26},"end":{"line":56,"column":8}}},"9":{"name":"(anonymous_9)","decl":{"start":{"line":62,"column":46},"end":{"line":62,"column":47}},"loc":{"start":{"line":62,"column":51},"end":{"line":62,"column":33}}},"10":{"name":"(anonymous_10)","decl":{"start":{"line":63,"column":37},"end":{"line":63,"column":38}},"loc":{"start":{"line":63,"column":42},"end":{"line":63,"column":24}}},"11":{"name":"(anonymous_11)","decl":{"start":{"line":65,"column":19},"end":{"line":65,"column":20}},"loc":{"start":{"line":65,"column":24},"end":{"line":65,"column":6}}},"12":{"name":"(anonymous_12)","decl":{"start":{"line":66,"column":38},"end":{"line":66,"column":39}},"loc":{"start":{"line":66,"column":43},"end":{"line":66,"column":25}}},"13":{"name":"(anonymous_13)","decl":{"start":{"line":68,"column":34},"end":{"line":68,"column":35}},"loc":{"start":{"line":68,"column":39},"end":{"line":68,"column":21}}},"14":{"name":"(anonymous_14)","decl":{"start":{"line":78,"column":19},"end":{"line":78,"column":20}},"loc":{"start":{"line":78,"column":24},"end":{"line":78,"column":6}}},"15":{"name":"(anonymous_15)","decl":{"start":{"line":80,"column":28},"end":{"line":80,"column":29}},"loc":{"start":{"line":80,"column":33},"end":{"line":80,"column":15}}},"16":{"name":"(anonymous_16)","decl":{"start":{"line":88,"column":37},"end":{"line":88,"column":38}},"loc":{"start":{"line":88,"column":42},"end":{"line":88,"column":24}}},"17":{"name":"(anonymous_17)","decl":{"start":{"line":90,"column":19},"end":{"line":90,"column":20}},"loc":{"start":{"line":90,"column":24},"end":{"line":90,"column":6}}},"18":{"name":"(anonymous_18)","decl":{"start":{"line":100,"column":19},"end":{"line":100,"column":20}},"loc":{"start":{"line":100,"column":24},"end":{"line":100,"column":6}}},"19":{"name":"(anonymous_19)","decl":{"start":{"line":118,"column":19},"end":{"line":118,"column":20}},"loc":{"start":{"line":118,"column":24},"end":{"line":118,"column":6}}},"20":{"name":"(anonymous_20)","decl":{"start":{"line":119,"column":25},"end":{"line":119,"column":26}},"loc":{"start":{"line":119,"column":30},"end":{"line":119,"column":12}}},"21":{"name":"(anonymous_21)","decl":{"start":{"line":132,"column":33},"end":{"line":132,"column":34}},"loc":{"start":{"line":132,"column":38},"end":{"line":132,"column":20}}},"22":{"name":"(anonymous_22)","decl":{"start":{"line":136,"column":19},"end":{"line":136,"column":20}},"loc":{"start":{"line":136,"column":24},"end":{"line":136,"column":6}}},"23":{"name":"(anonymous_23)","decl":{"start":{"line":137,"column":29},"end":{"line":137,"column":30}},"loc":{"start":{"line":137,"column":34},"end":{"line":137,"column":16}}},"24":{"name":"(anonymous_24)","decl":{"start":{"line":143,"column":32},"end":{"line":143,"column":33}},"loc":{"start":{"line":143,"column":37},"end":{"line":143,"column":19}}},"25":{"name":"(anonymous_25)","decl":{"start":{"line":145,"column":39},"end":{"line":145,"column":40}},"loc":{"start":{"line":145,"column":44},"end":{"line":145,"column":26}}},"26":{"name":"(anonymous_26)","decl":{"start":{"line":160,"column":19},"end":{"line":160,"column":20}},"loc":{"start":{"line":160,"column":24},"end":{"line":160,"column":6}}},"27":{"name":"(anonymous_27)","decl":{"start":{"line":164,"column":29},"end":{"line":164,"column":30}},"loc":{"start":{"line":164,"column":34},"end":{"line":164,"column":16}}},"28":{"name":"(anonymous_28)","decl":{"start":{"line":175,"column":19},"end":{"line":175,"column":20}},"loc":{"start":{"line":175,"column":24},"end":{"line":175,"column":6}}},"29":{"name":"(anonymous_29)","decl":{"start":{"line":179,"column":43},"end":{"line":179,"column":44}},"loc":{"start":{"line":179,"column":48},"end":{"line":179,"column":30}}},"30":{"name":"(anonymous_30)","decl":{"start":{"line":183,"column":2},"end":{"line":183,"column":5}},"loc":{"start":{"line":183,"column":6},"end":{"line":185,"column":3}}},"31":{"name":"(anonymous_31)","decl":{"start":{"line":187,"column":2},"end":{"line":187,"column":6}},"loc":{"start":{"line":187,"column":7},"end":{"line":189,"column":3}}},"32":{"name":"(anonymous_32)","decl":{"start":{"line":191,"column":2},"end":{"line":191,"column":8}},"loc":{"start":{"line":191,"column":9},"end":{"line":193,"column":3}}},"33":{"name":"(anonymous_33)","decl":{"start":{"line":195,"column":2},"end":{"line":195,"column":16}},"loc":{"start":{"line":195,"column":17},"end":{"line":197,"column":3}}},"34":{"name":"(anonymous_34)","decl":{"start":{"line":199,"column":2},"end":{"line":199,"column":11}},"loc":{"start":{"line":199,"column":12},"end":{"line":201,"column":3}}},"35":{"name":"(anonymous_35)","decl":{"start":{"line":203,"column":2},"end":{"line":203,"column":8}},"loc":{"start":{"line":203,"column":9},"end":{"line":205,"column":3}}},"36":{"name":"(anonymous_36)","decl":{"start":{"line":207,"column":2},"end":{"line":207,"column":15}},"loc":{"start":{"line":207,"column":16},"end":{"line":209,"column":3}}},"37":{"name":"(anonymous_37)","decl":{"start":{"line":211,"column":2},"end":{"line":211,"column":18}},"loc":{"start":{"line":211,"column":19},"end":{"line":213,"column":3}}},"38":{"name":"(anonymous_38)","decl":{"start":{"line":215,"column":2},"end":{"line":215,"column":14}},"loc":{"start":{"line":215,"column":15},"end":{"line":217,"column":3}}},"39":{"name":"(anonymous_39)","decl":{"start":{"line":219,"column":2},"end":{"line":219,"column":8}},"loc":{"start":{"line":219,"column":9},"end":{"line":221,"column":3}}},"40":{"name":"(anonymous_40)","decl":{"start":{"line":223,"column":2},"end":{"line":223,"column":12}},"loc":{"start":{"line":223,"column":13},"end":{"line":225,"column":3}}},"41":{"name":"(anonymous_41)","decl":{"start":{"line":227,"column":2},"end":{"line":227,"column":9}},"loc":{"start":{"line":227,"column":10},"end":{"line":229,"column":3}}},"42":{"name":"(anonymous_42)","decl":{"start":{"line":233,"column":2},"end":{"line":233,"column":6}},"loc":{"start":{"line":233,"column":21},"end":{"line":235,"column":3}}},"43":{"name":"(anonymous_43)","decl":{"start":{"line":237,"column":2},"end":{"line":237,"column":7}},"loc":{"start":{"line":237,"column":22},"end":{"line":239,"column":3}}},"44":{"name":"(anonymous_44)","decl":{"start":{"line":241,"column":2},"end":{"line":241,"column":9}},"loc":{"start":{"line":241,"column":24},"end":{"line":243,"column":3}}},"45":{"name":"(anonymous_45)","decl":{"start":{"line":245,"column":2},"end":{"line":245,"column":17}},"loc":{"start":{"line":245,"column":32},"end":{"line":247,"column":3}}},"46":{"name":"(anonymous_46)","decl":{"start":{"line":249,"column":2},"end":{"line":249,"column":12}},"loc":{"start":{"line":249,"column":27},"end":{"line":251,"column":3}}},"47":{"name":"(anonymous_47)","decl":{"start":{"line":253,"column":2},"end":{"line":253,"column":9}},"loc":{"start":{"line":253,"column":24},"end":{"line":255,"column":3}}},"48":{"name":"(anonymous_48)","decl":{"start":{"line":257,"column":2},"end":{"line":257,"column":16}},"loc":{"start":{"line":257,"column":31},"end":{"line":259,"column":3}}},"49":{"name":"(anonymous_49)","decl":{"start":{"line":261,"column":2},"end":{"line":261,"column":15}},"loc":{"start":{"line":261,"column":30},"end":{"line":263,"column":3}}},"50":{"name":"(anonymous_50)","decl":{"start":{"line":265,"column":2},"end":{"line":265,"column":9}},"loc":{"start":{"line":265,"column":24},"end":{"line":267,"column":3}}},"51":{"name":"(anonymous_51)","decl":{"start":{"line":269,"column":2},"end":{"line":269,"column":13}},"loc":{"start":{"line":269,"column":28},"end":{"line":271,"column":3}}},"52":{"name":"(anonymous_52)","decl":{"start":{"line":273,"column":2},"end":{"line":273,"column":10}},"loc":{"start":{"line":273,"column":25},"end":{"line":275,"column":3}}},"53":{"name":"(anonymous_53)","decl":{"start":{"line":282,"column":2},"end":{"line":282,"column":1}},"loc":{"start":{"line":282,"column":2},"end":{"line":287,"column":3}}}},"branchMap":{},"s":{"0":10,"1":10,"2":86,"3":86,"4":10,"5":44,"6":44,"7":10,"8":37,"9":37,"10":37,"11":10,"12":87,"13":87,"14":10,"15":0,"16":0,"17":10,"18":10,"19":10,"20":10,"21":55,"22":0,"23":10,"24":0,"25":40,"26":10,"27":10,"28":10,"29":10,"30":22,"31":22,"32":10,"33":0,"34":11,"35":0,"36":10,"37":0,"38":0,"39":10,"40":10,"41":0,"42":10,"43":13,"44":0,"45":26,"46":23,"47":22,"48":7,"49":17,"50":19,"51":7,"52":1,"53":0,"54":12,"55":0,"56":1,"57":16,"58":4,"59":14,"60":10,"61":14,"62":8,"63":5,"64":3,"65":2,"66":3,"67":4,"68":10,"69":10,"70":10},"f":{"0":86,"1":86,"2":44,"3":44,"4":37,"5":37,"6":37,"7":87,"8":87,"9":0,"10":0,"11":10,"12":10,"13":10,"14":55,"15":0,"16":0,"17":40,"18":10,"19":22,"20":22,"21":0,"22":11,"23":0,"24":0,"25":0,"26":10,"27":0,"28":13,"29":0,"30":26,"31":23,"32":22,"33":7,"34":17,"35":19,"36":7,"37":1,"38":0,"39":12,"40":0,"41":1,"42":16,"43":4,"44":14,"45":10,"46":14,"47":8,"48":5,"49":3,"50":2,"51":3,"52":4,"53":10},"b":{}}
,"/alt/src.d/nf2/admin/admin-client/src/util/validation/CsvValidation.ts": {"path":"/alt/src.d/nf2/admin/admin-client/src/util/validation/CsvValidation.ts","statementMap":{"0":{"start":{"line":2,"column":20},"end":{"line":2,"column":7}},"1":{"start":{"line":4,"column":18},"end":{"line":4,"column":4}},"2":{"start":{"line":5,"column":4},"end":{"line":null,"column":-1}},"3":{"start":{"line":8,"column":19},"end":{"line":8,"column":4}},"4":{"start":{"line":8,"column":43},"end":{"line":8,"column":19}},"5":{"start":{"line":9,"column":4},"end":{"line":null,"column":-1}},"6":{"start":{"line":13,"column":24},"end":{"line":13,"column":7}},"7":{"start":{"line":15,"column":27},"end":{"line":15,"column":4}},"8":{"start":{"line":15,"column":45},"end":{"line":15,"column":27}},"9":{"start":{"line":16,"column":4},"end":{"line":null,"column":-1}},"10":{"start":{"line":17,"column":4},"end":{"line":19,"column":5}},"11":{"start":{"line":18,"column":6},"end":{"line":null,"column":-1}},"12":{"start":{"line":20,"column":4},"end":{"line":null,"column":-1}},"13":{"start":{"line":26,"column":23},"end":{"line":26,"column":4}},"14":{"start":{"line":29,"column":27},"end":{"line":29,"column":4}},"15":{"start":{"line":29,"column":45},"end":{"line":29,"column":27}},"16":{"start":{"line":30,"column":4},"end":{"line":null,"column":-1}},"17":{"start":{"line":34,"column":21},"end":{"line":34,"column":7}},"18":{"start":{"line":36,"column":4},"end":{"line":null,"column":-1}},"19":{"start":{"line":39,"column":20},"end":{"line":39,"column":4}},"20":{"start":{"line":40,"column":4},"end":{"line":null,"column":-1}},"21":{"start":{"line":44,"column":30},"end":{"line":44,"column":7}}},"fnMap":{"0":{"name":"(anonymous_0)","decl":{"start":{"line":8,"column":35},"end":{"line":8,"column":38}},"loc":{"start":{"line":8,"column":43},"end":{"line":8,"column":19}}},"1":{"name":"(anonymous_1)","decl":{"start":{"line":15,"column":37},"end":{"line":15,"column":40}},"loc":{"start":{"line":15,"column":45},"end":{"line":15,"column":27}}},"2":{"name":"(anonymous_2)","decl":{"start":{"line":29,"column":37},"end":{"line":29,"column":40}},"loc":{"start":{"line":29,"column":45},"end":{"line":29,"column":27}}}},"branchMap":{"0":{"loc":{"start":{"line":16,"column":32},"end":{"line":16,"column":12}},"type":"cond-expr","locations":[{"start":{"line":16,"column":32},"end":{"line":16,"column":12}},{"start":{"line":16,"column":61},"end":{"line":16,"column":4}}]},"1":{"loc":{"start":{"line":17,"column":4},"end":{"line":19,"column":5}},"type":"if","locations":[{"start":{"line":17,"column":4},"end":{"line":19,"column":5}},{"start":{"line":17,"column":4},"end":{"line":19,"column":5}}]},"2":{"loc":{"start":{"line":30,"column":11},"end":{"line":30,"column":21}},"type":"binary-expr","locations":[{"start":{"line":30,"column":11},"end":{"line":30,"column":21}},{"start":{"line":30,"column":25},"end":{"line":30,"column":4}}]}},"s":{"0":2,"1":1,"2":1,"3":5,"4":9,"5":5,"6":2,"7":3,"8":3,"9":3,"10":3,"11":1,"12":2,"13":10,"14":10,"15":28,"16":10,"17":2,"18":1,"19":3,"20":3,"21":2},"f":{"0":9,"1":3,"2":28},"b":{"0":[1,2],"1":[1,2],"2":[10,4]}}
}
