TN:
SF:/alt/src.d/nf2/admin/admin-client/src/components/core/ListManager.vue
FNF:0
FNH:0
DA:45,2
DA:46,2
DA:73,1
DA:74,1
DA:76,1
DA:77,0
DA:83,0
DA:86,0
DA:91,1
DA:99,0
LF:10
LH:6
BRDA:73,0,0,1
BRDA:73,0,1,0
BRDA:74,1,0,1
BRDA:74,1,1,0
BRDA:76,2,0,0
BRDA:76,2,1,1
BRDA:76,3,0,1
BRDA:76,3,1,1
BRDA:92,4,0,1
BRDA:92,4,1,0
BRDA:93,5,0,1
BRDA:93,5,1,0
BRF:12
BRH:7
end_of_record
TN:
SF:/alt/src.d/nf2/admin/admin-client/src/components/core/ListManagerList.vue
FN:223,(anonymous_1)
FN:254,closeExtraContent
FN:267,(anonymous_3)
FN:307,(anonymous_4)
FN:311,(anonymous_7)
FN:314,(anonymous_9)
FN:317,(anonymous_11)
FN:320,(anonymous_12)
FN:383,(anonymous_16)
FN:419,(anonymous_17)
FN:471,(anonymous_18)
FNF:11
FNH:1
FNDA:0,(anonymous_1)
FNDA:0,closeExtraContent
FNDA:0,(anonymous_3)
FNDA:0,(anonymous_4)
FNDA:0,(anonymous_7)
FNDA:0,(anonymous_9)
FNDA:0,(anonymous_11)
FNDA:0,(anonymous_12)
FNDA:63,(anonymous_16)
FNDA:0,(anonymous_17)
FNDA:0,(anonymous_18)
DA:188,3
DA:189,3
DA:190,3
DA:220,16
DA:223,8
DA:225,0
DA:226,0
DA:228,0
DA:229,0
DA:232,0
DA:245,0
DA:254,8
DA:255,0
DA:267,8
DA:268,0
DA:271,8
DA:279,3
DA:283,3
DA:284,0
DA:285,0
DA:294,8
DA:296,8
DA:297,8
DA:299,8
DA:300,0
DA:306,0
DA:307,0
DA:310,0
DA:311,0
DA:314,0
DA:317,0
DA:320,0
DA:328,0
DA:330,0
DA:332,0
DA:334,0
DA:339,8
DA:362,8
DA:367,8
DA:369,8
DA:372,8
DA:375,10
DA:381,10
DA:383,10
DA:384,112
DA:386,14
DA:387,14
DA:391,14
DA:399,0
DA:402,58
DA:404,58
DA:407,0
DA:410,116
DA:411,0
DA:415,116
DA:419,1
DA:420,0
DA:421,0
DA:422,0
DA:426,0
DA:428,0
DA:429,0
DA:431,0
DA:434,0
DA:438,110
DA:439,0
DA:440,0
DA:441,0
DA:444,0
DA:447,110
DA:451,58
DA:454,0
DA:456,0
DA:458,0
DA:461,0
DA:462,0
DA:466,0
DA:467,0
DA:468,0
DA:470,0
DA:471,0
DA:474,0
DA:476,0
DA:477,0
DA:482,0
DA:483,0
DA:484,0
DA:486,0
DA:490,0
DA:493,0
DA:494,0
DA:495,0
DA:496,0
DA:498,0
DA:499,0
DA:501,0
DA:503,0
DA:504,0
DA:507,1
DA:508,1
DA:509,1
DA:512,1
DA:513,1
DA:514,0
DA:517,1
DA:520,1
LF:106
LH:41
BRDA:228,0,0,0
BRDA:228,0,1,0
BRDA:283,1,0,0
BRDA:283,1,1,3
BRDA:296,2,0,8
BRDA:296,2,1,0
BRDA:297,3,0,8
BRDA:297,3,1,0
BRDA:299,4,0,0
BRDA:299,4,1,8
BRDA:299,5,0,8
BRDA:299,5,1,8
BRDA:306,6,0,0
BRDA:306,6,1,0
BRDA:310,7,0,0
BRDA:310,7,1,0
BRDA:310,8,0,0
BRDA:310,8,1,0
BRDA:343,9,0,8
BRDA:343,9,1,0
BRDA:349,10,0,8
BRDA:349,10,1,0
BRDA:362,11,0,0
BRDA:362,11,1,8
BRDA:367,12,0,3
BRDA:367,12,1,5
BRDA:377,13,0,10
BRDA:377,13,1,0
BRDA:381,14,0,0
BRDA:381,14,1,10
BRDA:384,15,0,49
BRDA:384,15,1,14
BRDA:387,16,0,14
BRDA:387,16,1,0
BRDA:404,17,0,58
BRDA:404,17,1,51
BRDA:410,18,0,0
BRDA:410,18,1,116
BRDA:429,19,0,0
BRDA:429,19,1,0
BRDA:438,20,0,0
BRDA:438,20,1,110
BRDA:440,21,0,0
BRDA:440,21,1,0
BRDA:456,22,0,0
BRDA:456,22,1,0
BRDA:470,23,0,0
BRDA:470,23,1,0
BRDA:483,24,0,0
BRDA:483,24,1,0
BRDA:494,25,0,0
BRDA:494,25,1,0
BRDA:507,26,0,1
BRDA:507,26,1,0
BRDA:509,27,0,1
BRDA:509,27,1,1
BRDA:513,28,0,0
BRDA:513,28,1,1
BRF:58
BRH:24
end_of_record
TN:
SF:/alt/src.d/nf2/admin/admin-client/src/components/core/SimpleDateRange.vue
FN:29,(anonymous_1)
FN:106,(anonymous_2)
FNF:2
FNH:2
FNDA:16,(anonymous_1)
FNDA:4,(anonymous_2)
DA:23,2
DA:24,2
DA:25,2
DA:27,2
DA:29,2
DA:30,16
DA:33,2
DA:95,4
DA:103,2
DA:105,2
DA:106,5
DA:109,1
DA:111,1
DA:116,1
LF:14
LH:14
BRDA:105,0,0,1
BRDA:105,0,1,1
BRDA:109,1,0,0
BRDA:109,1,1,1
BRF:4
BRH:3
end_of_record
TN:
SF:/alt/src.d/nf2/admin/admin-client/src/components/core/SimpleDropdown.vue
FN:24,(anonymous_1)
FN:51,(anonymous_2)
FNF:2
FNH:1
FNDA:5,(anonymous_1)
FNDA:0,(anonymous_2)
DA:10,3
DA:26,5
DA:33,0
DA:34,0
DA:41,0
DA:47,5
DA:48,5
DA:52,0
DA:59,0
DA:61,0
LF:10
LH:4
BRDA:33,0,0,0
BRDA:33,0,1,0
BRDA:52,1,0,0
BRDA:52,1,1,0
BRDA:52,2,0,0
BRDA:52,2,1,0
BRDA:52,2,2,0
BRDA:52,2,3,0
BRF:8
BRH:0
end_of_record
TN:
SF:/alt/src.d/nf2/admin/admin-client/src/components/core/SimpleExpandable.vue
FNF:0
FNH:0
DA:22,2
DA:30,3
LF:2
LH:2
BRF:0
BRH:0
end_of_record
TN:
SF:/alt/src.d/nf2/admin/admin-client/src/components/core/SimpleModal.vue
FN:42,(anonymous_1)
FN:57,(anonymous_2)
FNF:2
FNH:2
FNDA:2,(anonymous_1)
FNDA:2,(anonymous_2)
DA:28,2
DA:44,2
DA:59,2
DA:66,2
DA:71,2
DA:78,2
DA:84,2
DA:86,2
DA:91,2
DA:95,0
DA:99,0
DA:104,2
DA:105,2
DA:106,1
DA:107,1
DA:108,1
DA:115,0
DA:117,0
LF:18
LH:14
BRDA:66,0,0,1
BRDA:66,0,1,1
BRDA:84,1,0,2
BRDA:84,1,1,0
BRDA:105,2,0,1
BRDA:105,2,1,1
BRDA:107,3,0,1
BRDA:107,3,1,0
BRF:8
BRH:6
end_of_record
TN:
SF:/alt/src.d/nf2/admin/admin-client/src/components/core/SimplePager.vue
FN:167,(anonymous_1)
FN:185,(anonymous_2)
FNF:2
FNH:0
FNDA:0,(anonymous_1)
FNDA:0,(anonymous_2)
DA:71,2
DA:72,2
DA:85,0
DA:88,0
DA:91,0
DA:96,5
DA:107,0
DA:110,0
DA:111,0
DA:114,5
DA:115,5
DA:118,1
DA:120,1
DA:121,1
DA:122,1
DA:125,1
DA:126,0
DA:128,0
DA:129,0
DA:130,0
DA:131,0
DA:136,1
DA:137,5
DA:141,1
DA:143,1
DA:144,1
DA:146,1
DA:147,0
DA:148,1
DA:149,1
DA:153,1
DA:155,1
DA:161,21
DA:162,21
DA:167,0
DA:170,21
DA:171,18
DA:173,18
DA:174,0
DA:175,0
DA:177,18
DA:181,21
DA:182,3
DA:183,3
DA:184,3
DA:185,3
DA:187,21
DA:190,3
DA:191,3
DA:192,3
DA:194,3
DA:195,3
DA:197,0
LF:53
LH:37
BRDA:111,0,0,0
BRDA:111,0,1,0
BRDA:125,1,0,0
BRDA:125,1,1,1
BRDA:128,2,0,0
BRDA:128,2,1,0
BRDA:130,3,0,0
BRDA:130,3,1,0
BRDA:143,4,0,1
BRDA:143,4,1,0
BRDA:146,5,0,0
BRDA:146,5,1,1
BRDA:148,6,0,1
BRDA:148,6,1,0
BRDA:170,7,0,18
BRDA:170,7,1,3
BRDA:173,8,0,0
BRDA:173,8,1,18
BRDA:181,9,0,3
BRDA:181,9,1,18
BRDA:194,10,0,3
BRDA:194,10,1,0
BRDA:194,11,0,3
BRDA:194,11,1,2
BRDA:194,11,2,1
BRF:25
BRH:13
end_of_record
TN:
SF:/alt/src.d/nf2/admin/admin-client/src/components/core/SimpleTable.vue
FN:98,(anonymous_1)
FN:129,closeExtraContent
FN:142,(anonymous_3)
FN:194,(anonymous_4)
FNF:4
FNH:1
FNDA:0,(anonymous_1)
FNDA:0,closeExtraContent
FNDA:0,(anonymous_3)
FNDA:14,(anonymous_4)
DA:48,2
DA:49,2
DA:95,2
DA:98,1
DA:100,0
DA:101,0
DA:103,0
DA:104,0
DA:107,0
DA:120,0
DA:129,1
DA:130,0
DA:142,1
DA:143,0
DA:146,1
DA:154,1
DA:158,1
DA:159,0
DA:160,0
DA:169,1
DA:176,1
DA:177,1
DA:183,0
DA:186,0
DA:192,2
DA:194,2
DA:195,14
DA:197,14
DA:198,14
DA:202,14
LF:30
LH:18
BRDA:103,0,0,0
BRDA:103,0,1,0
BRDA:158,1,0,0
BRDA:158,1,1,1
BRDA:176,2,0,1
BRDA:176,2,1,0
BRDA:176,3,0,1
BRDA:176,3,1,1
BRDA:192,4,0,0
BRDA:192,4,1,2
BRDA:195,5,0,0
BRDA:195,5,1,14
BRDA:198,6,0,14
BRDA:198,6,1,0
BRF:14
BRH:7
end_of_record
TN:
SF:/alt/src.d/nf2/admin/admin-client/src/components/core/editors/SimpleNumberEditor.vue
FN:57,(anonymous_1)
FN:90,(anonymous_2)
FNF:2
FNH:1
FNDA:0,(anonymous_1)
FNDA:2,(anonymous_2)
DA:26,2
DA:27,2
DA:38,0
DA:43,3
DA:53,0
DA:56,0
DA:57,0
DA:58,0
DA:59,0
DA:60,0
DA:62,0
DA:66,0
DA:70,0
DA:73,3
DA:74,2
DA:77,3
DA:80,2
DA:81,2
DA:83,2
DA:84,1
DA:86,1
DA:87,1
DA:90,2
DA:91,2
DA:92,2
LF:25
LH:15
BRDA:56,0,0,0
BRDA:56,0,1,0
BRDA:58,1,0,0
BRDA:58,1,1,0
BRDA:58,2,0,0
BRDA:58,2,1,0
BRDA:72,3,0,1
BRDA:73,4,0,2
BRDA:73,4,1,1
BRDA:83,5,0,1
BRDA:83,5,1,1
BRF:11
BRH:5
end_of_record
TN:
SF:/alt/src.d/nf2/admin/admin-client/src/components/core/editors/SimpleSelectionEditor.vue
FNF:0
FNH:0
DA:8,1
DA:12,0
LF:2
LH:1
BRF:0
BRH:0
end_of_record
TN:
SF:/alt/src.d/nf2/admin/admin-client/src/components/core/editors/SimpleTextEditor.vue
FN:78,(anonymous_1)
FN:113,(anonymous_2)
FNF:2
FNH:1
FNDA:0,(anonymous_1)
FNDA:1,(anonymous_2)
DA:46,2
DA:48,2
DA:59,0
DA:64,2
DA:74,0
DA:77,0
DA:78,0
DA:79,0
DA:80,0
DA:81,0
DA:83,0
DA:87,0
DA:91,0
DA:94,2
DA:95,1
DA:98,2
DA:101,1
DA:102,1
DA:104,1
DA:106,1
DA:107,1
DA:109,1
DA:110,1
DA:113,1
DA:114,1
DA:115,1
LF:26
LH:16
BRDA:77,0,0,0
BRDA:77,0,1,0
BRDA:79,1,0,0
BRDA:79,1,1,0
BRDA:79,2,0,0
BRDA:79,2,1,0
BRDA:93,3,0,1
BRDA:94,4,0,1
BRDA:94,4,1,1
BRDA:106,5,0,1
BRDA:106,5,1,0
BRDA:106,6,0,1
BRDA:106,6,1,1
BRF:13
BRH:6
end_of_record
TN:
SF:/alt/src.d/nf2/admin/admin-client/src/components/global/SimplePopover.vue
FN:40,(anonymous_1)
FN:47,(anonymous_2)
FN:64,(anonymous_3)
FN:70,(anonymous_4)
FN:79,(anonymous_5)
FN:85,(anonymous_6)
FNF:6
FNH:6
FNDA:6,(anonymous_1)
FNDA:6,(anonymous_2)
FNDA:2,(anonymous_3)
FNDA:2,(anonymous_4)
FNDA:2,(anonymous_5)
FNDA:6,(anonymous_6)
DA:11,1
DA:41,6
DA:48,6
DA:65,2
DA:71,2
DA:80,2
DA:85,6
DA:86,6
DA:99,6
DA:100,6
LF:10
LH:10
BRDA:95,0,0,2
BRDA:95,0,1,4
BRF:2
BRH:2
end_of_record
TN:
SF:/alt/src.d/nf2/admin/admin-client/src/components/global/layout/NavMenu.vue
FN:96,(anonymous_1)
FN:100,(anonymous_2)
FN:141,(anonymous_3)
FNF:3
FNH:2
FNDA:8,(anonymous_1)
FNDA:6,(anonymous_2)
FNDA:0,(anonymous_3)
DA:43,1
DA:85,1
DA:93,1
DA:94,1
DA:96,1
DA:97,8
DA:98,5
DA:99,5
DA:100,3
DA:101,6
DA:102,0
DA:108,1
DA:113,5
DA:122,5
DA:123,0
DA:124,0
DA:126,5
DA:130,6
DA:133,0
DA:137,1
DA:138,1
DA:141,1
DA:142,0
LF:23
LH:18
BRDA:97,0,0,5
BRDA:97,0,1,3
BRDA:99,1,0,3
BRDA:99,1,1,2
BRDA:101,2,0,0
BRDA:101,2,1,6
BRDA:117,3,0,5
BRDA:117,3,1,0
BRDA:118,4,0,5
BRDA:118,4,1,2
BRDA:119,5,0,5
BRDA:119,5,1,5
BRDA:120,6,0,5
BRDA:120,6,1,5
BRDA:122,7,0,0
BRDA:122,7,1,5
BRDA:130,8,0,6
BRDA:130,8,1,6
BRDA:138,9,0,1
BRDA:138,9,1,0
BRDA:142,10,0,0
BRDA:142,10,1,0
BRF:22
BRH:16
end_of_record
TN:
SF:/alt/src.d/nf2/admin/admin-client/src/components/global/layout/PageContent.vue
FNF:0
FNH:0
DA:8,1
DA:14,1
LF:2
LH:2
BRDA:14,0,0,1
BRDA:14,0,1,0
BRF:2
BRH:1
end_of_record
TN:
SF:/alt/src.d/nf2/admin/admin-client/src/components/global/layout/PageHeader.vue
FNF:0
FNH:0
DA:27,1
DA:28,1
DA:40,1
DA:43,1
DA:48,1
LF:5
LH:5
BRDA:40,0,0,1
BRDA:40,0,1,0
BRDA:43,1,0,1
BRDA:43,1,1,1
BRDA:43,1,2,1
BRF:5
BRH:4
end_of_record
TN:
SF:/alt/src.d/nf2/admin/admin-client/src/components/global/layout/PageLayout.vue
FNF:0
FNH:0
DA:12,1
LF:1
LH:1
BRF:0
BRH:0
end_of_record
TN:
SF:/alt/src.d/nf2/admin/admin-client/src/components/global/layout/ThreeColumnsLayout.vue
FNF:0
FNH:0
DA:55,1
LF:1
LH:1
BRF:0
BRH:0
end_of_record
TN:
SF:/alt/src.d/nf2/admin/admin-client/src/components/global/layout/TwoColumnsLayout.vue
FNF:0
FNH:0
DA:39,1
LF:1
LH:1
BRF:0
BRH:0
end_of_record
TN:
SF:/alt/src.d/nf2/admin/admin-client/src/components/global/ui/CustomSvgIcon.vue
FNF:0
FNH:0
DA:6,1
DA:33,2
DA:36,2
DA:43,1
DA:46,1
DA:47,1
DA:53,1
DA:54,1
DA:58,1
LF:9
LH:9
BRDA:33,0,0,0
BRDA:33,0,1,2
BRDA:36,1,0,2
BRDA:36,1,1,0
BRDA:53,2,0,1
BRDA:53,2,1,0
BRF:6
BRH:3
end_of_record
TN:
SF:/alt/src.d/nf2/admin/admin-client/src/components/global/ui/DebugMessage.vue
FNF:0
FNH:0
DA:7,1
LF:1
LH:1
BRF:0
BRH:0
end_of_record
TN:
SF:/alt/src.d/nf2/admin/admin-client/src/components/layout/MultipleImportSummary.vue
FNF:0
FNH:0
DA:34,1
DA:59,0
LF:2
LH:1
BRDA:59,0,0,0
BRDA:59,0,1,0
BRF:2
BRH:0
end_of_record
TN:
SF:/alt/src.d/nf2/admin/admin-client/src/components/layout/ParentPage.vue
FNF:0
FNH:0
DA:7,1
LF:1
LH:1
BRF:0
BRH:0
end_of_record
TN:
SF:/alt/src.d/nf2/admin/admin-client/src/components/util/LoadingIndicator.vue
FNF:0
FNH:0
DA:12,3
DA:19,4
DA:24,5
LF:3
LH:3
BRF:0
BRH:0
end_of_record
TN:
SF:/alt/src.d/nf2/admin/admin-client/src/components/util/ToggleAccordions.vue
FN:26,(anonymous_1)
FNF:1
FNH:0
FNDA:0,(anonymous_1)
DA:8,1
DA:19,0
DA:25,0
DA:26,0
DA:27,0
DA:28,0
DA:29,0
DA:30,0
DA:31,0
DA:32,0
DA:36,0
LF:11
LH:1
BRDA:29,0,0,0
BRDA:29,0,1,0
BRDA:29,1,0,0
BRDA:29,1,1,0
BRDA:31,2,0,0
BRDA:31,2,1,0
BRDA:31,3,0,0
BRDA:31,3,1,0
BRDA:36,4,0,0
BRDA:36,4,1,0
BRF:10
BRH:0
end_of_record
TN:
SF:/alt/src.d/nf2/admin/admin-client/src/components/util/ValidationErrorList.vue
FNF:0
FNH:0
DA:10,1
LF:1
LH:1
BRF:0
BRH:0
end_of_record
TN:
SF:/alt/src.d/nf2/admin/admin-client/src/services/AdminClient.ts
FN:7,(anonymous_0)
FN:12,(anonymous_1)
FN:30,(anonymous_2)
FN:50,(anonymous_3)
FNF:4
FNH:1
FNDA:0,(anonymous_0)
FNDA:0,(anonymous_1)
FNDA:0,(anonymous_2)
FNDA:5,(anonymous_3)
DA:1,5
DA:4,5
DA:8,0
DA:9,0
DA:13,0
DA:15,0
DA:16,0
DA:20,0
DA:21,0
DA:24,0
DA:26,0
DA:31,0
DA:33,0
DA:34,0
DA:36,0
DA:37,0
DA:40,0
DA:42,0
DA:51,5
LF:19
LH:3
BRDA:20,0,0,0
BRDA:20,0,1,0
BRDA:36,1,0,0
BRDA:36,1,1,0
BRF:4
BRH:0
end_of_record
TN:
SF:/alt/src.d/nf2/admin/admin-client/src/services/Client.ts
FN:8,(anonymous_0)
FN:17,(anonymous_1)
FN:20,(anonymous_2)
FNF:3
FNH:1
FNDA:180,(anonymous_0)
FNDA:0,(anonymous_1)
FNDA:0,(anonymous_2)
DA:1,14
DA:2,14
DA:9,180
DA:11,180
DA:16,180
DA:18,0
DA:21,0
DA:22,0
LF:8
LH:5
BRF:0
BRH:0
end_of_record
TN:
SF:/alt/src.d/nf2/admin/admin-client/src/services/CoreClient.ts
FN:23,(anonymous_0)
FN:27,(anonymous_1)
FN:40,(anonymous_2)
FN:46,(anonymous_3)
FN:53,(anonymous_4)
FN:57,(anonymous_5)
FN:88,(anonymous_6)
FN:92,(anonymous_7)
FN:97,(anonymous_8)
FN:102,(anonymous_9)
FN:107,(anonymous_10)
FN:112,(anonymous_11)
FN:119,(anonymous_12)
FN:123,(anonymous_13)
FN:128,(anonymous_14)
FN:135,(anonymous_15)
FN:139,(anonymous_16)
FN:144,(anonymous_17)
FN:154,(anonymous_18)
FN:158,(anonymous_19)
FN:159,(anonymous_20)
FN:164,(anonymous_21)
FN:169,(anonymous_22)
FN:177,(anonymous_23)
FN:185,(anonymous_24)
FN:194,(anonymous_25)
FN:202,(anonymous_26)
FN:207,(anonymous_27)
FN:212,(anonymous_28)
FN:217,(anonymous_29)
FN:222,(anonymous_30)
FN:236,(anonymous_31)
FN:241,(anonymous_32)
FN:256,(anonymous_33)
FN:265,(anonymous_34)
FN:267,(anonymous_35)
FN:268,(anonymous_36)
FN:269,(anonymous_37)
FN:278,(anonymous_38)
FN:289,(anonymous_39)
FN:295,(anonymous_40)
FN:313,(anonymous_41)
FN:317,(anonymous_42)
FN:322,(anonymous_43)
FN:327,(anonymous_44)
FN:332,(anonymous_45)
FN:337,(anonymous_46)
FN:342,(anonymous_47)
FN:347,(anonymous_48)
FN:356,(anonymous_49)
FN:363,(anonymous_50)
FN:369,(anonymous_51)
FN:374,(anonymous_52)
FN:389,(anonymous_53)
FN:396,(anonymous_54)
FN:397,(anonymous_55)
FN:398,(anonymous_56)
FN:399,(anonymous_57)
FN:408,(anonymous_58)
FN:415,(anonymous_59)
FN:419,(anonymous_60)
FN:424,(anonymous_61)
FN:429,(anonymous_62)
FN:434,(anonymous_63)
FN:439,(anonymous_64)
FN:454,(anonymous_65)
FN:461,(anonymous_66)
FN:462,(anonymous_67)
FN:463,(anonymous_68)
FN:464,(anonymous_69)
FN:473,(anonymous_70)
FN:479,(anonymous_71)
FN:487,(anonymous_72)
FN:509,(anonymous_73)
FN:514,(anonymous_74)
FN:519,(anonymous_75)
FN:527,(anonymous_76)
FN:535,(anonymous_77)
FN:545,(anonymous_78)
FN:549,(anonymous_79)
FN:552,(anonymous_80)
FN:573,(anonymous_81)
FN:577,(anonymous_82)
FN:582,(anonymous_83)
FN:587,(anonymous_84)
FN:592,(anonymous_85)
FN:599,(anonymous_86)
FN:606,(anonymous_87)
FN:613,(anonymous_88)
FN:618,(anonymous_89)
FN:632,(anonymous_90)
FN:637,(anonymous_91)
FN:642,(anonymous_92)
FN:649,(anonymous_93)
FN:653,(anonymous_94)
FN:658,(anonymous_95)
FN:670,(anonymous_96)
FN:674,(anonymous_97)
FN:679,(anonymous_98)
FN:684,(anonymous_99)
FN:693,(anonymous_100)
FN:700,(anonymous_101)
FN:704,(anonymous_102)
FN:709,(anonymous_103)
FN:714,(anonymous_104)
FN:719,(anonymous_105)
FN:724,(anonymous_106)
FN:729,(anonymous_107)
FN:736,(anonymous_108)
FN:743,(anonymous_109)
FN:748,(anonymous_110)
FN:753,(anonymous_111)
FN:764,(anonymous_112)
FN:769,(anonymous_113)
FN:776,(anonymous_114)
FN:788,(anonymous_115)
FN:792,(anonymous_116)
FN:807,(anonymous_117)
FN:814,(anonymous_118)
FN:819,(anonymous_119)
FN:840,(anonymous_120)
FNF:121
FNH:14
FNDA:13,(anonymous_0)
FNDA:0,(anonymous_1)
FNDA:0,(anonymous_2)
FNDA:0,(anonymous_3)
FNDA:13,(anonymous_4)
FNDA:0,(anonymous_5)
FNDA:13,(anonymous_6)
FNDA:0,(anonymous_7)
FNDA:0,(anonymous_8)
FNDA:0,(anonymous_9)
FNDA:0,(anonymous_10)
FNDA:0,(anonymous_11)
FNDA:13,(anonymous_12)
FNDA:0,(anonymous_13)
FNDA:0,(anonymous_14)
FNDA:13,(anonymous_15)
FNDA:0,(anonymous_16)
FNDA:0,(anonymous_17)
FNDA:0,(anonymous_18)
FNDA:0,(anonymous_19)
FNDA:0,(anonymous_20)
FNDA:0,(anonymous_21)
FNDA:0,(anonymous_22)
FNDA:0,(anonymous_23)
FNDA:0,(anonymous_24)
FNDA:0,(anonymous_25)
FNDA:0,(anonymous_26)
FNDA:0,(anonymous_27)
FNDA:0,(anonymous_28)
FNDA:0,(anonymous_29)
FNDA:0,(anonymous_30)
FNDA:0,(anonymous_31)
FNDA:0,(anonymous_32)
FNDA:0,(anonymous_33)
FNDA:0,(anonymous_34)
FNDA:0,(anonymous_35)
FNDA:0,(anonymous_36)
FNDA:0,(anonymous_37)
FNDA:0,(anonymous_38)
FNDA:0,(anonymous_39)
FNDA:0,(anonymous_40)
FNDA:13,(anonymous_41)
FNDA:0,(anonymous_42)
FNDA:0,(anonymous_43)
FNDA:0,(anonymous_44)
FNDA:0,(anonymous_45)
FNDA:0,(anonymous_46)
FNDA:0,(anonymous_47)
FNDA:0,(anonymous_48)
FNDA:0,(anonymous_49)
FNDA:0,(anonymous_50)
FNDA:0,(anonymous_51)
FNDA:0,(anonymous_52)
FNDA:0,(anonymous_53)
FNDA:0,(anonymous_54)
FNDA:0,(anonymous_55)
FNDA:0,(anonymous_56)
FNDA:0,(anonymous_57)
FNDA:0,(anonymous_58)
FNDA:13,(anonymous_59)
FNDA:0,(anonymous_60)
FNDA:0,(anonymous_61)
FNDA:0,(anonymous_62)
FNDA:0,(anonymous_63)
FNDA:0,(anonymous_64)
FNDA:0,(anonymous_65)
FNDA:0,(anonymous_66)
FNDA:0,(anonymous_67)
FNDA:0,(anonymous_68)
FNDA:0,(anonymous_69)
FNDA:0,(anonymous_70)
FNDA:0,(anonymous_71)
FNDA:0,(anonymous_72)
FNDA:0,(anonymous_73)
FNDA:0,(anonymous_74)
FNDA:0,(anonymous_75)
FNDA:0,(anonymous_76)
FNDA:0,(anonymous_77)
FNDA:13,(anonymous_78)
FNDA:0,(anonymous_79)
FNDA:0,(anonymous_80)
FNDA:13,(anonymous_81)
FNDA:0,(anonymous_82)
FNDA:0,(anonymous_83)
FNDA:0,(anonymous_84)
FNDA:0,(anonymous_85)
FNDA:0,(anonymous_86)
FNDA:0,(anonymous_87)
FNDA:0,(anonymous_88)
FNDA:0,(anonymous_89)
FNDA:0,(anonymous_90)
FNDA:0,(anonymous_91)
FNDA:0,(anonymous_92)
FNDA:0,(anonymous_93)
FNDA:0,(anonymous_94)
FNDA:0,(anonymous_95)
FNDA:13,(anonymous_96)
FNDA:0,(anonymous_97)
FNDA:0,(anonymous_98)
FNDA:0,(anonymous_99)
FNDA:0,(anonymous_100)
FNDA:13,(anonymous_101)
FNDA:0,(anonymous_102)
FNDA:0,(anonymous_103)
FNDA:0,(anonymous_104)
FNDA:0,(anonymous_105)
FNDA:0,(anonymous_106)
FNDA:0,(anonymous_107)
FNDA:0,(anonymous_108)
FNDA:0,(anonymous_109)
FNDA:0,(anonymous_110)
FNDA:0,(anonymous_111)
FNDA:0,(anonymous_112)
FNDA:0,(anonymous_113)
FNDA:0,(anonymous_114)
FNDA:13,(anonymous_115)
FNDA:0,(anonymous_116)
FNDA:13,(anonymous_117)
FNDA:0,(anonymous_118)
FNDA:0,(anonymous_119)
FNDA:13,(anonymous_120)
DA:8,13
DA:9,13
DA:11,13
DA:19,13
DA:20,13
DA:24,13
DA:31,0
DA:32,0
DA:33,0
DA:36,0
DA:37,0
DA:41,0
DA:42,0
DA:43,0
DA:47,0
DA:48,0
DA:54,13
DA:62,0
DA:64,0
DA:65,0
DA:66,0
DA:68,0
DA:69,0
DA:73,0
DA:74,0
DA:77,0
DA:78,0
DA:79,0
DA:82,0
DA:83,0
DA:89,13
DA:93,0
DA:94,0
DA:98,0
DA:99,0
DA:103,0
DA:104,0
DA:108,0
DA:109,0
DA:113,0
DA:114,0
DA:120,13
DA:124,0
DA:125,0
DA:129,0
DA:130,0
DA:136,13
DA:140,0
DA:141,0
DA:148,0
DA:151,0
DA:155,0
DA:156,0
DA:158,0
DA:159,0
DA:160,0
DA:165,0
DA:166,0
DA:173,0
DA:174,0
DA:181,0
DA:182,0
DA:186,0
DA:187,0
DA:188,0
DA:190,0
DA:195,0
DA:199,0
DA:203,0
DA:204,0
DA:208,0
DA:209,0
DA:213,0
DA:214,0
DA:218,0
DA:219,0
DA:225,0
DA:226,0
DA:227,0
DA:229,0
DA:237,0
DA:238,0
DA:245,0
DA:252,0
DA:253,0
DA:261,0
DA:263,0
DA:265,0
DA:267,0
DA:268,0
DA:269,0
DA:271,0
DA:272,0
DA:275,0
DA:279,0
DA:285,0
DA:286,0
DA:293,0
DA:295,0
DA:296,0
DA:298,0
DA:299,0
DA:301,0
DA:304,0
DA:305,0
DA:308,0
DA:314,13
DA:318,0
DA:319,0
DA:323,0
DA:324,0
DA:328,0
DA:329,0
DA:333,0
DA:334,0
DA:338,0
DA:339,0
DA:343,0
DA:344,0
DA:348,0
DA:349,0
DA:350,0
DA:352,0
DA:353,0
DA:357,0
DA:360,0
DA:364,0
DA:365,0
DA:366,0
DA:368,0
DA:369,0
DA:370,0
DA:378,0
DA:385,0
DA:386,0
DA:390,0
DA:391,0
DA:395,0
DA:396,0
DA:397,0
DA:398,0
DA:399,0
DA:401,0
DA:402,0
DA:405,0
DA:409,0
DA:410,0
DA:416,13
DA:420,0
DA:421,0
DA:425,0
DA:426,0
DA:430,0
DA:431,0
DA:435,0
DA:436,0
DA:443,0
DA:450,0
DA:451,0
DA:455,0
DA:456,0
DA:460,0
DA:461,0
DA:462,0
DA:463,0
DA:464,0
DA:466,0
DA:467,0
DA:470,0
DA:474,0
DA:475,0
DA:478,0
DA:480,0
DA:484,0
DA:491,0
DA:492,0
DA:493,0
DA:498,0
DA:499,0
DA:505,0
DA:510,0
DA:511,0
DA:515,0
DA:516,0
DA:520,0
DA:524,0
DA:528,0
DA:532,0
DA:536,0
DA:540,0
DA:546,13
DA:550,0
DA:552,0
DA:554,0
DA:563,0
DA:564,0
DA:565,0
DA:568,0
DA:574,13
DA:578,0
DA:579,0
DA:583,0
DA:584,0
DA:588,0
DA:589,0
DA:595,0
DA:596,0
DA:602,0
DA:603,0
DA:609,0
DA:610,0
DA:614,0
DA:615,0
DA:623,0
DA:624,0
DA:625,0
DA:628,0
DA:629,0
DA:633,0
DA:634,0
DA:638,0
DA:639,0
DA:645,0
DA:646,0
DA:650,0
DA:654,0
DA:655,0
DA:659,0
DA:660,0
DA:661,0
DA:664,0
DA:665,0
DA:671,13
DA:675,0
DA:676,0
DA:680,0
DA:681,0
DA:689,0
DA:690,0
DA:694,0
DA:695,0
DA:701,13
DA:705,0
DA:706,0
DA:710,0
DA:711,0
DA:715,0
DA:716,0
DA:720,0
DA:721,0
DA:725,0
DA:726,0
DA:732,0
DA:733,0
DA:739,0
DA:740,0
DA:744,0
DA:745,0
DA:749,0
DA:750,0
DA:757,0
DA:761,0
DA:765,0
DA:766,0
DA:772,0
DA:773,0
DA:779,0
DA:783,0
DA:789,13
DA:793,0
DA:794,0
DA:808,13
DA:810,13
DA:811,13
DA:815,0
DA:816,0
DA:820,0
DA:821,0
DA:841,13
DA:842,13
DA:843,13
DA:844,13
DA:845,13
DA:846,13
DA:847,13
DA:848,13
DA:849,13
DA:850,13
DA:851,13
DA:852,13
DA:853,13
LF:291
LH:33
BRDA:23,0,0,13
BRDA:23,1,0,13
BRDA:32,2,0,0
BRDA:32,2,1,0
BRDA:32,3,0,0
BRDA:32,3,1,0
BRDA:53,4,0,13
BRDA:53,5,0,13
BRDA:64,6,0,0
BRDA:64,6,1,0
BRDA:65,7,0,0
BRDA:65,7,1,0
BRDA:68,8,0,0
BRDA:68,8,1,0
BRDA:73,9,0,0
BRDA:73,9,1,0
BRDA:77,10,0,0
BRDA:77,10,1,0
BRDA:88,11,0,13
BRDA:88,12,0,13
BRDA:119,13,0,13
BRDA:119,14,0,13
BRDA:135,15,0,13
BRDA:135,16,0,13
BRDA:139,17,0,0
BRDA:146,18,0,0
BRDA:271,19,0,0
BRDA:271,19,1,0
BRDA:296,20,0,0
BRDA:296,20,1,0
BRDA:301,21,0,0
BRDA:301,21,1,0
BRDA:301,21,2,0
BRDA:304,22,0,0
BRDA:304,22,1,0
BRDA:313,23,0,13
BRDA:313,24,0,13
BRDA:317,25,0,0
BRDA:347,26,0,0
BRDA:349,27,0,0
BRDA:349,27,1,0
BRDA:401,28,0,0
BRDA:401,28,1,0
BRDA:415,29,0,13
BRDA:415,30,0,13
BRDA:466,31,0,0
BRDA:466,31,1,0
BRDA:492,32,0,0
BRDA:492,32,1,0
BRDA:498,33,0,0
BRDA:498,33,1,0
BRDA:545,34,0,13
BRDA:545,35,0,13
BRDA:564,36,0,0
BRDA:564,36,1,0
BRDA:573,37,0,13
BRDA:573,38,0,13
BRDA:624,39,0,0
BRDA:624,39,1,0
BRDA:660,40,0,0
BRDA:660,40,1,0
BRDA:670,41,0,13
BRDA:670,42,0,13
BRDA:700,43,0,13
BRDA:700,44,0,13
BRDA:788,45,0,13
BRDA:788,46,0,13
BRDA:807,47,0,13
BRDA:807,48,0,13
BRF:69
BRH:26
end_of_record
TN:
SF:/alt/src.d/nf2/admin/admin-client/src/services/StorageClient.ts
FN:5,(anonymous_0)
FN:9,(anonymous_1)
FN:43,(anonymous_2)
FN:48,(anonymous_3)
FN:53,(anonymous_4)
FN:60,(anonymous_5)
FN:68,(anonymous_6)
FN:78,(anonymous_7)
FNF:8
FNH:2
FNDA:6,(anonymous_0)
FNDA:0,(anonymous_1)
FNDA:0,(anonymous_2)
FNDA:0,(anonymous_3)
FNDA:0,(anonymous_4)
FNDA:0,(anonymous_5)
FNDA:0,(anonymous_6)
FNDA:6,(anonymous_7)
DA:1,6
DA:6,6
DA:15,0
DA:17,0
DA:18,0
DA:19,0
DA:21,0
DA:22,0
DA:26,0
DA:27,0
DA:30,0
DA:31,0
DA:34,0
DA:35,0
DA:36,0
DA:39,0
DA:40,0
DA:44,0
DA:45,0
DA:49,0
DA:50,0
DA:54,0
DA:61,0
DA:62,0
DA:69,0
DA:70,0
DA:79,6
LF:27
LH:3
BRDA:5,0,0,6
BRDA:5,1,0,6
BRDA:17,2,0,0
BRDA:17,2,1,0
BRDA:18,3,0,0
BRDA:18,3,1,0
BRDA:21,4,0,0
BRDA:21,4,1,0
BRDA:26,5,0,0
BRDA:26,5,1,0
BRDA:30,6,0,0
BRDA:30,6,1,0
BRDA:34,7,0,0
BRDA:34,7,1,0
BRF:14
BRH:2
end_of_record
TN:
SF:/alt/src.d/nf2/admin/admin-client/src/store/ActionLogStore.ts
FN:10,(anonymous_0)
FN:18,(anonymous_1)
FN:22,(anonymous_2)
FN:61,(anonymous_3)
FN:64,(anonymous_4)
FNF:5
FNH:5
FNDA:6,(anonymous_0)
FNDA:6,(anonymous_1)
FNDA:6,(anonymous_2)
FNDA:1,(anonymous_3)
FNDA:1,(anonymous_4)
DA:1,6
DA:2,6
DA:10,6
DA:11,6
DA:12,6
DA:13,6
DA:14,6
DA:15,6
DA:18,6
DA:19,6
DA:22,6
DA:23,6
DA:24,6
DA:27,6
DA:29,1
DA:32,1
DA:35,1
DA:38,1
DA:41,1
DA:45,6
DA:47,1
DA:53,1
DA:54,1
DA:55,1
DA:56,1
DA:60,6
DA:62,1
DA:65,1
DA:69,6
LF:29
LH:29
BRDA:10,0,0,6
BRDA:10,0,1,6
BRDA:18,1,0,6
BRDA:18,1,1,6
BRDA:22,2,0,6
BRDA:22,2,1,6
BRF:6
BRH:6
end_of_record
TN:
SF:/alt/src.d/nf2/admin/admin-client/src/store/FeaturesStore.ts
FN:11,(anonymous_0)
FN:18,(anonymous_1)
FN:22,(anonymous_2)
FN:61,(anonymous_3)
FN:64,(anonymous_4)
FN:64,(anonymous_5)
FNF:6
FNH:5
FNDA:6,(anonymous_0)
FNDA:6,(anonymous_1)
FNDA:6,(anonymous_2)
FNDA:0,(anonymous_3)
FNDA:3,(anonymous_4)
FNDA:4,(anonymous_5)
DA:1,6
DA:2,6
DA:11,6
DA:12,6
DA:13,6
DA:14,6
DA:15,6
DA:18,6
DA:19,6
DA:22,6
DA:23,6
DA:26,6
DA:28,4
DA:31,1
DA:34,1
DA:37,1
DA:41,6
DA:43,1
DA:44,1
DA:46,1
DA:47,1
DA:48,1
DA:54,1
DA:55,1
DA:56,1
DA:60,6
DA:62,0
DA:64,3
DA:65,4
DA:69,6
LF:30
LH:29
BRDA:11,0,0,6
BRDA:11,0,1,6
BRDA:18,1,0,6
BRDA:18,1,1,6
BRDA:22,2,0,6
BRDA:22,2,1,6
BRDA:46,3,0,1
BRDA:46,3,1,0
BRDA:50,4,0,0
BRDA:50,4,1,1
BRF:10
BRH:8
end_of_record
TN:
SF:/alt/src.d/nf2/admin/admin-client/src/store/GeositesStore.ts
FN:13,(anonymous_0)
FN:32,(anonymous_1)
FN:55,(anonymous_2)
FN:64,(anonymous_3)
FN:72,(anonymous_4)
FN:91,(anonymous_5)
FN:94,(anonymous_6)
FN:105,(anonymous_7)
FN:114,(anonymous_8)
FN:198,(anonymous_9)
FN:222,(anonymous_10)
FN:274,(anonymous_11)
FN:284,(anonymous_12)
FN:317,(anonymous_13)
FN:329,(anonymous_14)
FN:343,(anonymous_15)
FN:352,(anonymous_16)
FN:371,(anonymous_17)
FN:374,(anonymous_18)
FN:377,(anonymous_19)
FN:377,(anonymous_20)
FN:378,(anonymous_21)
FN:380,(anonymous_22)
FN:381,(anonymous_23)
FN:386,(anonymous_24)
FN:390,(anonymous_25)
FN:390,(anonymous_26)
FN:392,(anonymous_27)
FN:395,(anonymous_28)
FN:395,(anonymous_29)
FN:404,(anonymous_30)
FN:406,(anonymous_31)
FN:410,(anonymous_32)
FN:425,(anonymous_33)
FNF:34
FNH:24
FNDA:6,(anonymous_0)
FNDA:6,(anonymous_1)
FNDA:6,(anonymous_2)
FNDA:5,(anonymous_3)
FNDA:13,(anonymous_4)
FNDA:0,(anonymous_5)
FNDA:0,(anonymous_6)
FNDA:2,(anonymous_7)
FNDA:3,(anonymous_8)
FNDA:3,(anonymous_9)
FNDA:3,(anonymous_10)
FNDA:1,(anonymous_11)
FNDA:1,(anonymous_12)
FNDA:2,(anonymous_13)
FNDA:5,(anonymous_14)
FNDA:5,(anonymous_15)
FNDA:6,(anonymous_16)
FNDA:1,(anonymous_17)
FNDA:1,(anonymous_18)
FNDA:1,(anonymous_19)
FNDA:1,(anonymous_20)
FNDA:2,(anonymous_21)
FNDA:0,(anonymous_22)
FNDA:0,(anonymous_23)
FNDA:0,(anonymous_24)
FNDA:1,(anonymous_25)
FNDA:1,(anonymous_26)
FNDA:2,(anonymous_27)
FNDA:1,(anonymous_28)
FNDA:0,(anonymous_29)
FNDA:0,(anonymous_30)
FNDA:0,(anonymous_31)
FNDA:0,(anonymous_32)
FNDA:0,(anonymous_33)
DA:1,6
DA:2,6
DA:13,6
DA:15,6
DA:16,6
DA:17,6
DA:18,6
DA:21,6
DA:22,6
DA:23,6
DA:26,6
DA:29,6
DA:32,6
DA:33,6
DA:35,6
DA:36,6
DA:38,6
DA:40,6
DA:42,6
DA:43,6
DA:44,6
DA:46,6
DA:47,6
DA:48,6
DA:49,6
DA:50,6
DA:52,6
DA:55,6
DA:56,6
DA:57,6
DA:58,6
DA:59,6
DA:62,6
DA:64,1
DA:65,5
DA:72,13
DA:73,7
DA:74,6
DA:76,1
DA:77,1
DA:89,0
DA:90,0
DA:92,0
DA:94,0
DA:95,0
DA:96,0
DA:97,0
DA:102,1
DA:105,1
DA:106,2
DA:113,3
DA:114,3
DA:117,3
DA:118,2
DA:120,1
DA:124,1
DA:132,0
DA:135,1
DA:138,1
DA:141,0
DA:145,6
DA:147,1
DA:148,1
DA:151,1
DA:152,1
DA:155,1
DA:156,1
DA:159,1
DA:160,1
DA:161,1
DA:164,1
DA:165,1
DA:168,1
DA:169,1
DA:176,1
DA:178,1
DA:179,1
DA:194,2
DA:196,2
DA:197,2
DA:198,3
DA:200,2
DA:201,1
DA:203,1
DA:216,3
DA:218,3
DA:219,2
DA:221,2
DA:223,3
DA:225,2
DA:226,1
DA:227,1
DA:232,1
DA:234,1
DA:235,1
DA:239,1
DA:241,1
DA:242,1
DA:246,1
DA:248,1
DA:249,1
DA:268,1
DA:269,1
DA:270,1
DA:271,1
DA:273,1
DA:275,1
DA:278,1
DA:282,1
DA:283,1
DA:285,1
DA:287,1
DA:288,1
DA:289,1
DA:292,1
DA:293,1
DA:296,1
DA:302,9
DA:303,9
DA:304,9
DA:305,9
DA:306,9
DA:308,9
DA:310,8
DA:311,3
DA:312,1
DA:315,3
DA:316,2
DA:317,2
DA:319,2
DA:320,1
DA:322,1
DA:327,8
DA:328,5
DA:329,5
DA:332,5
DA:333,2
DA:334,2
DA:337,5
DA:338,2
DA:341,5
DA:342,3
DA:344,5
DA:346,3
DA:348,3
DA:349,1
DA:351,2
DA:353,6
DA:356,2
DA:357,1
DA:358,1
DA:361,2
DA:370,6
DA:372,1
DA:375,1
DA:377,1
DA:378,2
DA:381,0
DA:383,0
DA:386,0
DA:388,0
DA:390,1
DA:391,1
DA:392,2
DA:393,0
DA:395,1
DA:399,0
DA:400,0
DA:401,0
DA:403,0
DA:404,0
DA:405,0
DA:406,0
DA:409,0
DA:411,0
DA:414,0
DA:415,0
DA:424,0
DA:425,0
DA:426,0
DA:434,0
DA:438,6
LF:182
LH:153
BRDA:13,0,0,6
BRDA:13,0,1,6
BRDA:32,1,0,6
BRDA:32,1,1,6
BRDA:55,2,0,6
BRDA:55,2,1,6
BRDA:73,3,0,6
BRDA:73,3,1,1
BRDA:95,4,0,0
BRDA:95,4,1,0
BRDA:117,5,0,2
BRDA:117,5,1,1
BRDA:178,6,0,1
BRDA:178,6,1,0
BRDA:196,7,0,2
BRDA:196,7,1,0
BRDA:200,8,0,1
BRDA:200,8,1,1
BRDA:218,9,0,2
BRDA:218,9,1,1
BRDA:225,10,0,1
BRDA:225,10,1,1
BRDA:234,11,0,1
BRDA:234,11,1,0
BRDA:241,12,0,1
BRDA:241,12,1,0
BRDA:248,13,0,1
BRDA:248,13,1,0
BRDA:282,14,0,1
BRDA:282,14,1,0
BRDA:287,15,0,1
BRDA:287,15,1,0
BRDA:292,16,0,1
BRDA:292,16,1,0
BRDA:302,17,0,9
BRDA:302,17,1,0
BRDA:308,18,0,8
BRDA:308,18,1,1
BRDA:310,19,0,3
BRDA:310,19,1,5
BRDA:311,20,0,1
BRDA:311,20,1,2
BRDA:315,21,0,2
BRDA:315,21,1,1
BRDA:319,22,0,1
BRDA:319,22,1,1
BRDA:327,23,0,5
BRDA:327,23,1,3
BRDA:332,24,0,2
BRDA:332,24,1,3
BRDA:337,25,0,2
BRDA:337,25,1,3
BRDA:341,26,0,3
BRDA:341,26,1,2
BRDA:348,27,0,1
BRDA:348,27,1,2
BRDA:356,28,0,1
BRDA:356,28,1,1
BRDA:391,29,0,1
BRDA:391,29,1,0
BRDA:403,30,0,0
BRDA:403,30,1,0
BRDA:414,31,0,0
BRDA:414,31,1,0
BRDA:424,32,0,0
BRDA:424,32,1,0
BRF:66
BRH:48
end_of_record
TN:
SF:/alt/src.d/nf2/admin/admin-client/src/store/GroupsStore.ts
FN:9,(anonymous_0)
FN:18,(anonymous_1)
FN:25,(anonymous_2)
FN:40,(anonymous_3)
FN:45,(anonymous_4)
FN:57,(anonymous_5)
FN:147,(anonymous_6)
FN:147,(anonymous_7)
FN:148,(anonymous_8)
FN:150,(anonymous_9)
FN:150,(anonymous_10)
FN:151,(anonymous_11)
FN:153,(anonymous_12)
FN:153,(anonymous_13)
FN:154,(anonymous_14)
FN:155,(anonymous_15)
FN:159,(anonymous_16)
FN:159,(anonymous_17)
FN:162,(anonymous_18)
FN:164,(anonymous_19)
FNF:20
FNH:19
FNDA:6,(anonymous_0)
FNDA:6,(anonymous_1)
FNDA:6,(anonymous_2)
FNDA:3,(anonymous_3)
FNDA:6,(anonymous_4)
FNDA:2,(anonymous_5)
FNDA:2,(anonymous_6)
FNDA:2,(anonymous_7)
FNDA:3,(anonymous_8)
FNDA:1,(anonymous_9)
FNDA:1,(anonymous_10)
FNDA:4,(anonymous_11)
FNDA:1,(anonymous_12)
FNDA:1,(anonymous_13)
FNDA:3,(anonymous_14)
FNDA:2,(anonymous_15)
FNDA:1,(anonymous_16)
FNDA:1,(anonymous_17)
FNDA:5,(anonymous_18)
FNDA:0,(anonymous_19)
DA:1,6
DA:2,6
DA:9,6
DA:10,6
DA:11,6
DA:18,6
DA:19,6
DA:20,6
DA:21,6
DA:22,6
DA:25,6
DA:26,6
DA:27,6
DA:28,6
DA:29,6
DA:30,6
DA:31,6
DA:32,6
DA:33,6
DA:34,6
DA:35,6
DA:38,6
DA:40,1
DA:41,3
DA:45,6
DA:46,5
DA:47,4
DA:49,1
DA:50,1
DA:54,1
DA:58,2
DA:63,1
DA:67,6
DA:69,1
DA:70,1
DA:73,1
DA:74,1
DA:77,1
DA:78,1
DA:79,1
DA:80,1
DA:84,1
DA:85,1
DA:86,1
DA:87,1
DA:97,2
DA:98,2
DA:99,2
DA:100,2
DA:101,2
DA:102,2
DA:104,1
DA:105,1
DA:107,1
DA:109,1
DA:110,1
DA:112,1
DA:114,0
DA:118,1
DA:120,1
DA:121,1
DA:123,1
DA:126,1
DA:127,1
DA:130,1
DA:134,1
DA:137,1
DA:138,1
DA:141,1
DA:142,1
DA:146,6
DA:147,2
DA:148,3
DA:150,1
DA:151,4
DA:153,1
DA:154,1
DA:155,3
DA:156,3
DA:159,1
DA:160,1
DA:161,1
DA:162,1
DA:163,5
DA:164,0
DA:167,1
DA:171,6
LF:87
LH:85
BRDA:9,0,0,6
BRDA:9,0,1,6
BRDA:18,1,0,6
BRDA:18,1,1,6
BRDA:25,2,0,6
BRDA:25,2,1,6
BRDA:46,3,0,4
BRDA:46,3,1,1
BRDA:78,4,0,1
BRDA:78,4,1,0
BRDA:85,5,0,1
BRDA:85,5,1,0
BRDA:103,6,0,1
BRDA:103,6,1,1
BRDA:103,6,2,0
BRDA:104,7,0,1
BRDA:104,7,1,0
BRDA:109,8,0,1
BRDA:109,8,1,0
BRDA:161,9,0,1
BRDA:161,9,1,0
BRDA:167,10,0,1
BRDA:167,10,1,0
BRF:23
BRH:16
end_of_record
TN:
SF:/alt/src.d/nf2/admin/admin-client/src/store/LocaleStore.ts
FN:10,(anonymous_0)
FN:18,(anonymous_1)
FN:52,(anonymous_2)
FN:52,(anonymous_3)
FN:53,(anonymous_4)
FNF:5
FNH:5
FNDA:6,(anonymous_0)
FNDA:6,(anonymous_1)
FNDA:1,(anonymous_2)
FNDA:1,(anonymous_3)
FNDA:4,(anonymous_4)
DA:1,6
DA:2,6
DA:10,6
DA:11,6
DA:12,6
DA:14,6
DA:15,6
DA:18,6
DA:19,6
DA:20,6
DA:23,6
DA:25,1
DA:28,1
DA:31,1
DA:34,1
DA:38,6
DA:40,1
DA:42,1
DA:45,1
DA:47,1
DA:51,6
DA:52,1
DA:53,4
DA:57,6
LF:24
LH:24
BRDA:10,0,0,6
BRDA:10,0,1,6
BRDA:18,1,0,6
BRDA:18,1,1,6
BRF:4
BRH:4
end_of_record
TN:
SF:/alt/src.d/nf2/admin/admin-client/src/store/PermissionsStore.ts
FN:15,(anonymous_0)
FN:22,(anonymous_1)
FN:48,(anonymous_2)
FN:53,(anonymous_3)
FN:69,(anonymous_4)
FN:137,(anonymous_5)
FN:161,(anonymous_6)
FN:161,(anonymous_7)
FN:162,(anonymous_8)
FN:168,(anonymous_9)
FN:168,(anonymous_10)
FN:169,(anonymous_11)
FN:180,(anonymous_12)
FN:180,(anonymous_13)
FN:181,(anonymous_14)
FN:189,(anonymous_15)
FN:192,(anonymous_16)
FN:203,(anonymous_17)
FN:203,(anonymous_18)
FN:204,(anonymous_19)
FNF:20
FNH:20
FNDA:6,(anonymous_0)
FNDA:6,(anonymous_1)
FNDA:3,(anonymous_2)
FNDA:6,(anonymous_3)
FNDA:2,(anonymous_4)
FNDA:1,(anonymous_5)
FNDA:1,(anonymous_6)
FNDA:1,(anonymous_7)
FNDA:4,(anonymous_8)
FNDA:1,(anonymous_9)
FNDA:1,(anonymous_10)
FNDA:4,(anonymous_11)
FNDA:1,(anonymous_12)
FNDA:1,(anonymous_13)
FNDA:4,(anonymous_14)
FNDA:1,(anonymous_15)
FNDA:1,(anonymous_16)
FNDA:1,(anonymous_17)
FNDA:1,(anonymous_18)
FNDA:4,(anonymous_19)
DA:1,6
DA:2,6
DA:5,6
DA:15,6
DA:16,6
DA:17,6
DA:18,6
DA:19,6
DA:22,6
DA:23,6
DA:24,6
DA:25,6
DA:26,6
DA:28,6
DA:29,6
DA:30,6
DA:31,6
DA:33,6
DA:34,6
DA:35,6
DA:36,6
DA:38,6
DA:39,6
DA:40,6
DA:43,6
DA:48,1
DA:49,3
DA:53,6
DA:54,5
DA:55,4
DA:57,1
DA:58,1
DA:66,1
DA:70,2
DA:75,1
DA:79,6
DA:81,1
DA:82,1
DA:85,1
DA:86,1
DA:89,1
DA:90,1
DA:93,1
DA:94,1
DA:98,1
DA:99,1
DA:102,1
DA:103,1
DA:108,1
DA:111,1
DA:112,1
DA:115,1
DA:116,1
DA:120,1
DA:124,1
DA:125,1
DA:128,1
DA:129,1
DA:132,1
DA:133,1
DA:136,1
DA:137,1
DA:138,1
DA:141,1
DA:144,1
DA:145,1
DA:148,1
DA:149,1
DA:152,1
DA:156,1
DA:160,6
DA:161,1
DA:162,1
DA:163,4
DA:166,1
DA:168,1
DA:169,1
DA:170,4
DA:172,4
DA:173,4
DA:175,4
DA:178,1
DA:180,1
DA:181,1
DA:182,4
DA:183,4
DA:185,4
DA:188,1
DA:189,1
DA:191,1
DA:192,1
DA:195,1
DA:196,0
DA:197,1
DA:198,1
DA:200,0
DA:203,1
DA:204,1
DA:205,4
DA:210,6
LF:100
LH:98
BRDA:15,0,0,6
BRDA:15,0,1,6
BRDA:22,1,0,6
BRDA:22,1,1,6
BRDA:54,2,0,4
BRDA:54,2,1,1
BRDA:163,3,0,4
BRDA:163,3,1,4
BRDA:170,4,0,4
BRDA:170,4,1,4
BRDA:175,5,0,4
BRDA:175,5,1,1
BRDA:175,5,2,1
BRDA:178,6,0,1
BRDA:178,6,1,0
BRDA:182,7,0,4
BRDA:182,7,1,4
BRDA:185,8,0,4
BRDA:185,8,1,1
BRDA:195,9,0,0
BRDA:195,9,1,1
BRDA:197,10,0,1
BRDA:197,10,1,0
BRDA:205,11,0,4
BRDA:205,11,1,4
BRF:25
BRH:22
end_of_record
TN:
SF:/alt/src.d/nf2/admin/admin-client/src/store/PersonasStore.ts
FN:19,(anonymous_0)
FN:36,(anonymous_1)
FN:51,(anonymous_2)
FN:74,(anonymous_3)
FN:88,(anonymous_4)
FN:94,(anonymous_5)
FN:118,(anonymous_6)
FN:225,(anonymous_7)
FN:225,(anonymous_8)
FN:227,(anonymous_9)
FN:231,(anonymous_10)
FN:231,(anonymous_11)
FN:239,(anonymous_12)
FN:242,(anonymous_13)
FNF:14
FNH:14
FNDA:6,(anonymous_0)
FNDA:6,(anonymous_1)
FNDA:6,(anonymous_2)
FNDA:3,(anonymous_3)
FNDA:1,(anonymous_4)
FNDA:6,(anonymous_5)
FNDA:2,(anonymous_6)
FNDA:5,(anonymous_7)
FNDA:1,(anonymous_8)
FNDA:2,(anonymous_9)
FNDA:1,(anonymous_10)
FNDA:1,(anonymous_11)
FNDA:4,(anonymous_12)
FNDA:16,(anonymous_13)
DA:1,6
DA:2,6
DA:4,6
DA:6,6
DA:19,6
DA:20,6
DA:21,6
DA:22,6
DA:23,6
DA:25,6
DA:26,6
DA:28,6
DA:29,6
DA:31,6
DA:33,6
DA:36,6
DA:37,6
DA:38,6
DA:39,6
DA:40,6
DA:41,6
DA:42,6
DA:43,6
DA:44,6
DA:45,6
DA:46,6
DA:47,6
DA:48,6
DA:51,6
DA:52,6
DA:53,6
DA:54,6
DA:55,6
DA:56,6
DA:66,6
DA:68,1
DA:71,1
DA:74,3
DA:75,2
DA:76,1
DA:77,1
DA:83,1
DA:88,1
DA:89,1
DA:90,1
DA:93,1
DA:94,6
DA:95,1
DA:96,1
DA:99,1
DA:106,1
DA:109,1
DA:112,1
DA:115,1
DA:119,2
DA:124,1
DA:127,1
DA:131,6
DA:133,2
DA:134,2
DA:135,1
DA:136,1
DA:138,1
DA:142,1
DA:143,1
DA:146,1
DA:147,1
DA:150,1
DA:151,1
DA:154,1
DA:158,1
DA:161,1
DA:165,1
DA:168,1
DA:171,1
DA:172,1
DA:174,1
DA:177,1
DA:178,1
DA:181,1
DA:182,1
DA:185,1
DA:186,1
DA:194,5
DA:195,5
DA:196,5
DA:197,5
DA:198,5
DA:200,1
DA:201,1
DA:203,1
DA:204,1
DA:205,1
DA:207,1
DA:208,1
DA:209,1
DA:211,1
DA:212,1
DA:214,1
DA:215,1
DA:217,1
DA:219,0
DA:224,6
DA:225,5
DA:226,1
DA:227,2
DA:229,1
DA:231,1
DA:232,1
DA:236,1
DA:237,1
DA:239,1
DA:240,4
DA:242,4
DA:244,16
DA:245,16
DA:246,16
DA:248,16
DA:249,1
DA:250,1
DA:254,4
DA:255,3
DA:259,1
DA:266,6
LF:124
LH:123
BRDA:19,0,0,6
BRDA:19,0,1,6
BRDA:36,1,0,6
BRDA:36,1,1,6
BRDA:51,2,0,6
BRDA:51,2,1,6
BRDA:75,3,0,1
BRDA:75,3,1,1
BRDA:199,4,0,1
BRDA:199,4,1,1
BRDA:199,4,2,1
BRDA:199,4,3,1
BRDA:199,4,4,1
BRDA:199,4,5,0
BRDA:214,5,0,1
BRDA:214,5,1,0
BRDA:248,6,0,1
BRDA:248,6,1,15
BRDA:248,7,0,16
BRDA:248,7,1,4
BRDA:248,7,2,4
BRDA:254,8,0,3
BRDA:254,8,1,1
BRF:23
BRH:21
end_of_record
TN:
SF:/alt/src.d/nf2/admin/admin-client/src/store/QuarantinesStore.ts
FN:11,(anonymous_0)
FN:20,(anonymous_1)
FN:27,(anonymous_2)
FN:53,(anonymous_3)
FN:126,(anonymous_4)
FN:126,(anonymous_5)
FN:127,(anonymous_6)
FNF:7
FNH:7
FNDA:6,(anonymous_0)
FNDA:6,(anonymous_1)
FNDA:6,(anonymous_2)
FNDA:3,(anonymous_3)
FNDA:1,(anonymous_4)
FNDA:1,(anonymous_5)
FNDA:4,(anonymous_6)
DA:1,6
DA:2,6
DA:4,6
DA:11,6
DA:12,6
DA:13,6
DA:14,6
DA:15,6
DA:16,6
DA:17,6
DA:20,6
DA:21,6
DA:22,6
DA:23,6
DA:24,6
DA:25,6
DA:27,6
DA:28,6
DA:29,6
DA:36,6
DA:38,1
DA:41,1
DA:44,1
DA:47,1
DA:50,1
DA:53,3
DA:54,1
DA:55,1
DA:57,0
DA:58,0
DA:63,6
DA:68,1
DA:75,1
DA:76,1
DA:77,1
DA:78,1
DA:81,1
DA:82,1
DA:83,1
DA:84,1
DA:87,1
DA:88,1
DA:89,1
DA:90,1
DA:92,0
DA:96,1
DA:97,1
DA:98,1
DA:99,1
DA:101,0
DA:110,2
DA:111,2
DA:112,2
DA:114,1
DA:115,1
DA:117,1
DA:118,1
DA:120,0
DA:125,6
DA:126,1
DA:127,4
DA:131,6
LF:62
LH:57
BRDA:11,0,0,6
BRDA:11,0,1,6
BRDA:20,1,0,6
BRDA:20,1,1,6
BRDA:27,2,0,6
BRDA:27,2,1,6
BRDA:54,3,0,1
BRDA:54,3,1,0
BRDA:88,4,0,1
BRDA:88,4,1,0
BRDA:97,5,0,1
BRDA:97,5,1,0
BRDA:113,6,0,1
BRDA:113,6,1,1
BRDA:113,6,2,0
BRF:15
BRH:11
end_of_record
TN:
SF:/alt/src.d/nf2/admin/admin-client/src/store/RoutesStore.ts
FN:16,(anonymous_0)
FN:23,(anonymous_1)
FN:24,(anonymous_2)
FNF:3
FNH:3
FNDA:5,(anonymous_0)
FNDA:3,(anonymous_1)
FNDA:4,(anonymous_2)
DA:10,5
DA:16,5
DA:17,5
DA:18,5
DA:21,5
DA:23,1
DA:24,4
DA:25,3
DA:26,2
DA:28,1
DA:29,1
DA:34,1
DA:38,5
DA:40,5
DA:42,5
LF:15
LH:15
BRDA:16,0,0,5
BRDA:16,0,1,5
BRDA:25,1,0,2
BRDA:25,1,1,1
BRF:4
BRH:4
end_of_record
TN:
SF:/alt/src.d/nf2/admin/admin-client/src/store/SettingsStore.ts
FN:12,(anonymous_0)
FN:19,(anonymous_1)
FN:31,(anonymous_2)
FN:37,(anonymous_3)
FN:52,(anonymous_4)
FN:89,(anonymous_5)
FN:110,(anonymous_6)
FN:150,(anonymous_7)
FN:150,(anonymous_8)
FN:153,(anonymous_9)
FN:153,(anonymous_10)
FN:154,(anonymous_11)
FN:158,(anonymous_12)
FN:158,(anonymous_13)
FN:160,(anonymous_14)
FN:167,(anonymous_15)
FNF:16
FNH:16
FNDA:5,(anonymous_0)
FNDA:5,(anonymous_1)
FNDA:4,(anonymous_2)
FNDA:6,(anonymous_3)
FNDA:3,(anonymous_4)
FNDA:4,(anonymous_5)
FNDA:3,(anonymous_6)
FNDA:1,(anonymous_7)
FNDA:1,(anonymous_8)
FNDA:1,(anonymous_9)
FNDA:1,(anonymous_10)
FNDA:2,(anonymous_11)
FNDA:1,(anonymous_12)
FNDA:1,(anonymous_13)
FNDA:4,(anonymous_14)
FNDA:1,(anonymous_15)
DA:2,5
DA:3,5
DA:4,5
DA:6,5
DA:12,5
DA:13,5
DA:14,5
DA:15,5
DA:16,5
DA:19,5
DA:20,5
DA:21,5
DA:22,5
DA:23,5
DA:25,5
DA:26,5
DA:28,5
DA:31,5
DA:37,4
DA:38,6
DA:39,6
DA:40,6
DA:42,6
DA:43,0
DA:46,6
DA:50,5
DA:52,1
DA:53,3
DA:59,3
DA:60,3
DA:62,0
DA:67,1
DA:74,1
DA:75,1
DA:77,0
DA:78,0
DA:86,1
DA:90,4
DA:91,4
DA:93,4
DA:94,1
DA:96,3
DA:102,1
DA:106,5
DA:108,1
DA:110,1
DA:111,3
DA:114,1
DA:117,1
DA:118,1
DA:121,1
DA:122,1
DA:125,1
DA:126,1
DA:129,1
DA:130,1
DA:133,1
DA:140,1
DA:141,1
DA:145,1
DA:149,5
DA:150,1
DA:151,1
DA:153,1
DA:154,1
DA:155,2
DA:158,1
DA:159,1
DA:161,4
DA:162,4
DA:163,4
DA:165,4
DA:168,1
DA:169,1
DA:171,1
DA:172,0
DA:174,1
DA:175,0
DA:177,1
DA:182,5
LF:80
LH:74
BRDA:12,0,0,5
BRDA:12,0,1,5
BRDA:19,1,0,5
BRDA:19,1,1,5
BRDA:42,2,0,0
BRDA:42,2,1,6
BRDA:42,3,0,6
BRDA:42,3,1,6
BRDA:46,4,0,6
BRDA:46,4,1,0
BRDA:46,4,2,0
BRDA:59,5,0,3
BRDA:59,5,1,0
BRDA:74,6,0,1
BRDA:74,6,1,0
BRDA:93,7,0,1
BRDA:93,7,1,3
BRDA:93,8,0,4
BRDA:93,8,1,1
BRDA:140,9,0,1
BRDA:140,9,1,0
BRDA:158,10,0,0
BRDA:162,11,0,4
BRDA:162,11,1,0
BRDA:165,12,0,4
BRDA:165,12,1,4
BRDA:171,13,0,0
BRDA:171,13,1,1
BRDA:174,14,0,0
BRDA:174,14,1,1
BRF:30
BRH:20
end_of_record
TN:
SF:/alt/src.d/nf2/admin/admin-client/src/store/TenantsStore.ts
FN:10,(anonymous_0)
FN:15,(anonymous_1)
FNF:2
FNH:2
FNDA:6,(anonymous_0)
FNDA:6,(anonymous_1)
DA:1,6
DA:2,6
DA:10,6
DA:11,6
DA:12,6
DA:15,6
DA:16,6
DA:19,6
DA:21,1
DA:24,1
DA:28,6
DA:30,1
DA:32,1
DA:33,1
DA:37,6
DA:39,6
LF:16
LH:16
BRDA:10,0,0,6
BRDA:10,0,1,6
BRDA:15,1,0,6
BRDA:15,1,1,6
BRF:4
BRH:4
end_of_record
TN:
SF:/alt/src.d/nf2/admin/admin-client/src/store/UsersStore.ts
FN:18,(anonymous_0)
FN:33,(anonymous_1)
FN:55,(anonymous_2)
FN:72,(anonymous_3)
FN:80,(anonymous_4)
FN:92,(anonymous_5)
FN:163,(anonymous_6)
FN:267,(anonymous_7)
FN:267,(anonymous_8)
FN:268,(anonymous_9)
FN:271,(anonymous_10)
FN:271,(anonymous_11)
FN:283,(anonymous_12)
FN:283,(anonymous_13)
FN:284,(anonymous_14)
FN:287,(anonymous_15)
FN:287,(anonymous_16)
FN:290,(anonymous_17)
FN:290,(anonymous_18)
FN:295,(anonymous_19)
FN:300,(anonymous_20)
FN:300,(anonymous_21)
FN:308,(anonymous_22)
FN:312,(anonymous_23)
FN:315,(anonymous_24)
FN:330,(anonymous_25)
FN:341,(anonymous_26)
FN:346,(anonymous_27)
FN:349,(anonymous_28)
FN:354,(anonymous_29)
FN:368,(anonymous_30)
FN:371,(anonymous_31)
FN:372,(anonymous_32)
FNF:33
FNH:31
FNDA:5,(anonymous_0)
FNDA:5,(anonymous_1)
FNDA:5,(anonymous_2)
FNDA:3,(anonymous_3)
FNDA:6,(anonymous_4)
FNDA:2,(anonymous_5)
FNDA:3,(anonymous_6)
FNDA:1,(anonymous_7)
FNDA:1,(anonymous_8)
FNDA:2,(anonymous_9)
FNDA:1,(anonymous_10)
FNDA:1,(anonymous_11)
FNDA:1,(anonymous_12)
FNDA:1,(anonymous_13)
FNDA:2,(anonymous_14)
FNDA:2,(anonymous_15)
FNDA:3,(anonymous_16)
FNDA:1,(anonymous_17)
FNDA:1,(anonymous_18)
FNDA:1,(anonymous_19)
FNDA:1,(anonymous_20)
FNDA:1,(anonymous_21)
FNDA:0,(anonymous_22)
FNDA:0,(anonymous_23)
FNDA:4,(anonymous_24)
FNDA:1,(anonymous_25)
FNDA:4,(anonymous_26)
FNDA:2,(anonymous_27)
FNDA:1,(anonymous_28)
FNDA:1,(anonymous_29)
FNDA:1,(anonymous_30)
FNDA:1,(anonymous_31)
FNDA:3,(anonymous_32)
DA:1,5
DA:2,5
DA:4,5
DA:18,5
DA:19,5
DA:20,5
DA:21,5
DA:22,5
DA:23,5
DA:25,5
DA:26,5
DA:28,5
DA:29,5
DA:30,5
DA:33,5
DA:34,5
DA:35,5
DA:36,5
DA:37,5
DA:38,5
DA:39,5
DA:40,5
DA:41,5
DA:42,5
DA:43,5
DA:44,5
DA:46,5
DA:47,5
DA:49,5
DA:50,5
DA:52,5
DA:55,5
DA:56,5
DA:57,5
DA:58,5
DA:59,5
DA:60,5
DA:61,5
DA:62,5
DA:63,5
DA:64,5
DA:65,5
DA:66,5
DA:67,5
DA:70,5
DA:72,1
DA:73,3
DA:77,2
DA:80,6
DA:81,5
DA:82,4
DA:84,1
DA:85,1
DA:89,1
DA:93,2
DA:98,1
DA:101,1
DA:104,1
DA:107,1
DA:110,1
DA:113,1
DA:117,5
DA:119,1
DA:120,1
DA:123,1
DA:124,1
DA:127,1
DA:128,1
DA:131,2
DA:134,2
DA:135,1
DA:137,1
DA:144,1
DA:146,1
DA:147,1
DA:151,1
DA:154,1
DA:157,7
DA:158,7
DA:160,7
DA:162,7
DA:163,1
DA:164,3
DA:168,1
DA:172,7
DA:175,1
DA:178,6
DA:181,6
DA:184,6
DA:185,6
DA:188,7
DA:189,4
DA:191,3
DA:194,7
DA:195,2
DA:197,5
DA:204,2
DA:207,2
DA:210,1
DA:211,1
DA:214,1
DA:216,1
DA:219,1
DA:220,1
DA:224,1
DA:227,1
DA:228,1
DA:232,1
DA:238,2
DA:239,2
DA:240,1
DA:243,1
DA:247,1
DA:248,1
DA:251,1
DA:252,1
DA:255,1
DA:258,1
DA:261,1
DA:262,1
DA:266,5
DA:267,1
DA:268,2
DA:269,1
DA:271,1
DA:272,1
DA:273,1
DA:276,1
DA:277,0
DA:279,1
DA:281,1
DA:283,1
DA:284,2
DA:285,1
DA:287,2
DA:288,3
DA:290,1
DA:291,1
DA:292,0
DA:294,1
DA:295,1
DA:297,1
DA:300,1
DA:301,1
DA:302,1
DA:304,1
DA:306,1
DA:307,1
DA:308,0
DA:311,1
DA:312,0
DA:315,1
DA:316,4
DA:319,4
DA:320,2
DA:322,2
DA:325,1
DA:327,0
DA:331,1
DA:340,1
DA:341,1
DA:342,4
DA:344,1
DA:347,2
DA:350,1
DA:351,1
DA:352,1
DA:355,1
DA:357,1
DA:358,0
DA:361,1
DA:362,1
DA:366,0
DA:369,1
DA:372,3
DA:376,5
LF:176
LH:169
BRDA:18,0,0,5
BRDA:18,0,1,5
BRDA:33,1,0,5
BRDA:33,1,1,5
BRDA:55,2,0,5
BRDA:55,2,1,5
BRDA:81,3,0,4
BRDA:81,3,1,1
BRDA:122,4,0,0
BRDA:134,5,0,1
BRDA:134,5,1,1
BRDA:162,6,0,1
BRDA:162,6,1,6
BRDA:162,7,0,7
BRDA:162,7,1,7
BRDA:172,8,0,1
BRDA:172,8,1,6
BRDA:175,9,0,1
BRDA:175,9,1,0
BRDA:179,10,0,1
BRDA:179,10,1,5
BRDA:182,11,0,1
BRDA:182,11,1,5
BRDA:184,12,0,3
BRDA:184,12,1,3
BRDA:185,13,0,2
BRDA:185,13,1,4
BRDA:188,14,0,4
BRDA:188,14,1,3
BRDA:194,15,0,2
BRDA:194,15,1,5
BRDA:239,16,0,1
BRDA:239,16,1,1
BRDA:271,17,0,0
BRDA:276,18,0,0
BRDA:276,18,1,1
BRDA:276,19,0,1
BRDA:276,19,1,1
BRDA:291,20,0,0
BRDA:291,20,1,1
BRDA:297,21,0,1
BRDA:297,21,1,0
BRDA:300,22,0,0
BRDA:304,23,0,1
BRDA:304,23,1,0
BRDA:306,24,0,1
BRDA:306,24,1,0
BRDA:306,25,0,1
BRDA:306,25,1,1
BRDA:307,26,0,0
BRDA:307,26,1,1
BRDA:311,27,0,0
BRDA:311,27,1,1
BRDA:319,28,0,2
BRDA:319,28,1,2
BRDA:319,29,0,4
BRDA:319,29,1,4
BRDA:347,30,0,2
BRDA:347,30,1,1
BRDA:351,31,0,1
BRDA:351,31,1,0
BRDA:357,32,0,0
BRDA:357,32,1,1
BRDA:361,33,0,1
BRDA:361,33,1,0
BRF:65
BRH:51
end_of_record
TN:
SF:/alt/src.d/nf2/admin/admin-client/src/store/store.ts
FNF:0
FNH:0
DA:1,4
DA:2,4
DA:4,4
DA:5,4
DA:6,4
DA:7,4
DA:8,4
DA:9,4
DA:10,4
DA:11,4
DA:12,4
DA:13,4
DA:14,4
DA:15,4
DA:17,4
LF:15
LH:15
BRF:0
BRH:0
end_of_record
TN:
SF:/alt/src.d/nf2/admin/admin-client/src/util/CsvParser.ts
FN:13,(anonymous_0)
FN:25,(anonymous_1)
FN:26,(anonymous_2)
FN:29,(anonymous_3)
FN:35,(anonymous_4)
FN:50,(anonymous_5)
FN:54,(anonymous_6)
FN:58,(anonymous_7)
FN:62,(anonymous_8)
FN:66,(anonymous_9)
FN:78,(anonymous_10)
FNF:11
FNH:7
FNDA:2,(anonymous_0)
FNDA:0,(anonymous_1)
FNDA:0,(anonymous_2)
FNDA:0,(anonymous_3)
FNDA:0,(anonymous_4)
FNDA:2,(anonymous_5)
FNDA:1,(anonymous_6)
FNDA:2,(anonymous_7)
FNDA:2,(anonymous_8)
FNDA:4,(anonymous_9)
FNDA:9,(anonymous_10)
DA:8,2
DA:10,2
DA:11,2
DA:14,2
DA:16,2
DA:17,0
DA:20,2
DA:21,0
DA:26,0
DA:27,0
DA:29,0
DA:31,0
DA:32,0
DA:35,0
DA:36,0
DA:37,0
DA:38,0
DA:39,0
DA:42,0
DA:43,0
DA:45,0
DA:51,2
DA:55,1
DA:59,2
DA:60,2
DA:62,2
DA:64,2
DA:65,2
DA:66,2
DA:67,4
DA:68,4
DA:69,4
DA:70,1
DA:74,1
DA:75,1
DA:78,4
DA:80,9
DA:82,9
DA:83,9
DA:85,1
DA:88,1
DA:89,1
DA:93,4
DA:96,2
DA:97,1
DA:100,2
DA:103,0
DA:104,0
DA:105,0
LF:49
LH:31
BRDA:16,0,0,0
BRDA:16,0,1,2
BRDA:20,1,0,0
BRDA:20,1,1,2
BRDA:42,2,0,0
BRDA:42,2,1,0
BRDA:55,3,0,1
BRDA:55,3,1,0
BRDA:69,4,0,1
BRDA:69,4,1,3
BRDA:96,5,0,1
BRDA:96,5,1,1
BRF:12
BRH:7
end_of_record
TN:
SF:/alt/src.d/nf2/admin/admin-client/src/util/Filters.ts
FN:4,(anonymous_0)
FN:6,(anonymous_1)
FN:10,(anonymous_2)
FN:18,(anonymous_3)
FN:22,(anonymous_4)
FN:25,(anonymous_5)
FNF:6
FNH:0
FNDA:0,(anonymous_0)
FNDA:0,(anonymous_1)
FNDA:0,(anonymous_2)
FNDA:0,(anonymous_3)
FNDA:0,(anonymous_4)
FNDA:0,(anonymous_5)
DA:1,0
DA:6,0
DA:7,0
DA:10,0
DA:11,0
DA:12,0
DA:14,0
DA:18,0
DA:19,0
DA:22,0
DA:23,0
DA:25,0
DA:26,0
LF:13
LH:0
BRDA:11,0,0,0
BRDA:11,0,1,0
BRDA:19,1,0,0
BRDA:19,1,1,0
BRDA:25,2,0,0
BRF:5
BRH:0
end_of_record
TN:
SF:/alt/src.d/nf2/admin/admin-client/src/util/Once.ts
FN:3,(anonymous_0)
FN:17,(anonymous_1)
FNF:2
FNH:1
FNDA:2,(anonymous_0)
FNDA:0,(anonymous_1)
DA:1,1
DA:3,1
DA:4,2
DA:5,1
DA:10,2
DA:11,1
DA:12,1
DA:18,0
LF:8
LH:7
BRDA:4,0,0,1
BRDA:4,0,1,1
BRDA:10,1,0,1
BRDA:10,1,1,1
BRF:4
BRH:4
end_of_record
TN:
SF:/alt/src.d/nf2/admin/admin-client/src/util/RouteHelper.ts
FN:4,(anonymous_0)
FNF:1
FNH:1
FNDA:5,(anonymous_0)
DA:5,5
DA:7,5
DA:10,5
DA:13,5
LF:4
LH:4
BRDA:5,0,0,5
BRDA:5,0,1,2
BRDA:8,1,0,3
BRDA:8,1,1,2
BRDA:11,2,0,3
BRDA:11,2,1,2
BRDA:14,3,0,3
BRDA:14,3,1,2
BRDA:16,4,0,3
BRDA:16,4,1,2
BRF:10
BRH:10
end_of_record
TN:
SF:/alt/src.d/nf2/admin/admin-client/src/util/Util.ts
FN:4,(anonymous_0)
FN:8,(anonymous_1)
FN:9,(anonymous_2)
FN:18,(anonymous_3)
FN:24,(anonymous_4)
FN:50,(anonymous_5)
FN:59,(anonymous_6)
FN:65,(anonymous_7)
FN:78,(anonymous_8)
FN:89,(anonymous_9)
FN:93,(anonymous_10)
FN:104,(anonymous_11)
FN:112,(anonymous_12)
FN:123,(anonymous_13)
FN:135,(anonymous_14)
FN:152,(anonymous_15)
FN:161,(anonymous_16)
FN:162,(anonymous_17)
FN:163,(anonymous_18)
FN:167,(anonymous_19)
FN:169,(anonymous_20)
FN:173,(anonymous_21)
FN:188,(anonymous_22)
FN:210,(anonymous_23)
FN:211,(anonymous_24)
FNF:25
FNH:15
FNDA:12,(anonymous_0)
FNDA:0,(anonymous_1)
FNDA:0,(anonymous_2)
FNDA:5,(anonymous_3)
FNDA:12,(anonymous_4)
FNDA:33,(anonymous_5)
FNDA:1,(anonymous_6)
FNDA:12,(anonymous_7)
FNDA:2,(anonymous_8)
FNDA:1,(anonymous_9)
FNDA:2,(anonymous_10)
FNDA:2,(anonymous_11)
FNDA:147,(anonymous_12)
FNDA:5,(anonymous_13)
FNDA:3,(anonymous_14)
FNDA:0,(anonymous_15)
FNDA:0,(anonymous_16)
FNDA:0,(anonymous_17)
FNDA:0,(anonymous_18)
FNDA:0,(anonymous_19)
FNDA:0,(anonymous_20)
FNDA:0,(anonymous_21)
FNDA:0,(anonymous_22)
FNDA:1,(anonymous_23)
FNDA:4,(anonymous_24)
DA:1,17
DA:2,17
DA:4,17
DA:5,12
DA:8,17
DA:9,0
DA:10,0
DA:11,0
DA:13,0
DA:19,5
DA:22,5
DA:23,3
DA:24,3
DA:25,12
DA:26,12
DA:27,12
DA:28,19
DA:30,12
DA:33,3
DA:35,2
DA:36,2
DA:37,2
DA:38,4
DA:40,2
DA:43,5
DA:45,0
DA:46,0
DA:51,33
DA:52,33
DA:54,0
DA:55,0
DA:60,1
DA:61,1
DA:62,1
DA:64,1
DA:65,12
DA:67,2
DA:68,1
DA:69,1
DA:71,1
DA:75,1
DA:77,1
DA:79,2
DA:80,1
DA:84,0
DA:85,0
DA:90,1
DA:91,1
DA:94,2
DA:95,1
DA:99,0
DA:100,0
DA:105,2
DA:110,17
DA:117,147
DA:118,147
DA:120,147
DA:121,2
DA:123,2
DA:124,5
DA:127,145
DA:130,1
DA:131,1
DA:136,3
DA:137,3
DA:139,3
DA:140,2
DA:142,1
DA:145,1
DA:148,1
DA:153,0
DA:154,0
DA:156,0
DA:157,0
DA:162,0
DA:163,0
DA:164,0
DA:167,0
DA:168,0
DA:169,0
DA:171,0
DA:172,0
DA:173,0
DA:180,0
DA:189,0
DA:190,0
DA:191,0
DA:192,0
DA:193,0
DA:194,0
DA:195,0
DA:196,0
DA:197,0
DA:198,0
DA:199,0
DA:200,0
DA:201,0
DA:203,0
DA:206,0
DA:211,1
DA:212,4
DA:213,4
DA:214,4
DA:215,4
DA:216,2
DA:217,2
DA:218,2
DA:220,0
DA:223,0
DA:224,0
DA:225,0
DA:226,0
LF:112
LH:66
BRDA:10,0,0,0
BRDA:10,0,1,0
BRDA:22,1,0,3
BRDA:22,1,1,2
BRDA:67,2,0,1
BRDA:67,2,1,1
BRDA:79,3,0,1
BRDA:79,3,1,1
BRDA:94,4,0,1
BRDA:94,4,1,1
BRDA:105,5,0,1
BRDA:105,5,1,1
BRDA:120,6,0,2
BRDA:120,6,1,145
BRDA:139,7,0,2
BRDA:139,7,1,1
BRDA:148,8,0,1
BRDA:148,8,1,0
BRDA:154,9,0,0
BRDA:154,9,1,0
BRDA:171,10,0,0
BRDA:171,10,1,0
BRDA:182,11,0,0
BRDA:182,11,1,0
BRDA:189,12,0,0
BRDA:189,12,1,0
BRDA:190,13,0,0
BRDA:190,13,1,0
BRDA:192,14,0,0
BRDA:192,14,1,0
BRDA:194,15,0,0
BRDA:194,15,1,0
BRDA:196,16,0,0
BRDA:196,16,1,0
BRDA:198,17,0,0
BRDA:198,17,1,0
BRDA:200,18,0,0
BRDA:200,18,1,0
BRDA:210,19,0,0
BRDA:212,20,0,4
BRDA:212,20,1,0
BRDA:215,21,0,2
BRDA:215,21,1,2
BRDA:217,22,0,2
BRDA:217,22,1,0
BRF:45
BRH:19
end_of_record
TN:
SF:/alt/src.d/nf2/admin/admin-client/src/util/features/FeatureFlag.ts
FN:5,(anonymous_0)
FN:6,(anonymous_1)
FN:9,(anonymous_2)
FNF:3
FNH:3
FNDA:3,(anonymous_0)
FNDA:21,(anonymous_1)
FNDA:19,(anonymous_2)
DA:1,1
DA:2,1
DA:6,3
DA:7,21
DA:9,19
DA:10,3
DA:11,1
DA:16,2
LF:8
LH:8
BRDA:10,0,0,1
BRDA:10,0,1,2
BRF:2
BRH:2
end_of_record
TN:
SF:/alt/src.d/nf2/admin/admin-client/src/util/roles/RoleAuthorization.ts
FN:6,(anonymous_0)
FN:13,(anonymous_1)
FN:17,(anonymous_2)
FN:19,(anonymous_3)
FNF:4
FNH:4
FNDA:2,(anonymous_0)
FNDA:8,(anonymous_1)
FNDA:8,(anonymous_2)
FNDA:3,(anonymous_3)
DA:2,3
DA:3,3
DA:8,2
DA:10,2
DA:11,2
DA:13,2
DA:14,8
DA:17,8
DA:19,2
DA:20,3
DA:23,2
LF:11
LH:11
BRDA:10,0,0,0
BRDA:10,0,1,2
BRDA:10,1,0,2
BRDA:10,1,1,2
BRDA:11,2,0,0
BRDA:11,2,1,2
BRDA:11,3,0,2
BRDA:11,3,1,2
BRDA:20,4,0,3
BRDA:20,4,1,2
BRF:10
BRH:8
end_of_record
TN:
SF:/alt/src.d/nf2/admin/admin-client/src/util/testing/FakeJQuery.ts
FN:14,(anonymous_0)
FN:26,(anonymous_1)
FNF:2
FNH:2
FNDA:5,(anonymous_0)
FNDA:53,(anonymous_1)
DA:6,11
DA:7,11
DA:8,11
DA:9,11
DA:10,11
DA:11,11
DA:12,11
DA:14,11
DA:15,5
DA:26,11
DA:27,53
LF:11
LH:11
BRF:0
BRH:0
end_of_record
TN:
SF:/alt/src.d/nf2/admin/admin-client/src/util/testing/Gimme.ts
FN:7,(anonymous_0)
FN:10,(anonymous_1)
FN:21,(anonymous_2)
FN:22,(anonymous_3)
FN:27,(anonymous_4)
FN:29,(anonymous_5)
FN:32,(anonymous_6)
FN:54,(anonymous_7)
FN:56,(anonymous_8)
FN:62,(anonymous_9)
FN:63,(anonymous_10)
FN:65,(anonymous_11)
FN:66,(anonymous_12)
FN:68,(anonymous_13)
FN:78,(anonymous_14)
FN:80,(anonymous_15)
FN:88,(anonymous_16)
FN:90,(anonymous_17)
FN:100,(anonymous_18)
FN:118,(anonymous_19)
FN:119,(anonymous_20)
FN:132,(anonymous_21)
FN:136,(anonymous_22)
FN:137,(anonymous_23)
FN:143,(anonymous_24)
FN:145,(anonymous_25)
FN:160,(anonymous_26)
FN:164,(anonymous_27)
FN:175,(anonymous_28)
FN:179,(anonymous_29)
FN:183,(anonymous_30)
FN:187,(anonymous_31)
FN:191,(anonymous_32)
FN:195,(anonymous_33)
FN:199,(anonymous_34)
FN:203,(anonymous_35)
FN:207,(anonymous_36)
FN:211,(anonymous_37)
FN:215,(anonymous_38)
FN:219,(anonymous_39)
FN:223,(anonymous_40)
FN:227,(anonymous_41)
FN:233,(anonymous_42)
FN:237,(anonymous_43)
FN:241,(anonymous_44)
FN:245,(anonymous_45)
FN:249,(anonymous_46)
FN:253,(anonymous_47)
FN:257,(anonymous_48)
FN:261,(anonymous_49)
FN:265,(anonymous_50)
FN:269,(anonymous_51)
FN:273,(anonymous_52)
FN:282,(anonymous_53)
FNF:54
FNH:42
FNDA:86,(anonymous_0)
FNDA:86,(anonymous_1)
FNDA:44,(anonymous_2)
FNDA:44,(anonymous_3)
FNDA:37,(anonymous_4)
FNDA:37,(anonymous_5)
FNDA:37,(anonymous_6)
FNDA:87,(anonymous_7)
FNDA:87,(anonymous_8)
FNDA:0,(anonymous_9)
FNDA:0,(anonymous_10)
FNDA:10,(anonymous_11)
FNDA:10,(anonymous_12)
FNDA:10,(anonymous_13)
FNDA:55,(anonymous_14)
FNDA:0,(anonymous_15)
FNDA:0,(anonymous_16)
FNDA:40,(anonymous_17)
FNDA:10,(anonymous_18)
FNDA:22,(anonymous_19)
FNDA:22,(anonymous_20)
FNDA:0,(anonymous_21)
FNDA:11,(anonymous_22)
FNDA:0,(anonymous_23)
FNDA:0,(anonymous_24)
FNDA:0,(anonymous_25)
FNDA:10,(anonymous_26)
FNDA:0,(anonymous_27)
FNDA:13,(anonymous_28)
FNDA:0,(anonymous_29)
FNDA:26,(anonymous_30)
FNDA:23,(anonymous_31)
FNDA:22,(anonymous_32)
FNDA:7,(anonymous_33)
FNDA:17,(anonymous_34)
FNDA:19,(anonymous_35)
FNDA:7,(anonymous_36)
FNDA:1,(anonymous_37)
FNDA:0,(anonymous_38)
FNDA:12,(anonymous_39)
FNDA:0,(anonymous_40)
FNDA:1,(anonymous_41)
FNDA:16,(anonymous_42)
FNDA:4,(anonymous_43)
FNDA:14,(anonymous_44)
FNDA:10,(anonymous_45)
FNDA:14,(anonymous_46)
FNDA:8,(anonymous_47)
FNDA:5,(anonymous_48)
FNDA:3,(anonymous_49)
FNDA:2,(anonymous_50)
FNDA:3,(anonymous_51)
FNDA:4,(anonymous_52)
FNDA:10,(anonymous_53)
DA:2,10
DA:4,10
DA:7,86
DA:10,86
DA:17,10
DA:21,44
DA:22,44
DA:26,10
DA:27,37
DA:29,37
DA:32,37
DA:38,10
DA:54,87
DA:56,87
DA:61,10
DA:62,0
DA:63,0
DA:65,10
DA:66,10
DA:68,10
DA:72,10
DA:78,55
DA:80,0
DA:87,10
DA:88,0
DA:90,40
DA:98,10
DA:100,10
DA:106,10
DA:112,10
DA:118,22
DA:119,22
DA:131,10
DA:132,0
DA:136,11
DA:137,0
DA:142,10
DA:143,0
DA:145,0
DA:156,10
DA:160,10
DA:164,0
DA:171,10
DA:175,13
DA:179,0
DA:184,26
DA:188,23
DA:192,22
DA:196,7
DA:200,17
DA:204,19
DA:208,7
DA:212,1
DA:216,0
DA:220,12
DA:224,0
DA:228,1
DA:234,16
DA:238,4
DA:242,14
DA:246,10
DA:250,14
DA:254,8
DA:258,5
DA:262,3
DA:266,2
DA:270,3
DA:274,4
DA:283,10
DA:284,10
DA:286,10
LF:71
LH:59
BRF:0
BRH:0
end_of_record
TN:
SF:/alt/src.d/nf2/admin/admin-client/src/util/validation/CsvValidation.ts
FN:8,(anonymous_0)
FN:15,(anonymous_1)
FN:29,(anonymous_2)
FNF:3
FNH:3
FNDA:9,(anonymous_0)
FNDA:3,(anonymous_1)
FNDA:28,(anonymous_2)
DA:2,2
DA:4,1
DA:5,1
DA:8,9
DA:9,5
DA:13,2
DA:15,3
DA:16,3
DA:17,3
DA:18,1
DA:20,2
DA:26,10
DA:29,28
DA:30,10
DA:34,2
DA:36,1
DA:39,3
DA:40,3
DA:44,2
LF:19
LH:19
BRDA:16,0,0,1
BRDA:16,0,1,2
BRDA:17,1,0,1
BRDA:17,1,1,2
BRDA:30,2,0,10
BRDA:30,2,1,4
BRF:6
BRH:6
end_of_record
